[ 2018-03-21T10:03:49+08:00 ] ::1 /thinkphpH/index.php/Home/User/register
INFO: [ app_init ] --START--
INFO: Run Behavior\BuildLiteBehavior [ RunTime:0.000000s ]
INFO: [ app_init ] --END-- [ RunTime:0.001000s ]
INFO: [ app_begin ] --START--
INFO: Run Behavior\ReadHtmlCacheBehavior [ RunTime:0.001000s ]
INFO: [ app_begin ] --END-- [ RunTime:0.001000s ]
INFO: [ view_parse ] --START--
INFO: [ template_filter ] --START--
INFO: Run Behavior\ContentReplaceBehavior [ RunTime:0.001000s ]
INFO: [ template_filter ] --END-- [ RunTime:0.001000s ]
INFO: Run Behavior\ParseTemplateBehavior [ RunTime:0.008000s ]
INFO: [ view_parse ] --END-- [ RunTime:0.008000s ]
INFO: [ view_filter ] --START--
INFO: Run Behavior\WriteHtmlCacheBehavior [ RunTime:0.000000s ]
INFO: [ view_filter ] --END-- [ RunTime:0.001000s ]
INFO: [ app_end ] --START--
INFO: Run Behavior\ShowPageTraceBehavior [ RunTime:0.000000s ]
INFO: [ app_end ] --END-- [ RunTime:0.000000s ]

[ 2018-03-21T10:03:50+08:00 ] ::1 /thinkphpH/index.php
INFO: [ app_init ] --START--
INFO: Run Behavior\BuildLiteBehavior [ RunTime:0.000000s ]
INFO: [ app_init ] --END-- [ RunTime:0.000000s ]
INFO: [ app_begin ] --START--
INFO: Run Behavior\ReadHtmlCacheBehavior [ RunTime:0.001000s ]
INFO: [ app_begin ] --END-- [ RunTime:0.001000s ]
INFO: [ view_parse ] --START--
INFO: [ template_filter ] --START--
INFO: Run Behavior\ContentReplaceBehavior [ RunTime:0.000000s ]
INFO: [ template_filter ] --END-- [ RunTime:0.000000s ]
INFO: Run Behavior\ParseTemplateBehavior [ RunTime:0.007000s ]
INFO: [ view_parse ] --END-- [ RunTime:0.007000s ]
INFO: [ view_filter ] --START--
INFO: Run Behavior\WriteHtmlCacheBehavior [ RunTime:0.000000s ]
INFO: [ view_filter ] --END-- [ RunTime:0.000000s ]
INFO: [ app_end ] --START--
INFO: Run Behavior\ShowPageTraceBehavior [ RunTime:0.001000s ]
INFO: [ app_end ] --END-- [ RunTime:0.001000s ]

[ 2018-03-21T10:03:57+08:00 ] ::1 /thinkphpH/index.php/Home/User/sendMsg
INFO: [ app_init ] --START--
INFO: Run Behavior\BuildLiteBehavior [ RunTime:0.000000s ]
INFO: [ app_init ] --END-- [ RunTime:0.000000s ]
INFO: [ app_begin ] --START--
INFO: Run Behavior\ReadHtmlCacheBehavior [ RunTime:0.004000s ]
INFO: [ app_begin ] --END-- [ RunTime:0.004000s ]
NOTIC: [2] Missing argument 4 for Home\Controller\PublicController::curlPostjson(), called in D:\phpStudy\WWW\thinkphpH\Application\Home\Controller\UserController.class.php on line 52 and defined D:\phpStudy\WWW\thinkphpH\Application\Home\Controller\PublicController.class.php 第 19 行.

[ 2018-03-21T10:04:09+08:00 ] ::1 /thinkphpH/index.php/Home/User/register.html
INFO: [ app_init ] --START--
INFO: Run Behavior\BuildLiteBehavior [ RunTime:0.000000s ]
INFO: [ app_init ] --END-- [ RunTime:0.001000s ]
INFO: [ app_begin ] --START--
INFO: Run Behavior\ReadHtmlCacheBehavior [ RunTime:0.001000s ]
INFO: [ app_begin ] --END-- [ RunTime:0.001000s ]

[ 2018-03-21T10:04:40+08:00 ] ::1 /thinkphpH/index.php/Home/User/register.html
INFO: [ app_init ] --START--
INFO: Run Behavior\BuildLiteBehavior [ RunTime:0.000000s ]
INFO: [ app_init ] --END-- [ RunTime:0.000000s ]
INFO: [ app_begin ] --START--
INFO: Run Behavior\ReadHtmlCacheBehavior [ RunTime:0.000000s ]
INFO: [ app_begin ] --END-- [ RunTime:0.000000s ]

[ 2018-03-21T10:05:09+08:00 ] ::1 /thinkphpH/index.php/Home/User/register.html
INFO: [ app_init ] --START--
INFO: Run Behavior\BuildLiteBehavior [ RunTime:0.000000s ]
INFO: [ app_init ] --END-- [ RunTime:0.000000s ]
INFO: [ app_begin ] --START--
INFO: Run Behavior\ReadHtmlCacheBehavior [ RunTime:0.000000s ]
INFO: [ app_begin ] --END-- [ RunTime:0.000000s ]
INFO: [ view_parse ] --START--
INFO: [ template_filter ] --START--
INFO: Run Behavior\ContentReplaceBehavior [ RunTime:0.000000s ]
INFO: [ template_filter ] --END-- [ RunTime:0.000000s ]
INFO: Run Behavior\ParseTemplateBehavior [ RunTime:0.008000s ]
INFO: [ view_parse ] --END-- [ RunTime:0.009000s ]
INFO: [ view_filter ] --START--
INFO: Run Behavior\WriteHtmlCacheBehavior [ RunTime:0.001000s ]
INFO: [ view_filter ] --END-- [ RunTime:0.001000s ]

[ 2018-03-21T10:05:14+08:00 ] ::1 /thinkphpH/index.php/Home/User/register.html
INFO: [ app_init ] --START--
INFO: Run Behavior\BuildLiteBehavior [ RunTime:0.000000s ]
INFO: [ app_init ] --END-- [ RunTime:0.000000s ]
INFO: [ app_begin ] --START--
INFO: Run Behavior\ReadHtmlCacheBehavior [ RunTime:0.001000s ]
INFO: [ app_begin ] --END-- [ RunTime:0.001000s ]

[ 2018-03-21T10:13:40+08:00 ] ::1 /thinkphpH/index.php/Home/User/register.html
INFO: [ app_init ] --START--
INFO: Run Behavior\BuildLiteBehavior [ RunTime:0.000000s ]
INFO: [ app_init ] --END-- [ RunTime:0.000000s ]
INFO: [ app_begin ] --START--
INFO: Run Behavior\ReadHtmlCacheBehavior [ RunTime:0.001000s ]
INFO: [ app_begin ] --END-- [ RunTime:0.001000s ]
INFO: [ view_parse ] --START--
INFO: [ template_filter ] --START--
INFO: Run Behavior\ContentReplaceBehavior [ RunTime:0.000000s ]
INFO: [ template_filter ] --END-- [ RunTime:0.000000s ]
INFO: Run Behavior\ParseTemplateBehavior [ RunTime:0.006000s ]
INFO: [ view_parse ] --END-- [ RunTime:0.006000s ]
INFO: [ view_filter ] --START--
INFO: Run Behavior\WriteHtmlCacheBehavior [ RunTime:0.001000s ]
INFO: [ view_filter ] --END-- [ RunTime:0.001000s ]
INFO: [ app_end ] --START--
INFO: Run Behavior\ShowPageTraceBehavior [ RunTime:0.000000s ]
INFO: [ app_end ] --END-- [ RunTime:0.000000s ]

[ 2018-03-21T10:13:45+08:00 ] ::1 /thinkphpH/index.php/Home/User/sendMsg
INFO: [ app_init ] --START--
INFO: Run Behavior\BuildLiteBehavior [ RunTime:0.000000s ]
INFO: [ app_init ] --END-- [ RunTime:0.001000s ]
INFO: [ app_begin ] --START--
INFO: Run Behavior\ReadHtmlCacheBehavior [ RunTime:0.001000s ]
INFO: [ app_begin ] --END-- [ RunTime:0.001000s ]
NOTIC: [2] Missing argument 4 for Home\Controller\PublicController::curlPostjson(), called in D:\phpStudy\WWW\thinkphpH\Application\Home\Controller\UserController.class.php on line 52 and defined D:\phpStudy\WWW\thinkphpH\Application\Home\Controller\PublicController.class.php 第 19 行.

[ 2018-03-21T10:13:59+08:00 ] ::1 /thinkphpH/index.php/Home/User/register.html
INFO: [ app_init ] --START--
INFO: Run Behavior\BuildLiteBehavior [ RunTime:0.000000s ]
INFO: [ app_init ] --END-- [ RunTime:0.000000s ]
INFO: [ app_begin ] --START--
INFO: Run Behavior\ReadHtmlCacheBehavior [ RunTime:0.000000s ]
INFO: [ app_begin ] --END-- [ RunTime:0.000000s ]
NOTIC: [2] Missing argument 4 for Home\Controller\PublicController::curlPostjson(), called in D:\phpStudy\WWW\thinkphpH\Application\Home\Controller\UserController.class.php on line 37 and defined D:\phpStudy\WWW\thinkphpH\Application\Home\Controller\PublicController.class.php 第 19 行.

[ 2018-03-21T10:14:31+08:00 ] ::1 /thinkphpH/index.php/Home/User/register.html
INFO: [ app_init ] --START--
INFO: Run Behavior\BuildLiteBehavior [ RunTime:0.000000s ]
INFO: [ app_init ] --END-- [ RunTime:0.000000s ]
INFO: [ app_begin ] --START--
INFO: Run Behavior\ReadHtmlCacheBehavior [ RunTime:0.000000s ]
INFO: [ app_begin ] --END-- [ RunTime:0.000000s ]
INFO: [ view_parse ] --START--
INFO: [ template_filter ] --START--
INFO: Run Behavior\ContentReplaceBehavior [ RunTime:0.000000s ]
INFO: [ template_filter ] --END-- [ RunTime:0.000000s ]
INFO: Run Behavior\ParseTemplateBehavior [ RunTime:0.008000s ]
INFO: [ view_parse ] --END-- [ RunTime:0.008000s ]
INFO: [ view_filter ] --START--
INFO: Run Behavior\WriteHtmlCacheBehavior [ RunTime:0.000000s ]
INFO: [ view_filter ] --END-- [ RunTime:0.000000s ]

[ 2018-03-21T10:14:32+08:00 ] ::1 /thinkphpH/index.php/Home/User/register.html
INFO: [ app_init ] --START--
INFO: Run Behavior\BuildLiteBehavior [ RunTime:0.000000s ]
INFO: [ app_init ] --END-- [ RunTime:0.000000s ]
INFO: [ app_begin ] --START--
INFO: Run Behavior\ReadHtmlCacheBehavior [ RunTime:0.000000s ]
INFO: [ app_begin ] --END-- [ RunTime:0.000000s ]
INFO: [ view_parse ] --START--
INFO: [ template_filter ] --START--
INFO: Run Behavior\ContentReplaceBehavior [ RunTime:0.000000s ]
INFO: [ template_filter ] --END-- [ RunTime:0.000000s ]
INFO: Run Behavior\ParseTemplateBehavior [ RunTime:0.006000s ]
INFO: [ view_parse ] --END-- [ RunTime:0.006000s ]
INFO: [ view_filter ] --START--
INFO: Run Behavior\WriteHtmlCacheBehavior [ RunTime:0.000000s ]
INFO: [ view_filter ] --END-- [ RunTime:0.000000s ]
INFO: [ app_end ] --START--
INFO: Run Behavior\ShowPageTraceBehavior [ RunTime:0.001000s ]
INFO: [ app_end ] --END-- [ RunTime:0.001000s ]

[ 2018-03-21T10:14:38+08:00 ] ::1 /thinkphpH/index.php/Home/User/register.html
INFO: [ app_init ] --START--
INFO: Run Behavior\BuildLiteBehavior [ RunTime:0.000000s ]
INFO: [ app_init ] --END-- [ RunTime:0.000000s ]
INFO: [ app_begin ] --START--
INFO: Run Behavior\ReadHtmlCacheBehavior [ RunTime:0.001000s ]
INFO: [ app_begin ] --END-- [ RunTime:0.001000s ]
NOTIC: [2] Missing argument 4 for Home\Controller\PublicController::curlPostjson(), called in D:\phpStudy\WWW\thinkphpH\Application\Home\Controller\UserController.class.php on line 37 and defined D:\phpStudy\WWW\thinkphpH\Application\Home\Controller\PublicController.class.php 第 19 行.

[ 2018-03-21T10:28:40+08:00 ] ::1 /thinkphpH/index.php/Home/User/register.html
INFO: [ app_init ] --START--
INFO: Run Behavior\BuildLiteBehavior [ RunTime:0.000000s ]
INFO: [ app_init ] --END-- [ RunTime:0.000000s ]
INFO: [ app_begin ] --START--
INFO: Run Behavior\ReadHtmlCacheBehavior [ RunTime:0.001000s ]
INFO: [ app_begin ] --END-- [ RunTime:0.001000s ]
INFO: [ view_parse ] --START--
INFO: [ template_filter ] --START--
INFO: Run Behavior\ContentReplaceBehavior [ RunTime:0.000000s ]
INFO: [ template_filter ] --END-- [ RunTime:0.000000s ]
INFO: Run Behavior\ParseTemplateBehavior [ RunTime:0.008000s ]
INFO: [ view_parse ] --END-- [ RunTime:0.008000s ]
INFO: [ view_filter ] --START--
INFO: Run Behavior\WriteHtmlCacheBehavior [ RunTime:0.001000s ]
INFO: [ view_filter ] --END-- [ RunTime:0.001000s ]

[ 2018-03-21T10:28:41+08:00 ] ::1 /thinkphpH/index.php/Home/User/register.html
INFO: [ app_init ] --START--
INFO: Run Behavior\BuildLiteBehavior [ RunTime:0.000000s ]
INFO: [ app_init ] --END-- [ RunTime:0.001000s ]
INFO: [ app_begin ] --START--
INFO: Run Behavior\ReadHtmlCacheBehavior [ RunTime:0.001000s ]
INFO: [ app_begin ] --END-- [ RunTime:0.001000s ]
INFO: [ view_parse ] --START--
INFO: [ template_filter ] --START--
INFO: Run Behavior\ContentReplaceBehavior [ RunTime:0.000000s ]
INFO: [ template_filter ] --END-- [ RunTime:0.000000s ]
INFO: Run Behavior\ParseTemplateBehavior [ RunTime:0.006000s ]
INFO: [ view_parse ] --END-- [ RunTime:0.006000s ]
INFO: [ view_filter ] --START--
INFO: Run Behavior\WriteHtmlCacheBehavior [ RunTime:0.001000s ]
INFO: [ view_filter ] --END-- [ RunTime:0.001000s ]
INFO: [ app_end ] --START--
INFO: Run Behavior\ShowPageTraceBehavior [ RunTime:0.001000s ]
INFO: [ app_end ] --END-- [ RunTime:0.001000s ]

[ 2018-03-21T10:28:47+08:00 ] ::1 /thinkphpH/index.php/Home/User/register.html
INFO: [ app_init ] --START--
INFO: Run Behavior\BuildLiteBehavior [ RunTime:0.000000s ]
INFO: [ app_init ] --END-- [ RunTime:0.003000s ]
INFO: [ app_begin ] --START--
INFO: Run Behavior\ReadHtmlCacheBehavior [ RunTime:0.000000s ]
INFO: [ app_begin ] --END-- [ RunTime:0.000000s ]
NOTIC: [2] Missing argument 4 for Home\Controller\PublicController::curlPostjson(), called in D:\phpStudy\WWW\thinkphpH\Application\Home\Controller\UserController.class.php on line 38 and defined D:\phpStudy\WWW\thinkphpH\Application\Home\Controller\PublicController.class.php 第 19 行.

[ 2018-03-21T10:29:01+08:00 ] ::1 /thinkphpH/index.php/Home/User/register.html
INFO: [ app_init ] --START--
INFO: Run Behavior\BuildLiteBehavior [ RunTime:0.000000s ]
INFO: [ app_init ] --END-- [ RunTime:0.000000s ]
INFO: [ app_begin ] --START--
INFO: Run Behavior\ReadHtmlCacheBehavior [ RunTime:0.000000s ]
INFO: [ app_begin ] --END-- [ RunTime:0.000000s ]
INFO: [ view_parse ] --START--
INFO: [ template_filter ] --START--
INFO: Run Behavior\ContentReplaceBehavior [ RunTime:0.000000s ]
INFO: [ template_filter ] --END-- [ RunTime:0.000000s ]
INFO: Run Behavior\ParseTemplateBehavior [ RunTime:0.006000s ]
INFO: [ view_parse ] --END-- [ RunTime:0.007000s ]
INFO: [ view_filter ] --START--
INFO: Run Behavior\WriteHtmlCacheBehavior [ RunTime:0.000000s ]
INFO: [ view_filter ] --END-- [ RunTime:0.000000s ]

[ 2018-03-21T10:29:02+08:00 ] ::1 /thinkphpH/index.php/Home/User/register.html
INFO: [ app_init ] --START--
INFO: Run Behavior\BuildLiteBehavior [ RunTime:0.000000s ]
INFO: [ app_init ] --END-- [ RunTime:0.001000s ]
INFO: [ app_begin ] --START--
INFO: Run Behavior\ReadHtmlCacheBehavior [ RunTime:0.001000s ]
INFO: [ app_begin ] --END-- [ RunTime:0.001000s ]
INFO: [ view_parse ] --START--
INFO: [ template_filter ] --START--
INFO: Run Behavior\ContentReplaceBehavior [ RunTime:0.000000s ]
INFO: [ template_filter ] --END-- [ RunTime:0.000000s ]
INFO: Run Behavior\ParseTemplateBehavior [ RunTime:0.008000s ]
INFO: [ view_parse ] --END-- [ RunTime:0.009000s ]
INFO: [ view_filter ] --START--
INFO: Run Behavior\WriteHtmlCacheBehavior [ RunTime:0.000000s ]
INFO: [ view_filter ] --END-- [ RunTime:0.000000s ]
INFO: [ app_end ] --START--
INFO: Run Behavior\ShowPageTraceBehavior [ RunTime:0.002000s ]
INFO: [ app_end ] --END-- [ RunTime:0.002000s ]

[ 2018-03-21T10:29:02+08:00 ] ::1 /thinkphpH/index.php/Home/User/register.html
INFO: [ app_init ] --START--
INFO: Run Behavior\BuildLiteBehavior [ RunTime:0.000000s ]
INFO: [ app_init ] --END-- [ RunTime:0.001000s ]
INFO: [ app_begin ] --START--
INFO: Run Behavior\ReadHtmlCacheBehavior [ RunTime:0.000000s ]
INFO: [ app_begin ] --END-- [ RunTime:0.001000s ]
INFO: [ view_parse ] --START--
INFO: [ template_filter ] --START--
INFO: Run Behavior\ContentReplaceBehavior [ RunTime:0.000000s ]
INFO: [ template_filter ] --END-- [ RunTime:0.000000s ]
INFO: Run Behavior\ParseTemplateBehavior [ RunTime:0.006000s ]
INFO: [ view_parse ] --END-- [ RunTime:0.006000s ]
INFO: [ view_filter ] --START--
INFO: Run Behavior\WriteHtmlCacheBehavior [ RunTime:0.000000s ]
INFO: [ view_filter ] --END-- [ RunTime:0.000000s ]
INFO: [ app_end ] --START--
INFO: Run Behavior\ShowPageTraceBehavior [ RunTime:0.001000s ]
INFO: [ app_end ] --END-- [ RunTime:0.001000s ]

[ 2018-03-21T10:29:06+08:00 ] ::1 /thinkphpH/index.php/Home/User/register.html
INFO: [ app_init ] --START--
INFO: Run Behavior\BuildLiteBehavior [ RunTime:0.000000s ]
INFO: [ app_init ] --END-- [ RunTime:0.000000s ]
INFO: [ app_begin ] --START--
INFO: Run Behavior\ReadHtmlCacheBehavior [ RunTime:0.000000s ]
INFO: [ app_begin ] --END-- [ RunTime:0.000000s ]

[ 2018-03-21T10:34:30+08:00 ] ::1 /thinkphpH/index.php/Home/User/register.html
INFO: [ app_init ] --START--
INFO: Run Behavior\BuildLiteBehavior [ RunTime:0.000000s ]
INFO: [ app_init ] --END-- [ RunTime:0.001000s ]
INFO: [ app_begin ] --START--
INFO: Run Behavior\ReadHtmlCacheBehavior [ RunTime:0.000000s ]
INFO: [ app_begin ] --END-- [ RunTime:0.000000s ]
INFO: [ view_parse ] --START--
INFO: [ template_filter ] --START--
INFO: Run Behavior\ContentReplaceBehavior [ RunTime:0.000000s ]
INFO: [ template_filter ] --END-- [ RunTime:0.000000s ]
INFO: Run Behavior\ParseTemplateBehavior [ RunTime:0.008000s ]
INFO: [ view_parse ] --END-- [ RunTime:0.008000s ]
INFO: [ view_filter ] --START--
INFO: Run Behavior\WriteHtmlCacheBehavior [ RunTime:0.000000s ]
INFO: [ view_filter ] --END-- [ RunTime:0.000000s ]

[ 2018-03-21T10:34:31+08:00 ] ::1 /thinkphpH/index.php/Home/User/register.html
INFO: [ app_init ] --START--
INFO: Run Behavior\BuildLiteBehavior [ RunTime:0.000000s ]
INFO: [ app_init ] --END-- [ RunTime:0.000000s ]
INFO: [ app_begin ] --START--
INFO: Run Behavior\ReadHtmlCacheBehavior [ RunTime:0.000000s ]
INFO: [ app_begin ] --END-- [ RunTime:0.000000s ]
INFO: [ view_parse ] --START--
INFO: [ template_filter ] --START--
INFO: Run Behavior\ContentReplaceBehavior [ RunTime:0.000000s ]
INFO: [ template_filter ] --END-- [ RunTime:0.000000s ]
INFO: Run Behavior\ParseTemplateBehavior [ RunTime:0.005000s ]
INFO: [ view_parse ] --END-- [ RunTime:0.005000s ]
INFO: [ view_filter ] --START--
INFO: Run Behavior\WriteHtmlCacheBehavior [ RunTime:0.000000s ]
INFO: [ view_filter ] --END-- [ RunTime:0.000000s ]
INFO: [ app_end ] --START--
INFO: Run Behavior\ShowPageTraceBehavior [ RunTime:0.001000s ]
INFO: [ app_end ] --END-- [ RunTime:0.001000s ]

[ 2018-03-21T10:34:35+08:00 ] ::1 /thinkphpH/index.php/Home/User/register.html
INFO: [ app_init ] --START--
INFO: Run Behavior\BuildLiteBehavior [ RunTime:0.000000s ]
INFO: [ app_init ] --END-- [ RunTime:0.001000s ]
INFO: [ app_begin ] --START--
INFO: Run Behavior\ReadHtmlCacheBehavior [ RunTime:0.001000s ]
INFO: [ app_begin ] --END-- [ RunTime:0.001000s ]

[ 2018-03-21T10:34:52+08:00 ] ::1 /thinkphpH/index.php/Home/User/register.html
INFO: [ app_init ] --START--
INFO: Run Behavior\BuildLiteBehavior [ RunTime:0.000000s ]
INFO: [ app_init ] --END-- [ RunTime:0.000000s ]
INFO: [ app_begin ] --START--
INFO: Run Behavior\ReadHtmlCacheBehavior [ RunTime:0.000000s ]
INFO: [ app_begin ] --END-- [ RunTime:0.000000s ]
INFO: [ view_parse ] --START--
INFO: [ template_filter ] --START--
INFO: Run Behavior\ContentReplaceBehavior [ RunTime:0.000000s ]
INFO: [ template_filter ] --END-- [ RunTime:0.000000s ]
INFO: Run Behavior\ParseTemplateBehavior [ RunTime:0.007000s ]
INFO: [ view_parse ] --END-- [ RunTime:0.007000s ]
INFO: [ view_filter ] --START--
INFO: Run Behavior\WriteHtmlCacheBehavior [ RunTime:0.000000s ]
INFO: [ view_filter ] --END-- [ RunTime:0.000000s ]

[ 2018-03-21T10:34:53+08:00 ] ::1 /thinkphpH/index.php/Home/User/register.html
INFO: [ app_init ] --START--
INFO: Run Behavior\BuildLiteBehavior [ RunTime:0.000000s ]
INFO: [ app_init ] --END-- [ RunTime:0.000000s ]
INFO: [ app_begin ] --START--
INFO: Run Behavior\ReadHtmlCacheBehavior [ RunTime:0.000000s ]
INFO: [ app_begin ] --END-- [ RunTime:0.001000s ]
INFO: [ view_parse ] --START--
INFO: [ template_filter ] --START--
INFO: Run Behavior\ContentReplaceBehavior [ RunTime:0.000000s ]
INFO: [ template_filter ] --END-- [ RunTime:0.000000s ]
INFO: Run Behavior\ParseTemplateBehavior [ RunTime:0.007000s ]
INFO: [ view_parse ] --END-- [ RunTime:0.007000s ]
INFO: [ view_filter ] --START--
INFO: Run Behavior\WriteHtmlCacheBehavior [ RunTime:0.000000s ]
INFO: [ view_filter ] --END-- [ RunTime:0.000000s ]
INFO: [ app_end ] --START--
INFO: Run Behavior\ShowPageTraceBehavior [ RunTime:0.001000s ]
INFO: [ app_end ] --END-- [ RunTime:0.001000s ]

[ 2018-03-21T10:34:58+08:00 ] ::1 /thinkphpH/index.php/Home/User/register.html
INFO: [ app_init ] --START--
INFO: Run Behavior\BuildLiteBehavior [ RunTime:0.000000s ]
INFO: [ app_init ] --END-- [ RunTime:0.000000s ]
INFO: [ app_begin ] --START--
INFO: Run Behavior\ReadHtmlCacheBehavior [ RunTime:0.001000s ]
INFO: [ app_begin ] --END-- [ RunTime:0.001000s ]
INFO: [ view_parse ] --START--
INFO: [ template_filter ] --START--
INFO: Run Behavior\ContentReplaceBehavior [ RunTime:0.000000s ]
INFO: [ template_filter ] --END-- [ RunTime:0.000000s ]
INFO: Run Behavior\ParseTemplateBehavior [ RunTime:0.006000s ]
INFO: [ view_parse ] --END-- [ RunTime:0.006000s ]
INFO: [ view_filter ] --START--
INFO: Run Behavior\WriteHtmlCacheBehavior [ RunTime:0.001000s ]
INFO: [ view_filter ] --END-- [ RunTime:0.001000s ]

[ 2018-03-21T10:34:59+08:00 ] ::1 /thinkphpH/index.php/Home/User/register.html
INFO: [ app_init ] --START--
INFO: Run Behavior\BuildLiteBehavior [ RunTime:0.000000s ]
INFO: [ app_init ] --END-- [ RunTime:0.000000s ]
INFO: [ app_begin ] --START--
INFO: Run Behavior\ReadHtmlCacheBehavior [ RunTime:0.000000s ]
INFO: [ app_begin ] --END-- [ RunTime:0.000000s ]
INFO: [ view_parse ] --START--
INFO: [ template_filter ] --START--
INFO: Run Behavior\ContentReplaceBehavior [ RunTime:0.000000s ]
INFO: [ template_filter ] --END-- [ RunTime:0.001000s ]
INFO: Run Behavior\ParseTemplateBehavior [ RunTime:0.005000s ]
INFO: [ view_parse ] --END-- [ RunTime:0.005000s ]
INFO: [ view_filter ] --START--
INFO: Run Behavior\WriteHtmlCacheBehavior [ RunTime:0.001000s ]
INFO: [ view_filter ] --END-- [ RunTime:0.001000s ]
INFO: [ app_end ] --START--
INFO: Run Behavior\ShowPageTraceBehavior [ RunTime:0.000000s ]
INFO: [ app_end ] --END-- [ RunTime:0.000000s ]

[ 2018-03-21T10:35:07+08:00 ] ::1 /thinkphpH/index.php/Home/User/register.html
INFO: [ app_init ] --START--
INFO: Run Behavior\BuildLiteBehavior [ RunTime:0.000000s ]
INFO: [ app_init ] --END-- [ RunTime:0.000000s ]
INFO: [ app_begin ] --START--
INFO: Run Behavior\ReadHtmlCacheBehavior [ RunTime:0.001000s ]
INFO: [ app_begin ] --END-- [ RunTime:0.001000s ]
NOTIC: [2] Missing argument 4 for Home\Controller\PublicController::curlPostjson(), called in D:\phpStudy\WWW\thinkphpH\Application\Home\Controller\UserController.class.php on line 44 and defined D:\phpStudy\WWW\thinkphpH\Application\Home\Controller\PublicController.class.php 第 19 行.

[ 2018-03-21T14:15:22+08:00 ] ::1 /thinkphpH/index.php/Home/User/register.html
INFO: [ app_init ] --START--
INFO: Run Behavior\BuildLiteBehavior [ RunTime:0.000000s ]
INFO: [ app_init ] --END-- [ RunTime:0.001000s ]
INFO: [ app_begin ] --START--
INFO: Run Behavior\ReadHtmlCacheBehavior [ RunTime:0.000000s ]
INFO: [ app_begin ] --END-- [ RunTime:0.000000s ]
INFO: [ view_parse ] --START--
INFO: [ template_filter ] --START--
INFO: Run Behavior\ContentReplaceBehavior [ RunTime:0.000000s ]
INFO: [ template_filter ] --END-- [ RunTime:0.000000s ]
INFO: Run Behavior\ParseTemplateBehavior [ RunTime:0.009000s ]
INFO: [ view_parse ] --END-- [ RunTime:0.009000s ]
INFO: [ view_filter ] --START--
INFO: Run Behavior\WriteHtmlCacheBehavior [ RunTime:0.000000s ]
INFO: [ view_filter ] --END-- [ RunTime:0.000000s ]

[ 2018-03-21T14:15:23+08:00 ] ::1 /thinkphpH/index.php/Home/User/register.html
INFO: [ app_init ] --START--
INFO: Run Behavior\BuildLiteBehavior [ RunTime:0.000000s ]
INFO: [ app_init ] --END-- [ RunTime:0.000000s ]
INFO: [ app_begin ] --START--
INFO: Run Behavior\ReadHtmlCacheBehavior [ RunTime:0.000000s ]
INFO: [ app_begin ] --END-- [ RunTime:0.000000s ]
INFO: [ view_parse ] --START--
INFO: [ template_filter ] --START--
INFO: Run Behavior\ContentReplaceBehavior [ RunTime:0.000000s ]
INFO: [ template_filter ] --END-- [ RunTime:0.000000s ]
INFO: Run Behavior\ParseTemplateBehavior [ RunTime:0.006000s ]
INFO: [ view_parse ] --END-- [ RunTime:0.006000s ]
INFO: [ view_filter ] --START--
INFO: Run Behavior\WriteHtmlCacheBehavior [ RunTime:0.000000s ]
INFO: [ view_filter ] --END-- [ RunTime:0.000000s ]
INFO: [ app_end ] --START--
INFO: Run Behavior\ShowPageTraceBehavior [ RunTime:0.001000s ]
INFO: [ app_end ] --END-- [ RunTime:0.001000s ]

[ 2018-03-21T14:15:26+08:00 ] ::1 /thinkphpH/index.php/Home/User/sendMsg
INFO: [ app_init ] --START--
INFO: Run Behavior\BuildLiteBehavior [ RunTime:0.000000s ]
INFO: [ app_init ] --END-- [ RunTime:0.001000s ]
INFO: [ app_begin ] --START--
INFO: Run Behavior\ReadHtmlCacheBehavior [ RunTime:0.000000s ]
INFO: [ app_begin ] --END-- [ RunTime:0.000000s ]
NOTIC: [2] Missing argument 4 for Home\Controller\PublicController::curlPostjson(), called in D:\phpStudy\WWW\thinkphpH\Application\Home\Controller\UserController.class.php on line 69 and defined D:\phpStudy\WWW\thinkphpH\Application\Home\Controller\PublicController.class.php 第 19 行.

[ 2018-03-21T14:17:12+08:00 ] ::1 /thinkphpH/index.php/Home/User/sendMsg
INFO: [ app_init ] --START--
INFO: Run Behavior\BuildLiteBehavior [ RunTime:0.000000s ]
INFO: [ app_init ] --END-- [ RunTime:0.000000s ]
INFO: [ app_begin ] --START--
INFO: Run Behavior\ReadHtmlCacheBehavior [ RunTime:0.000000s ]
INFO: [ app_begin ] --END-- [ RunTime:0.000000s ]

[ 2018-03-21T14:22:57+08:00 ] ::1 /thinkphpH/index.php/Home/User/sendMsg
INFO: [ app_init ] --START--
INFO: Run Behavior\BuildLiteBehavior [ RunTime:0.000000s ]
INFO: [ app_init ] --END-- [ RunTime:0.001000s ]
INFO: [ app_begin ] --START--
INFO: Run Behavior\ReadHtmlCacheBehavior [ RunTime:0.000000s ]
INFO: [ app_begin ] --END-- [ RunTime:0.000000s ]
NOTIC: [2] Missing argument 4 for Home\Controller\PublicController::curlPostjson(), called in D:\phpStudy\WWW\thinkphpH\Application\Home\Controller\UserController.class.php on line 69 and defined D:\phpStudy\WWW\thinkphpH\Application\Home\Controller\PublicController.class.php 第 19 行.

[ 2018-03-21T14:26:15+08:00 ] ::1 /thinkphpH/index.php/Home/User/sendMsg
INFO: [ app_init ] --START--
INFO: Run Behavior\BuildLiteBehavior [ RunTime:0.000000s ]
INFO: [ app_init ] --END-- [ RunTime:0.001000s ]
INFO: [ app_begin ] --START--
INFO: Run Behavior\ReadHtmlCacheBehavior [ RunTime:0.000000s ]
INFO: [ app_begin ] --END-- [ RunTime:0.000000s ]
NOTIC: [2] Missing argument 4 for Home\Controller\PublicController::curlPostjson(), called in D:\phpStudy\WWW\thinkphpH\Application\Home\Controller\UserController.class.php on line 69 and defined D:\phpStudy\WWW\thinkphpH\Application\Home\Controller\PublicController.class.php 第 19 行.

[ 2018-03-21T14:27:10+08:00 ] ::1 /thinkphpH/index.php/Home/Park/index
INFO: [ app_init ] --START--
INFO: Run Behavior\BuildLiteBehavior [ RunTime:0.000000s ]
INFO: [ app_init ] --END-- [ RunTime:0.000000s ]
INFO: [ app_begin ] --START--
INFO: Run Behavior\ReadHtmlCacheBehavior [ RunTime:0.001000s ]
INFO: [ app_begin ] --END-- [ RunTime:0.001000s ]
NOTIC: [8] Array to string conversion D:\phpStudy\WWW\thinkphpH\Application\Home\Controller\ParkController.class.php 第 19 行.
NOTIC: [2] Missing argument 4 for Home\Controller\PublicController::curlPostjson(), called in D:\phpStudy\WWW\thinkphpH\Application\Home\Controller\ParkController.class.php on line 21 and defined D:\phpStudy\WWW\thinkphpH\Application\Home\Controller\PublicController.class.php 第 19 行.
ERR: 模板不存在:./Application/Home/View/Park/index.html

[ 2018-03-21T14:27:35+08:00 ] ::1 /thinkphpH/index.php/Home/Park/index
INFO: [ app_init ] --START--
INFO: Run Behavior\BuildLiteBehavior [ RunTime:0.000000s ]
INFO: [ app_init ] --END-- [ RunTime:0.001000s ]
INFO: [ app_begin ] --START--
INFO: Run Behavior\ReadHtmlCacheBehavior [ RunTime:0.000000s ]
INFO: [ app_begin ] --END-- [ RunTime:0.000000s ]
NOTIC: [8] Array to string conversion D:\phpStudy\WWW\thinkphpH\Application\Home\Controller\ParkController.class.php 第 19 行.
NOTIC: [2] Missing argument 4 for Home\Controller\PublicController::curlPostjson(), called in D:\phpStudy\WWW\thinkphpH\Application\Home\Controller\ParkController.class.php on line 21 and defined D:\phpStudy\WWW\thinkphpH\Application\Home\Controller\PublicController.class.php 第 19 行.

[ 2018-03-21T14:28:21+08:00 ] ::1 /thinkphpH/index.php/Home/Hotel/index
INFO: [ app_init ] --START--
INFO: Run Behavior\BuildLiteBehavior [ RunTime:0.000000s ]
INFO: [ app_init ] --END-- [ RunTime:0.001000s ]
INFO: [ app_begin ] --START--
INFO: Run Behavior\ReadHtmlCacheBehavior [ RunTime:0.000000s ]
INFO: [ app_begin ] --END-- [ RunTime:0.000000s ]
NOTIC: [8] Array to string conversion D:\phpStudy\WWW\thinkphpH\Application\Home\Controller\HotelController.class.php 第 17 行.
NOTIC: [2] Missing argument 4 for Home\Controller\PublicController::curlPostjson(), called in D:\phpStudy\WWW\thinkphpH\Application\Home\Controller\HotelController.class.php on line 19 and defined D:\phpStudy\WWW\thinkphpH\Application\Home\Controller\PublicController.class.php 第 19 行.

[ 2018-03-21T14:28:47+08:00 ] ::1 /thinkphpH/index.php/Home/Hotel/index
INFO: [ app_init ] --START--
INFO: Run Behavior\BuildLiteBehavior [ RunTime:0.000000s ]
INFO: [ app_init ] --END-- [ RunTime:0.000000s ]
INFO: [ app_begin ] --START--
INFO: Run Behavior\ReadHtmlCacheBehavior [ RunTime:0.000000s ]
INFO: [ app_begin ] --END-- [ RunTime:0.000000s ]
NOTIC: [8] Array to string conversion D:\phpStudy\WWW\thinkphpH\Application\Home\Controller\HotelController.class.php 第 17 行.
NOTIC: [2] Missing argument 4 for Home\Controller\PublicController::curlPostjson(), called in D:\phpStudy\WWW\thinkphpH\Application\Home\Controller\HotelController.class.php on line 19 and defined D:\phpStudy\WWW\thinkphpH\Application\Home\Controller\PublicController.class.php 第 19 行.

[ 2018-03-21T14:29:00+08:00 ] ::1 /thinkphpH/index.php/Home/Hotel/index
INFO: [ app_init ] --START--
INFO: Run Behavior\BuildLiteBehavior [ RunTime:0.000000s ]
INFO: [ app_init ] --END-- [ RunTime:0.000000s ]
INFO: [ app_begin ] --START--
INFO: Run Behavior\ReadHtmlCacheBehavior [ RunTime:0.000000s ]
INFO: [ app_begin ] --END-- [ RunTime:0.000000s ]
NOTIC: [8] Array to string conversion D:\phpStudy\WWW\thinkphpH\Application\Home\Controller\HotelController.class.php 第 17 行.
NOTIC: [2] Missing argument 4 for Home\Controller\PublicController::curlPostjson(), called in D:\phpStudy\WWW\thinkphpH\Application\Home\Controller\HotelController.class.php on line 19 and defined D:\phpStudy\WWW\thinkphpH\Application\Home\Controller\PublicController.class.php 第 19 行.

[ 2018-03-21T14:29:05+08:00 ] ::1 /thinkphpH/index.php/Home/Hotel/index
INFO: [ app_init ] --START--
INFO: Run Behavior\BuildLiteBehavior [ RunTime:0.000000s ]
INFO: [ app_init ] --END-- [ RunTime:0.000000s ]
INFO: [ app_begin ] --START--
INFO: Run Behavior\ReadHtmlCacheBehavior [ RunTime:0.000000s ]
INFO: [ app_begin ] --END-- [ RunTime:0.000000s ]
NOTIC: [8] Array to string conversion D:\phpStudy\WWW\thinkphpH\Application\Home\Controller\HotelController.class.php 第 17 行.
NOTIC: [2] Missing argument 4 for Home\Controller\PublicController::curlPostjson(), called in D:\phpStudy\WWW\thinkphpH\Application\Home\Controller\HotelController.class.php on line 19 and defined D:\phpStudy\WWW\thinkphpH\Application\Home\Controller\PublicController.class.php 第 19 行.

[ 2018-03-21T14:29:20+08:00 ] ::1 /thinkphpH/index.php/Home/Hotel/index
INFO: [ app_init ] --START--
INFO: Run Behavior\BuildLiteBehavior [ RunTime:0.000000s ]
INFO: [ app_init ] --END-- [ RunTime:0.000000s ]
INFO: [ app_begin ] --START--
INFO: Run Behavior\ReadHtmlCacheBehavior [ RunTime:0.001000s ]
INFO: [ app_begin ] --END-- [ RunTime:0.001000s ]
NOTIC: [8] Array to string conversion D:\phpStudy\WWW\thinkphpH\Application\Home\Controller\HotelController.class.php 第 17 行.
NOTIC: [2] Missing argument 4 for Home\Controller\PublicController::curlPostjson(), called in D:\phpStudy\WWW\thinkphpH\Application\Home\Controller\HotelController.class.php on line 19 and defined D:\phpStudy\WWW\thinkphpH\Application\Home\Controller\PublicController.class.php 第 19 行.

[ 2018-03-21T14:30:04+08:00 ] ::1 /thinkphpH/index.php/Home/Hotel/index
INFO: [ app_init ] --START--
INFO: Run Behavior\BuildLiteBehavior [ RunTime:0.000000s ]
INFO: [ app_init ] --END-- [ RunTime:0.000000s ]
INFO: [ app_begin ] --START--
INFO: Run Behavior\ReadHtmlCacheBehavior [ RunTime:0.000000s ]
INFO: [ app_begin ] --END-- [ RunTime:0.001000s ]
NOTIC: [8] Array to string conversion D:\phpStudy\WWW\thinkphpH\Application\Home\Controller\HotelController.class.php 第 17 行.
NOTIC: [2] Missing argument 4 for Home\Controller\PublicController::curlPostjson(), called in D:\phpStudy\WWW\thinkphpH\Application\Home\Controller\HotelController.class.php on line 19 and defined D:\phpStudy\WWW\thinkphpH\Application\Home\Controller\PublicController.class.php 第 19 行.

[ 2018-03-21T14:32:19+08:00 ] ::1 /thinkphpH/index.php/Home/Hotel/index
INFO: [ app_init ] --START--
INFO: Run Behavior\BuildLiteBehavior [ RunTime:0.000000s ]
INFO: [ app_init ] --END-- [ RunTime:0.000000s ]
INFO: [ app_begin ] --START--
INFO: Run Behavior\ReadHtmlCacheBehavior [ RunTime:0.001000s ]
INFO: [ app_begin ] --END-- [ RunTime:0.001000s ]
NOTIC: [8] Array to string conversion D:\phpStudy\WWW\thinkphpH\Application\Home\Controller\HotelController.class.php 第 17 行.
NOTIC: [2] Missing argument 4 for Home\Controller\PublicController::curlPostjson(), called in D:\phpStudy\WWW\thinkphpH\Application\Home\Controller\HotelController.class.php on line 19 and defined D:\phpStudy\WWW\thinkphpH\Application\Home\Controller\PublicController.class.php 第 19 行.

[ 2018-03-21T14:34:41+08:00 ] ::1 /thinkphpH/index.php/Home/Hotel/index
INFO: [ app_init ] --START--
INFO: Run Behavior\BuildLiteBehavior [ RunTime:0.000000s ]
INFO: [ app_init ] --END-- [ RunTime:0.000000s ]
INFO: [ app_begin ] --START--
INFO: Run Behavior\ReadHtmlCacheBehavior [ RunTime:0.001000s ]
INFO: [ app_begin ] --END-- [ RunTime:0.001000s ]
NOTIC: [8] Array to string conversion D:\phpStudy\WWW\thinkphpH\Application\Home\Controller\HotelController.class.php 第 17 行.
NOTIC: [2] Missing argument 4 for Home\Controller\PublicController::curlPostjson(), called in D:\phpStudy\WWW\thinkphpH\Application\Home\Controller\HotelController.class.php on line 19 and defined D:\phpStudy\WWW\thinkphpH\Application\Home\Controller\PublicController.class.php 第 19 行.

[ 2018-03-21T14:35:52+08:00 ] ::1 /thinkphpH/index.php/Home/Hotel/index
INFO: [ app_init ] --START--
INFO: Run Behavior\BuildLiteBehavior [ RunTime:0.000000s ]
INFO: [ app_init ] --END-- [ RunTime:0.000000s ]
INFO: [ app_begin ] --START--
INFO: Run Behavior\ReadHtmlCacheBehavior [ RunTime:0.000000s ]
INFO: [ app_begin ] --END-- [ RunTime:0.000000s ]
NOTIC: [8] Array to string conversion D:\phpStudy\WWW\thinkphpH\Application\Home\Controller\HotelController.class.php 第 17 行.
NOTIC: [2] Missing argument 4 for Home\Controller\PublicController::curlPostjson(), called in D:\phpStudy\WWW\thinkphpH\Application\Home\Controller\HotelController.class.php on line 19 and defined D:\phpStudy\WWW\thinkphpH\Application\Home\Controller\PublicController.class.php 第 19 行.

[ 2018-03-21T14:46:32+08:00 ] ::1 /thinkphpH/index.php/Home/Hotel/index
INFO: [ app_init ] --START--
INFO: Run Behavior\BuildLiteBehavior [ RunTime:0.000000s ]
INFO: [ app_init ] --END-- [ RunTime:0.000000s ]
INFO: [ app_begin ] --START--
INFO: Run Behavior\ReadHtmlCacheBehavior [ RunTime:0.001000s ]
INFO: [ app_begin ] --END-- [ RunTime:0.001000s ]
NOTIC: [2] Missing argument 4 for Home\Controller\PublicController::curlPostjson(), called in D:\phpStudy\WWW\thinkphpH\Application\Home\Controller\HotelController.class.php on line 19 and defined D:\phpStudy\WWW\thinkphpH\Application\Home\Controller\PublicController.class.php 第 19 行.

[ 2018-03-21T14:46:33+08:00 ] ::1 /thinkphpH/index.php/Home/Hotel/index
INFO: [ app_init ] --START--
INFO: Run Behavior\BuildLiteBehavior [ RunTime:0.000000s ]
INFO: [ app_init ] --END-- [ RunTime:0.000000s ]
INFO: [ app_begin ] --START--
INFO: Run Behavior\ReadHtmlCacheBehavior [ RunTime:0.001000s ]
INFO: [ app_begin ] --END-- [ RunTime:0.001000s ]
NOTIC: [2] Missing argument 4 for Home\Controller\PublicController::curlPostjson(), called in D:\phpStudy\WWW\thinkphpH\Application\Home\Controller\HotelController.class.php on line 19 and defined D:\phpStudy\WWW\thinkphpH\Application\Home\Controller\PublicController.class.php 第 19 行.

[ 2018-03-21T14:46:34+08:00 ] ::1 /thinkphpH/index.php/Home/Hotel/index
INFO: [ app_init ] --START--
INFO: Run Behavior\BuildLiteBehavior [ RunTime:0.000000s ]
INFO: [ app_init ] --END-- [ RunTime:0.000000s ]
INFO: [ app_begin ] --START--
INFO: Run Behavior\ReadHtmlCacheBehavior [ RunTime:0.001000s ]
INFO: [ app_begin ] --END-- [ RunTime:0.001000s ]
NOTIC: [2] Missing argument 4 for Home\Controller\PublicController::curlPostjson(), called in D:\phpStudy\WWW\thinkphpH\Application\Home\Controller\HotelController.class.php on line 19 and defined D:\phpStudy\WWW\thinkphpH\Application\Home\Controller\PublicController.class.php 第 19 行.

[ 2018-03-21T14:46:34+08:00 ] ::1 /thinkphpH/index.php/Home/Hotel/index
INFO: [ app_init ] --START--
INFO: Run Behavior\BuildLiteBehavior [ RunTime:0.000000s ]
INFO: [ app_init ] --END-- [ RunTime:0.000000s ]
INFO: [ app_begin ] --START--
INFO: Run Behavior\ReadHtmlCacheBehavior [ RunTime:0.001000s ]
INFO: [ app_begin ] --END-- [ RunTime:0.001000s ]
NOTIC: [2] Missing argument 4 for Home\Controller\PublicController::curlPostjson(), called in D:\phpStudy\WWW\thinkphpH\Application\Home\Controller\HotelController.class.php on line 19 and defined D:\phpStudy\WWW\thinkphpH\Application\Home\Controller\PublicController.class.php 第 19 行.

[ 2018-03-21T14:46:35+08:00 ] ::1 /thinkphpH/index.php/Home/Hotel/index
INFO: [ app_init ] --START--
INFO: Run Behavior\BuildLiteBehavior [ RunTime:0.000000s ]
INFO: [ app_init ] --END-- [ RunTime:0.000000s ]
INFO: [ app_begin ] --START--
INFO: Run Behavior\ReadHtmlCacheBehavior [ RunTime:0.000000s ]
INFO: [ app_begin ] --END-- [ RunTime:0.000000s ]
NOTIC: [2] Missing argument 4 for Home\Controller\PublicController::curlPostjson(), called in D:\phpStudy\WWW\thinkphpH\Application\Home\Controller\HotelController.class.php on line 19 and defined D:\phpStudy\WWW\thinkphpH\Application\Home\Controller\PublicController.class.php 第 19 行.

[ 2018-03-21T14:46:36+08:00 ] ::1 /thinkphpH/index.php/Home/Hotel/index
INFO: [ app_init ] --START--
INFO: Run Behavior\BuildLiteBehavior [ RunTime:0.000000s ]
INFO: [ app_init ] --END-- [ RunTime:0.001000s ]
INFO: [ app_begin ] --START--
INFO: Run Behavior\ReadHtmlCacheBehavior [ RunTime:0.001000s ]
INFO: [ app_begin ] --END-- [ RunTime:0.001000s ]
NOTIC: [2] Missing argument 4 for Home\Controller\PublicController::curlPostjson(), called in D:\phpStudy\WWW\thinkphpH\Application\Home\Controller\HotelController.class.php on line 19 and defined D:\phpStudy\WWW\thinkphpH\Application\Home\Controller\PublicController.class.php 第 19 行.

[ 2018-03-21T14:46:36+08:00 ] ::1 /thinkphpH/index.php/Home/Hotel/index
INFO: [ app_init ] --START--
INFO: Run Behavior\BuildLiteBehavior [ RunTime:0.000000s ]
INFO: [ app_init ] --END-- [ RunTime:0.000000s ]
INFO: [ app_begin ] --START--
INFO: Run Behavior\ReadHtmlCacheBehavior [ RunTime:0.001000s ]
INFO: [ app_begin ] --END-- [ RunTime:0.001000s ]
NOTIC: [2] Missing argument 4 for Home\Controller\PublicController::curlPostjson(), called in D:\phpStudy\WWW\thinkphpH\Application\Home\Controller\HotelController.class.php on line 19 and defined D:\phpStudy\WWW\thinkphpH\Application\Home\Controller\PublicController.class.php 第 19 行.

[ 2018-03-21T14:46:37+08:00 ] ::1 /thinkphpH/index.php/Home/Hotel/index
INFO: [ app_init ] --START--
INFO: Run Behavior\BuildLiteBehavior [ RunTime:0.000000s ]
INFO: [ app_init ] --END-- [ RunTime:0.001000s ]
INFO: [ app_begin ] --START--
INFO: Run Behavior\ReadHtmlCacheBehavior [ RunTime:0.000000s ]
INFO: [ app_begin ] --END-- [ RunTime:0.000000s ]
NOTIC: [2] Missing argument 4 for Home\Controller\PublicController::curlPostjson(), called in D:\phpStudy\WWW\thinkphpH\Application\Home\Controller\HotelController.class.php on line 19 and defined D:\phpStudy\WWW\thinkphpH\Application\Home\Controller\PublicController.class.php 第 19 行.

[ 2018-03-21T14:46:37+08:00 ] ::1 /thinkphpH/index.php/Home/Hotel/index
INFO: [ app_init ] --START--
INFO: Run Behavior\BuildLiteBehavior [ RunTime:0.000000s ]
INFO: [ app_init ] --END-- [ RunTime:0.001000s ]
INFO: [ app_begin ] --START--
INFO: Run Behavior\ReadHtmlCacheBehavior [ RunTime:0.001000s ]
INFO: [ app_begin ] --END-- [ RunTime:0.001000s ]
NOTIC: [2] Missing argument 4 for Home\Controller\PublicController::curlPostjson(), called in D:\phpStudy\WWW\thinkphpH\Application\Home\Controller\HotelController.class.php on line 19 and defined D:\phpStudy\WWW\thinkphpH\Application\Home\Controller\PublicController.class.php 第 19 行.

[ 2018-03-21T14:46:38+08:00 ] ::1 /thinkphpH/index.php/Home/Hotel/index
INFO: [ app_init ] --START--
INFO: Run Behavior\BuildLiteBehavior [ RunTime:0.000000s ]
INFO: [ app_init ] --END-- [ RunTime:0.000000s ]
INFO: [ app_begin ] --START--
INFO: Run Behavior\ReadHtmlCacheBehavior [ RunTime:0.000000s ]
INFO: [ app_begin ] --END-- [ RunTime:0.000000s ]
NOTIC: [2] Missing argument 4 for Home\Controller\PublicController::curlPostjson(), called in D:\phpStudy\WWW\thinkphpH\Application\Home\Controller\HotelController.class.php on line 19 and defined D:\phpStudy\WWW\thinkphpH\Application\Home\Controller\PublicController.class.php 第 19 行.

[ 2018-03-21T14:46:39+08:00 ] ::1 /thinkphpH/index.php/Home/Hotel/index
INFO: [ app_init ] --START--
INFO: Run Behavior\BuildLiteBehavior [ RunTime:0.000000s ]
INFO: [ app_init ] --END-- [ RunTime:0.000000s ]
INFO: [ app_begin ] --START--
INFO: Run Behavior\ReadHtmlCacheBehavior [ RunTime:0.001000s ]
INFO: [ app_begin ] --END-- [ RunTime:0.001000s ]
NOTIC: [2] Missing argument 4 for Home\Controller\PublicController::curlPostjson(), called in D:\phpStudy\WWW\thinkphpH\Application\Home\Controller\HotelController.class.php on line 19 and defined D:\phpStudy\WWW\thinkphpH\Application\Home\Controller\PublicController.class.php 第 19 行.

[ 2018-03-21T14:46:40+08:00 ] ::1 /thinkphpH/index.php/Home/Hotel/index
INFO: [ app_init ] --START--
INFO: Run Behavior\BuildLiteBehavior [ RunTime:0.000000s ]
INFO: [ app_init ] --END-- [ RunTime:0.000000s ]
INFO: [ app_begin ] --START--
INFO: Run Behavior\ReadHtmlCacheBehavior [ RunTime:0.000000s ]
INFO: [ app_begin ] --END-- [ RunTime:0.000000s ]
NOTIC: [2] Missing argument 4 for Home\Controller\PublicController::curlPostjson(), called in D:\phpStudy\WWW\thinkphpH\Application\Home\Controller\HotelController.class.php on line 19 and defined D:\phpStudy\WWW\thinkphpH\Application\Home\Controller\PublicController.class.php 第 19 行.

[ 2018-03-21T14:47:35+08:00 ] ::1 /thinkphpH/index.php/Home/Hotel/index
INFO: [ app_init ] --START--
INFO: Run Behavior\BuildLiteBehavior [ RunTime:0.000000s ]
INFO: [ app_init ] --END-- [ RunTime:0.000000s ]
INFO: [ app_begin ] --START--
INFO: Run Behavior\ReadHtmlCacheBehavior [ RunTime:0.001000s ]
INFO: [ app_begin ] --END-- [ RunTime:0.001000s ]
NOTIC: [2] Missing argument 4 for Home\Controller\PublicController::curlPostjson(), called in D:\phpStudy\WWW\thinkphpH\Application\Home\Controller\HotelController.class.php on line 19 and defined D:\phpStudy\WWW\thinkphpH\Application\Home\Controller\PublicController.class.php 第 19 行.

[ 2018-03-21T14:48:21+08:00 ] ::1 /thinkphpH/index.php/Home/Hotel/index
INFO: [ app_init ] --START--
INFO: Run Behavior\BuildLiteBehavior [ RunTime:0.000000s ]
INFO: [ app_init ] --END-- [ RunTime:0.001000s ]
INFO: [ app_begin ] --START--
INFO: Run Behavior\ReadHtmlCacheBehavior [ RunTime:0.000000s ]
INFO: [ app_begin ] --END-- [ RunTime:0.001000s ]
NOTIC: [2] Missing argument 4 for Home\Controller\PublicController::curlPostjson(), called in D:\phpStudy\WWW\thinkphpH\Application\Home\Controller\HotelController.class.php on line 19 and defined D:\phpStudy\WWW\thinkphpH\Application\Home\Controller\PublicController.class.php 第 19 行.

[ 2018-03-21T14:51:39+08:00 ] ::1 /thinkphpH/index.php/Home/Hotel/index
INFO: [ app_init ] --START--
INFO: Run Behavior\BuildLiteBehavior [ RunTime:0.000000s ]
INFO: [ app_init ] --END-- [ RunTime:0.001000s ]
INFO: [ app_begin ] --START--
INFO: Run Behavior\ReadHtmlCacheBehavior [ RunTime:0.003000s ]
INFO: [ app_begin ] --END-- [ RunTime:0.003000s ]
NOTIC: [2] Missing argument 4 for Home\Controller\PublicController::curlPostjson(), called in D:\phpStudy\WWW\thinkphpH\Application\Home\Controller\HotelController.class.php on line 20 and defined D:\phpStudy\WWW\thinkphpH\Application\Home\Controller\PublicController.class.php 第 19 行.

[ 2018-03-21T14:54:23+08:00 ] ::1 /thinkphpH/index.php/Home/User/sendMsg
INFO: [ app_init ] --START--
INFO: Run Behavior\BuildLiteBehavior [ RunTime:0.000000s ]
INFO: [ app_init ] --END-- [ RunTime:0.001000s ]
INFO: [ app_begin ] --START--
INFO: Run Behavior\ReadHtmlCacheBehavior [ RunTime:0.001000s ]
INFO: [ app_begin ] --END-- [ RunTime:0.001000s ]
NOTIC: [2] Missing argument 4 for Home\Controller\PublicController::curlPostjson(), called in D:\phpStudy\WWW\thinkphpH\Application\Home\Controller\UserController.class.php on line 69 and defined D:\phpStudy\WWW\thinkphpH\Application\Home\Controller\PublicController.class.php 第 19 行.

[ 2018-03-21T14:54:49+08:00 ] ::1 /thinkphpH/index.php/Home/User/sendMsg
INFO: [ app_init ] --START--
INFO: Run Behavior\BuildLiteBehavior [ RunTime:0.000000s ]
INFO: [ app_init ] --END-- [ RunTime:0.001000s ]
INFO: [ app_begin ] --START--
INFO: Run Behavior\ReadHtmlCacheBehavior [ RunTime:0.000000s ]
INFO: [ app_begin ] --END-- [ RunTime:0.000000s ]

[ 2018-03-21T14:59:01+08:00 ] ::1 /thinkphpH/index.php/Home/User/sendMsg
INFO: [ app_init ] --START--
INFO: Run Behavior\BuildLiteBehavior [ RunTime:0.000000s ]
INFO: [ app_init ] --END-- [ RunTime:0.000000s ]
INFO: [ app_begin ] --START--
INFO: Run Behavior\ReadHtmlCacheBehavior [ RunTime:0.001000s ]
INFO: [ app_begin ] --END-- [ RunTime:0.001000s ]

[ 2018-03-21T15:00:20+08:00 ] ::1 /thinkphpH/index.php/Home/User/sendMsg
INFO: [ app_init ] --START--
INFO: Run Behavior\BuildLiteBehavior [ RunTime:0.000000s ]
INFO: [ app_init ] --END-- [ RunTime:0.001000s ]
INFO: [ app_begin ] --START--
INFO: Run Behavior\ReadHtmlCacheBehavior [ RunTime:0.000000s ]
INFO: [ app_begin ] --END-- [ RunTime:0.000000s ]
NOTIC: [2] Missing argument 4 for Home\Controller\PublicController::curlPostjson(), called in D:\phpStudy\WWW\thinkphpH\Application\Home\Controller\UserController.class.php on line 69 and defined D:\phpStudy\WWW\thinkphpH\Application\Home\Controller\PublicController.class.php 第 19 行.

[ 2018-03-21T15:04:54+08:00 ] ::1 /thinkphpH/index.php/Home/User/sendMsg
INFO: [ app_init ] --START--
INFO: Run Behavior\BuildLiteBehavior [ RunTime:0.000000s ]
INFO: [ app_init ] --END-- [ RunTime:0.001000s ]
INFO: [ app_begin ] --START--
INFO: Run Behavior\ReadHtmlCacheBehavior [ RunTime:0.000000s ]
INFO: [ app_begin ] --END-- [ RunTime:0.000000s ]
NOTIC: [2] Missing argument 4 for Home\Controller\PublicController::curlPostjson(), called in D:\phpStudy\WWW\thinkphpH\Application\Home\Controller\UserController.class.php on line 69 and defined D:\phpStudy\WWW\thinkphpH\Application\Home\Controller\PublicController.class.php 第 19 行.

[ 2018-03-21T15:05:02+08:00 ] ::1 /thinkphpH/index.php/Home/Hotel/index
INFO: [ app_init ] --START--
INFO: Run Behavior\BuildLiteBehavior [ RunTime:0.000000s ]
INFO: [ app_init ] --END-- [ RunTime:0.001000s ]
INFO: [ app_begin ] --START--
INFO: Run Behavior\ReadHtmlCacheBehavior [ RunTime:0.001000s ]
INFO: [ app_begin ] --END-- [ RunTime:0.001000s ]
NOTIC: [2] Missing argument 4 for Home\Controller\PublicController::curlPostjson(), called in D:\phpStudy\WWW\thinkphpH\Application\Home\Controller\HotelController.class.php on line 20 and defined D:\phpStudy\WWW\thinkphpH\Application\Home\Controller\PublicController.class.php 第 19 行.

[ 2018-03-21T15:05:20+08:00 ] ::1 /thinkphpH/index.php/Home/Hotel/index
INFO: [ app_init ] --START--
INFO: Run Behavior\BuildLiteBehavior [ RunTime:0.000000s ]
INFO: [ app_init ] --END-- [ RunTime:0.000000s ]
INFO: [ app_begin ] --START--
INFO: Run Behavior\ReadHtmlCacheBehavior [ RunTime:0.001000s ]
INFO: [ app_begin ] --END-- [ RunTime:0.001000s ]
NOTIC: [2] Missing argument 4 for Home\Controller\PublicController::curlPostjson(), called in D:\phpStudy\WWW\thinkphpH\Application\Home\Controller\HotelController.class.php on line 20 and defined D:\phpStudy\WWW\thinkphpH\Application\Home\Controller\PublicController.class.php 第 19 行.

[ 2018-03-21T15:05:50+08:00 ] ::1 /thinkphpH/index.php/Home/Hotel/index
INFO: [ app_init ] --START--
INFO: Run Behavior\BuildLiteBehavior [ RunTime:0.000000s ]
INFO: [ app_init ] --END-- [ RunTime:0.000000s ]
INFO: [ app_begin ] --START--
INFO: Run Behavior\ReadHtmlCacheBehavior [ RunTime:0.000000s ]
INFO: [ app_begin ] --END-- [ RunTime:0.000000s ]
NOTIC: [2] Missing argument 4 for Home\Controller\PublicController::curlPostjson(), called in D:\phpStudy\WWW\thinkphpH\Application\Home\Controller\HotelController.class.php on line 20 and defined D:\phpStudy\WWW\thinkphpH\Application\Home\Controller\PublicController.class.php 第 19 行.

[ 2018-03-21T15:07:07+08:00 ] ::1 /thinkphpH/index.php/Home/Hotel/index
INFO: [ app_init ] --START--
INFO: Run Behavior\BuildLiteBehavior [ RunTime:0.000000s ]
INFO: [ app_init ] --END-- [ RunTime:0.000000s ]
INFO: [ app_begin ] --START--
INFO: Run Behavior\ReadHtmlCacheBehavior [ RunTime:0.001000s ]
INFO: [ app_begin ] --END-- [ RunTime:0.001000s ]
NOTIC: [2] Missing argument 4 for Home\Controller\PublicController::curlPostjson(), called in D:\phpStudy\WWW\thinkphpH\Application\Home\Controller\HotelController.class.php on line 20 and defined D:\phpStudy\WWW\thinkphpH\Application\Home\Controller\PublicController.class.php 第 19 行.

[ 2018-03-21T15:07:08+08:00 ] ::1 /thinkphpH/index.php/Home/Hotel/index
INFO: [ app_init ] --START--
INFO: Run Behavior\BuildLiteBehavior [ RunTime:0.000000s ]
INFO: [ app_init ] --END-- [ RunTime:0.001000s ]
INFO: [ app_begin ] --START--
INFO: Run Behavior\ReadHtmlCacheBehavior [ RunTime:0.000000s ]
INFO: [ app_begin ] --END-- [ RunTime:0.001000s ]
NOTIC: [2] Missing argument 4 for Home\Controller\PublicController::curlPostjson(), called in D:\phpStudy\WWW\thinkphpH\Application\Home\Controller\HotelController.class.php on line 20 and defined D:\phpStudy\WWW\thinkphpH\Application\Home\Controller\PublicController.class.php 第 19 行.

[ 2018-03-21T15:07:16+08:00 ] ::1 /thinkphpH/index.php/Home/Hotel/index
INFO: [ app_init ] --START--
INFO: Run Behavior\BuildLiteBehavior [ RunTime:0.000000s ]
INFO: [ app_init ] --END-- [ RunTime:0.000000s ]
INFO: [ app_begin ] --START--
INFO: Run Behavior\ReadHtmlCacheBehavior [ RunTime:0.000000s ]
INFO: [ app_begin ] --END-- [ RunTime:0.001000s ]
NOTIC: [2] Missing argument 4 for Home\Controller\PublicController::curlPostjson(), called in D:\phpStudy\WWW\thinkphpH\Application\Home\Controller\HotelController.class.php on line 20 and defined D:\phpStudy\WWW\thinkphpH\Application\Home\Controller\PublicController.class.php 第 19 行.

[ 2018-03-21T15:07:28+08:00 ] ::1 /thinkphpH/index.php/Home/Hotel/index
INFO: [ app_init ] --START--
INFO: Run Behavior\BuildLiteBehavior [ RunTime:0.000000s ]
INFO: [ app_init ] --END-- [ RunTime:0.001000s ]
INFO: [ app_begin ] --START--
INFO: Run Behavior\ReadHtmlCacheBehavior [ RunTime:0.001000s ]
INFO: [ app_begin ] --END-- [ RunTime:0.001000s ]
NOTIC: [2] Missing argument 4 for Home\Controller\PublicController::curlPostjson(), called in D:\phpStudy\WWW\thinkphpH\Application\Home\Controller\HotelController.class.php on line 20 and defined D:\phpStudy\WWW\thinkphpH\Application\Home\Controller\PublicController.class.php 第 19 行.

[ 2018-03-21T15:07:41+08:00 ] ::1 /thinkphpH/index.php/Home/Hotel/index
INFO: [ app_init ] --START--
INFO: Run Behavior\BuildLiteBehavior [ RunTime:0.000000s ]
INFO: [ app_init ] --END-- [ RunTime:0.001000s ]
INFO: [ app_begin ] --START--
INFO: Run Behavior\ReadHtmlCacheBehavior [ RunTime:0.000000s ]
INFO: [ app_begin ] --END-- [ RunTime:0.000000s ]
NOTIC: [2] Missing argument 4 for Home\Controller\PublicController::curlPostjson(), called in D:\phpStudy\WWW\thinkphpH\Application\Home\Controller\HotelController.class.php on line 20 and defined D:\phpStudy\WWW\thinkphpH\Application\Home\Controller\PublicController.class.php 第 19 行.

[ 2018-03-21T15:07:42+08:00 ] ::1 /thinkphpH/index.php/Home/Hotel/index
INFO: [ app_init ] --START--
INFO: Run Behavior\BuildLiteBehavior [ RunTime:0.000000s ]
INFO: [ app_init ] --END-- [ RunTime:0.000000s ]
INFO: [ app_begin ] --START--
INFO: Run Behavior\ReadHtmlCacheBehavior [ RunTime:0.000000s ]
INFO: [ app_begin ] --END-- [ RunTime:0.000000s ]
NOTIC: [2] Missing argument 4 for Home\Controller\PublicController::curlPostjson(), called in D:\phpStudy\WWW\thinkphpH\Application\Home\Controller\HotelController.class.php on line 20 and defined D:\phpStudy\WWW\thinkphpH\Application\Home\Controller\PublicController.class.php 第 19 行.

[ 2018-03-21T15:07:44+08:00 ] ::1 /thinkphpH/index.php/Home/Hotel/index
INFO: [ app_init ] --START--
INFO: Run Behavior\BuildLiteBehavior [ RunTime:0.000000s ]
INFO: [ app_init ] --END-- [ RunTime:0.001000s ]
INFO: [ app_begin ] --START--
INFO: Run Behavior\ReadHtmlCacheBehavior [ RunTime:0.001000s ]
INFO: [ app_begin ] --END-- [ RunTime:0.001000s ]
NOTIC: [2] Missing argument 4 for Home\Controller\PublicController::curlPostjson(), called in D:\phpStudy\WWW\thinkphpH\Application\Home\Controller\HotelController.class.php on line 20 and defined D:\phpStudy\WWW\thinkphpH\Application\Home\Controller\PublicController.class.php 第 19 行.

[ 2018-03-21T15:07:45+08:00 ] ::1 /thinkphpH/index.php/Home/Hotel/index
INFO: [ app_init ] --START--
INFO: Run Behavior\BuildLiteBehavior [ RunTime:0.000000s ]
INFO: [ app_init ] --END-- [ RunTime:0.000000s ]
INFO: [ app_begin ] --START--
INFO: Run Behavior\ReadHtmlCacheBehavior [ RunTime:0.001000s ]
INFO: [ app_begin ] --END-- [ RunTime:0.001000s ]
NOTIC: [2] Missing argument 4 for Home\Controller\PublicController::curlPostjson(), called in D:\phpStudy\WWW\thinkphpH\Application\Home\Controller\HotelController.class.php on line 20 and defined D:\phpStudy\WWW\thinkphpH\Application\Home\Controller\PublicController.class.php 第 19 行.

[ 2018-03-21T15:07:45+08:00 ] ::1 /thinkphpH/index.php/Home/Hotel/index
INFO: [ app_init ] --START--
INFO: Run Behavior\BuildLiteBehavior [ RunTime:0.000000s ]
INFO: [ app_init ] --END-- [ RunTime:0.001000s ]
INFO: [ app_begin ] --START--
INFO: Run Behavior\ReadHtmlCacheBehavior [ RunTime:0.000000s ]
INFO: [ app_begin ] --END-- [ RunTime:0.000000s ]
NOTIC: [2] Missing argument 4 for Home\Controller\PublicController::curlPostjson(), called in D:\phpStudy\WWW\thinkphpH\Application\Home\Controller\HotelController.class.php on line 20 and defined D:\phpStudy\WWW\thinkphpH\Application\Home\Controller\PublicController.class.php 第 19 行.

[ 2018-03-21T15:07:46+08:00 ] ::1 /thinkphpH/index.php/Home/Hotel/index
INFO: [ app_init ] --START--
INFO: Run Behavior\BuildLiteBehavior [ RunTime:0.000000s ]
INFO: [ app_init ] --END-- [ RunTime:0.000000s ]
INFO: [ app_begin ] --START--
INFO: Run Behavior\ReadHtmlCacheBehavior [ RunTime:0.001000s ]
INFO: [ app_begin ] --END-- [ RunTime:0.001000s ]
NOTIC: [2] Missing argument 4 for Home\Controller\PublicController::curlPostjson(), called in D:\phpStudy\WWW\thinkphpH\Application\Home\Controller\HotelController.class.php on line 20 and defined D:\phpStudy\WWW\thinkphpH\Application\Home\Controller\PublicController.class.php 第 19 行.

[ 2018-03-21T15:07:47+08:00 ] ::1 /thinkphpH/index.php/Home/Hotel/index
INFO: [ app_init ] --START--
INFO: Run Behavior\BuildLiteBehavior [ RunTime:0.000000s ]
INFO: [ app_init ] --END-- [ RunTime:0.000000s ]
INFO: [ app_begin ] --START--
INFO: Run Behavior\ReadHtmlCacheBehavior [ RunTime:0.001000s ]
INFO: [ app_begin ] --END-- [ RunTime:0.001000s ]
NOTIC: [2] Missing argument 4 for Home\Controller\PublicController::curlPostjson(), called in D:\phpStudy\WWW\thinkphpH\Application\Home\Controller\HotelController.class.php on line 20 and defined D:\phpStudy\WWW\thinkphpH\Application\Home\Controller\PublicController.class.php 第 19 行.

[ 2018-03-21T15:07:48+08:00 ] ::1 /thinkphpH/index.php/Home/Hotel/index
INFO: [ app_init ] --START--
INFO: Run Behavior\BuildLiteBehavior [ RunTime:0.000000s ]
INFO: [ app_init ] --END-- [ RunTime:0.001000s ]
INFO: [ app_begin ] --START--
INFO: Run Behavior\ReadHtmlCacheBehavior [ RunTime:0.000000s ]
INFO: [ app_begin ] --END-- [ RunTime:0.000000s ]
NOTIC: [2] Missing argument 4 for Home\Controller\PublicController::curlPostjson(), called in D:\phpStudy\WWW\thinkphpH\Application\Home\Controller\HotelController.class.php on line 20 and defined D:\phpStudy\WWW\thinkphpH\Application\Home\Controller\PublicController.class.php 第 19 行.

[ 2018-03-21T15:07:48+08:00 ] ::1 /thinkphpH/index.php/Home/Hotel/index
INFO: [ app_init ] --START--
INFO: Run Behavior\BuildLiteBehavior [ RunTime:0.000000s ]
INFO: [ app_init ] --END-- [ RunTime:0.000000s ]
INFO: [ app_begin ] --START--
INFO: Run Behavior\ReadHtmlCacheBehavior [ RunTime:0.001000s ]
INFO: [ app_begin ] --END-- [ RunTime:0.001000s ]
NOTIC: [2] Missing argument 4 for Home\Controller\PublicController::curlPostjson(), called in D:\phpStudy\WWW\thinkphpH\Application\Home\Controller\HotelController.class.php on line 20 and defined D:\phpStudy\WWW\thinkphpH\Application\Home\Controller\PublicController.class.php 第 19 行.

[ 2018-03-21T15:07:58+08:00 ] ::1 /thinkphpH/index.php/Home/Hotel/index
INFO: [ app_init ] --START--
INFO: Run Behavior\BuildLiteBehavior [ RunTime:0.000000s ]
INFO: [ app_init ] --END-- [ RunTime:0.001000s ]
INFO: [ app_begin ] --START--
INFO: Run Behavior\ReadHtmlCacheBehavior [ RunTime:0.000000s ]
INFO: [ app_begin ] --END-- [ RunTime:0.000000s ]
NOTIC: [2] Missing argument 4 for Home\Controller\PublicController::curlPostjson(), called in D:\phpStudy\WWW\thinkphpH\Application\Home\Controller\HotelController.class.php on line 20 and defined D:\phpStudy\WWW\thinkphpH\Application\Home\Controller\PublicController.class.php 第 19 行.

[ 2018-03-21T15:07:59+08:00 ] ::1 /thinkphpH/index.php/Home/Hotel/index
INFO: [ app_init ] --START--
INFO: Run Behavior\BuildLiteBehavior [ RunTime:0.000000s ]
INFO: [ app_init ] --END-- [ RunTime:0.001000s ]
INFO: [ app_begin ] --START--
INFO: Run Behavior\ReadHtmlCacheBehavior [ RunTime:0.000000s ]
INFO: [ app_begin ] --END-- [ RunTime:0.000000s ]
NOTIC: [2] Missing argument 4 for Home\Controller\PublicController::curlPostjson(), called in D:\phpStudy\WWW\thinkphpH\Application\Home\Controller\HotelController.class.php on line 20 and defined D:\phpStudy\WWW\thinkphpH\Application\Home\Controller\PublicController.class.php 第 19 行.

[ 2018-03-21T15:08:00+08:00 ] ::1 /thinkphpH/index.php/Home/Hotel/index
INFO: [ app_init ] --START--
INFO: Run Behavior\BuildLiteBehavior [ RunTime:0.000000s ]
INFO: [ app_init ] --END-- [ RunTime:0.001000s ]
INFO: [ app_begin ] --START--
INFO: Run Behavior\ReadHtmlCacheBehavior [ RunTime:0.001000s ]
INFO: [ app_begin ] --END-- [ RunTime:0.001000s ]
NOTIC: [2] Missing argument 4 for Home\Controller\PublicController::curlPostjson(), called in D:\phpStudy\WWW\thinkphpH\Application\Home\Controller\HotelController.class.php on line 20 and defined D:\phpStudy\WWW\thinkphpH\Application\Home\Controller\PublicController.class.php 第 19 行.

[ 2018-03-21T15:10:24+08:00 ] ::1 /thinkphpH/index.php/Home/Hotel/index
INFO: [ app_init ] --START--
INFO: Run Behavior\BuildLiteBehavior [ RunTime:0.000000s ]
INFO: [ app_init ] --END-- [ RunTime:0.001000s ]
INFO: [ app_begin ] --START--
INFO: Run Behavior\ReadHtmlCacheBehavior [ RunTime:0.000000s ]
INFO: [ app_begin ] --END-- [ RunTime:0.000000s ]
NOTIC: [2] Missing argument 4 for Home\Controller\PublicController::curlPostjson(), called in D:\phpStudy\WWW\thinkphpH\Application\Home\Controller\HotelController.class.php on line 20 and defined D:\phpStudy\WWW\thinkphpH\Application\Home\Controller\PublicController.class.php 第 19 行.

[ 2018-03-21T15:10:32+08:00 ] ::1 /thinkphpH/index.php/Home/Hotel/index
INFO: [ app_init ] --START--
INFO: Run Behavior\BuildLiteBehavior [ RunTime:0.000000s ]
INFO: [ app_init ] --END-- [ RunTime:0.000000s ]
INFO: [ app_begin ] --START--
INFO: Run Behavior\ReadHtmlCacheBehavior [ RunTime:0.001000s ]
INFO: [ app_begin ] --END-- [ RunTime:0.001000s ]
NOTIC: [2] Missing argument 4 for Home\Controller\PublicController::curlPostjson(), called in D:\phpStudy\WWW\thinkphpH\Application\Home\Controller\HotelController.class.php on line 20 and defined D:\phpStudy\WWW\thinkphpH\Application\Home\Controller\PublicController.class.php 第 19 行.

[ 2018-03-21T15:10:50+08:00 ] ::1 /thinkphpH/index.php/Home/Hotel/info
INFO: [ app_init ] --START--
INFO: Run Behavior\BuildLiteBehavior [ RunTime:0.000000s ]
INFO: [ app_init ] --END-- [ RunTime:0.001000s ]
INFO: [ app_begin ] --START--
INFO: Run Behavior\ReadHtmlCacheBehavior [ RunTime:0.000000s ]
INFO: [ app_begin ] --END-- [ RunTime:0.000000s ]
NOTIC: [8] Array to string conversion D:\phpStudy\WWW\thinkphpH\Application\Home\Controller\HotelController.class.php 第 35 行.
NOTIC: [2] Missing argument 4 for Home\Controller\PublicController::curlPostjson(), called in D:\phpStudy\WWW\thinkphpH\Application\Home\Controller\HotelController.class.php on line 37 and defined D:\phpStudy\WWW\thinkphpH\Application\Home\Controller\PublicController.class.php 第 19 行.
ERR: 模板不存在:./Application/Home/View/Hotel/info.html

[ 2018-03-21T15:10:56+08:00 ] ::1 /thinkphpH/index.php/Home/Hotel/info
INFO: [ app_init ] --START--
INFO: Run Behavior\BuildLiteBehavior [ RunTime:0.000000s ]
INFO: [ app_init ] --END-- [ RunTime:0.001000s ]
INFO: [ app_begin ] --START--
INFO: Run Behavior\ReadHtmlCacheBehavior [ RunTime:0.000000s ]
INFO: [ app_begin ] --END-- [ RunTime:0.000000s ]
NOTIC: [8] Array to string conversion D:\phpStudy\WWW\thinkphpH\Application\Home\Controller\HotelController.class.php 第 35 行.
NOTIC: [2] Missing argument 4 for Home\Controller\PublicController::curlPostjson(), called in D:\phpStudy\WWW\thinkphpH\Application\Home\Controller\HotelController.class.php on line 37 and defined D:\phpStudy\WWW\thinkphpH\Application\Home\Controller\PublicController.class.php 第 19 行.

[ 2018-03-21T15:11:53+08:00 ] ::1 /thinkphpH/index.php/Home/Hotel/index
INFO: [ app_init ] --START--
INFO: Run Behavior\BuildLiteBehavior [ RunTime:0.000000s ]
INFO: [ app_init ] --END-- [ RunTime:0.001000s ]
INFO: [ app_begin ] --START--
INFO: Run Behavior\ReadHtmlCacheBehavior [ RunTime:0.000000s ]
INFO: [ app_begin ] --END-- [ RunTime:0.000000s ]
NOTIC: [2] Missing argument 4 for Home\Controller\PublicController::curlPostjson(), called in D:\phpStudy\WWW\thinkphpH\Application\Home\Controller\HotelController.class.php on line 20 and defined D:\phpStudy\WWW\thinkphpH\Application\Home\Controller\PublicController.class.php 第 19 行.

[ 2018-03-21T15:12:02+08:00 ] ::1 /thinkphpH/index.php/Home/Hotel/index
INFO: [ app_init ] --START--
INFO: Run Behavior\BuildLiteBehavior [ RunTime:0.000000s ]
INFO: [ app_init ] --END-- [ RunTime:0.001000s ]
INFO: [ app_begin ] --START--
INFO: Run Behavior\ReadHtmlCacheBehavior [ RunTime:0.001000s ]
INFO: [ app_begin ] --END-- [ RunTime:0.001000s ]
NOTIC: [2] Missing argument 4 for Home\Controller\PublicController::curlPostjson(), called in D:\phpStudy\WWW\thinkphpH\Application\Home\Controller\HotelController.class.php on line 20 and defined D:\phpStudy\WWW\thinkphpH\Application\Home\Controller\PublicController.class.php 第 19 行.

[ 2018-03-21T15:21:06+08:00 ] ::1 /thinkphpH/index.php/Home/User/sendMsgByType?id=1
INFO: [ app_init ] --START--
INFO: Run Behavior\BuildLiteBehavior [ RunTime:0.000000s ]
INFO: [ app_init ] --END-- [ RunTime:0.001000s ]
INFO: [ app_begin ] --START--
INFO: Run Behavior\ReadHtmlCacheBehavior [ RunTime:0.001000s ]
INFO: [ app_begin ] --END-- [ RunTime:0.003000s ]
NOTIC: [2] Missing argument 4 for Home\Controller\PublicController::curlPostjson(), called in D:\phpStudy\WWW\thinkphpH\Application\Home\Controller\UserController.class.php on line 62 and defined D:\phpStudy\WWW\thinkphpH\Application\Home\Controller\PublicController.class.php 第 19 行.

[ 2018-03-21T15:21:25+08:00 ] ::1 /thinkphpH/index.php/Home/User/sendMsgByType?id=1
INFO: [ app_init ] --START--
INFO: Run Behavior\BuildLiteBehavior [ RunTime:0.000000s ]
INFO: [ app_init ] --END-- [ RunTime:0.000000s ]
INFO: [ app_begin ] --START--
INFO: Run Behavior\ReadHtmlCacheBehavior [ RunTime:0.001000s ]
INFO: [ app_begin ] --END-- [ RunTime:0.001000s ]
NOTIC: [2] Missing argument 4 for Home\Controller\PublicController::curlPostjson(), called in D:\phpStudy\WWW\thinkphpH\Application\Home\Controller\UserController.class.php on line 62 and defined D:\phpStudy\WWW\thinkphpH\Application\Home\Controller\PublicController.class.php 第 19 行.

[ 2018-03-21T15:21:50+08:00 ] ::1 /thinkphpH/index.php/Home/User/sendMsgByType?id=1
INFO: [ app_init ] --START--
INFO: Run Behavior\BuildLiteBehavior [ RunTime:0.000000s ]
INFO: [ app_init ] --END-- [ RunTime:0.000000s ]
INFO: [ app_begin ] --START--
INFO: Run Behavior\ReadHtmlCacheBehavior [ RunTime:0.000000s ]
INFO: [ app_begin ] --END-- [ RunTime:0.000000s ]
NOTIC: [2] Missing argument 4 for Home\Controller\PublicController::curlPostjson(), called in D:\phpStudy\WWW\thinkphpH\Application\Home\Controller\UserController.class.php on line 62 and defined D:\phpStudy\WWW\thinkphpH\Application\Home\Controller\PublicController.class.php 第 19 行.

[ 2018-03-21T15:22:04+08:00 ] ::1 /thinkphpH/index.php/Home/User/sendMsgByType?id=1
INFO: [ app_init ] --START--
INFO: Run Behavior\BuildLiteBehavior [ RunTime:0.000000s ]
INFO: [ app_init ] --END-- [ RunTime:0.000000s ]
INFO: [ app_begin ] --START--
INFO: Run Behavior\ReadHtmlCacheBehavior [ RunTime:0.000000s ]
INFO: [ app_begin ] --END-- [ RunTime:0.001000s ]
NOTIC: [2] Missing argument 4 for Home\Controller\PublicController::curlPostjson(), called in D:\phpStudy\WWW\thinkphpH\Application\Home\Controller\UserController.class.php on line 62 and defined D:\phpStudy\WWW\thinkphpH\Application\Home\Controller\PublicController.class.php 第 19 行.

[ 2018-03-21T15:22:08+08:00 ] ::1 /thinkphpH/index.php/Home/User/sendMsgByType?id=1
INFO: [ app_init ] --START--
INFO: Run Behavior\BuildLiteBehavior [ RunTime:0.000000s ]
INFO: [ app_init ] --END-- [ RunTime:0.001000s ]
INFO: [ app_begin ] --START--
INFO: Run Behavior\ReadHtmlCacheBehavior [ RunTime:0.000000s ]
INFO: [ app_begin ] --END-- [ RunTime:0.000000s ]
NOTIC: [2] Missing argument 4 for Home\Controller\PublicController::curlPostjson(), called in D:\phpStudy\WWW\thinkphpH\Application\Home\Controller\UserController.class.php on line 62 and defined D:\phpStudy\WWW\thinkphpH\Application\Home\Controller\PublicController.class.php 第 19 行.

[ 2018-03-21T15:28:37+08:00 ] ::1 /thinkphpH/index.php/Home/User/sendMsgByType?id=1
INFO: [ app_init ] --START--
INFO: Run Behavior\BuildLiteBehavior [ RunTime:0.000000s ]
INFO: [ app_init ] --END-- [ RunTime:0.001000s ]
INFO: [ app_begin ] --START--
INFO: Run Behavior\ReadHtmlCacheBehavior [ RunTime:0.000000s ]
INFO: [ app_begin ] --END-- [ RunTime:0.000000s ]
NOTIC: [2] Missing argument 4 for Home\Controller\PublicController::curlPostjson(), called in D:\phpStudy\WWW\thinkphpH\Application\Home\Controller\UserController.class.php on line 62 and defined D:\phpStudy\WWW\thinkphpH\Application\Home\Controller\PublicController.class.php 第 19 行.

[ 2018-03-21T15:32:28+08:00 ] ::1 /thinkphpH/index.php/Home/User/sendMsgByType?id=1
INFO: [ app_init ] --START--
INFO: Run Behavior\BuildLiteBehavior [ RunTime:0.000000s ]
INFO: [ app_init ] --END-- [ RunTime:0.000000s ]
INFO: [ app_begin ] --START--
INFO: Run Behavior\ReadHtmlCacheBehavior [ RunTime:0.001000s ]
INFO: [ app_begin ] --END-- [ RunTime:0.001000s ]
NOTIC: [2] Missing argument 4 for Home\Controller\PublicController::curlPostjson(), called in D:\phpStudy\WWW\thinkphpH\Application\Home\Controller\UserController.class.php on line 62 and defined D:\phpStudy\WWW\thinkphpH\Application\Home\Controller\PublicController.class.php 第 19 行.

[ 2018-03-21T15:38:23+08:00 ] ::1 /thinkphpH/index.php/Home/User/sendMsg
INFO: [ app_init ] --START--
INFO: Run Behavior\BuildLiteBehavior [ RunTime:0.000000s ]
INFO: [ app_init ] --END-- [ RunTime:0.000000s ]
INFO: [ app_begin ] --START--
INFO: Run Behavior\ReadHtmlCacheBehavior [ RunTime:0.001000s ]
INFO: [ app_begin ] --END-- [ RunTime:0.001000s ]
NOTIC: [2] Missing argument 4 for Home\Controller\PublicController::curlPostjson(), called in D:\phpStudy\WWW\thinkphpH\Application\Home\Controller\UserController.class.php on line 77 and defined D:\phpStudy\WWW\thinkphpH\Application\Home\Controller\PublicController.class.php 第 19 行.

[ 2018-03-21T15:39:02+08:00 ] ::1 /thinkphpH/index.php/Home/Hotel/index
INFO: [ app_init ] --START--
INFO: Run Behavior\BuildLiteBehavior [ RunTime:0.000000s ]
INFO: [ app_init ] --END-- [ RunTime:0.001000s ]
INFO: [ app_begin ] --START--
INFO: Run Behavior\ReadHtmlCacheBehavior [ RunTime:0.001000s ]
INFO: [ app_begin ] --END-- [ RunTime:0.001000s ]
NOTIC: [2] Missing argument 4 for Home\Controller\PublicController::curlPostjson(), called in D:\phpStudy\WWW\thinkphpH\Application\Home\Controller\HotelController.class.php on line 20 and defined D:\phpStudy\WWW\thinkphpH\Application\Home\Controller\PublicController.class.php 第 19 行.

[ 2018-03-21T17:01:05+08:00 ] ::1 /thinkphpH/index.php/Home/Hotel/index
INFO: [ app_init ] --START--
INFO: Run Behavior\BuildLiteBehavior [ RunTime:0.000000s ]
INFO: [ app_init ] --END-- [ RunTime:0.000000s ]
INFO: [ app_begin ] --START--
INFO: Run Behavior\ReadHtmlCacheBehavior [ RunTime:0.002000s ]
INFO: [ app_begin ] --END-- [ RunTime:0.002000s ]
NOTIC: [2] Missing argument 4 for Home\Controller\PublicController::curlPostjson(), called in D:\phpStudy\WWW\thinkphpH\Application\Home\Controller\HotelController.class.php on line 20 and defined D:\phpStudy\WWW\thinkphpH\Application\Home\Controller\PublicController.class.php 第 19 行.

[ 2018-03-21T17:09:41+08:00 ] ::1 /thinkphpH/index.php/Home/Hotel/index
INFO: [ app_init ] --START--
INFO: Run Behavior\BuildLiteBehavior [ RunTime:0.000000s ]
INFO: [ app_init ] --END-- [ RunTime:0.001000s ]
INFO: [ app_begin ] --START--
INFO: Run Behavior\ReadHtmlCacheBehavior [ RunTime:0.000000s ]
INFO: [ app_begin ] --END-- [ RunTime:0.000000s ]
NOTIC: [2] Missing argument 4 for Home\Controller\PublicController::curlPostjson(), called in D:\phpStudy\WWW\thinkphpH\Application\Home\Controller\HotelController.class.php on line 20 and defined D:\phpStudy\WWW\thinkphpH\Application\Home\Controller\PublicController.class.php 第 19 行.

