[ 2018-03-20T10:56:04+08:00 ] ::1 /thinkphpH/index.php/Home/Park/index
INFO: [ app_init ] --START--
INFO: Run Behavior\BuildLiteBehavior [ RunTime:0.000000s ]
INFO: [ app_init ] --END-- [ RunTime:0.001000s ]
INFO: [ app_begin ] --START--
INFO: Run Behavior\ReadHtmlCacheBehavior [ RunTime:0.001000s ]
INFO: [ app_begin ] --END-- [ RunTime:0.001000s ]
NOTIC: [8] Array to string conversion D:\phpStudy\WWW\thinkphpH\Application\Home\Controller\ParkController.class.php 第 20 行.
NOTIC: [2] Missing argument 4 for Home\Controller\PublicController::curlPostjson(), called in D:\phpStudy\WWW\thinkphpH\Application\Home\Controller\ParkController.class.php on line 22 and defined D:\phpStudy\WWW\thinkphpH\Application\Home\Controller\PublicController.class.php 第 17 行.
ERR: 模板不存在:./Application/Home/View/Park/index.html

[ 2018-03-20T10:57:00+08:00 ] ::1 /thinkphpH/index.php/Home/Park/index
INFO: [ app_init ] --START--
INFO: Run Behavior\BuildLiteBehavior [ RunTime:0.000000s ]
INFO: [ app_init ] --END-- [ RunTime:0.001000s ]
INFO: [ app_begin ] --START--
INFO: Run Behavior\ReadHtmlCacheBehavior [ RunTime:0.000000s ]
INFO: [ app_begin ] --END-- [ RunTime:0.000000s ]
NOTIC: [8] Array to string conversion D:\phpStudy\WWW\thinkphpH\Application\Home\Controller\ParkController.class.php 第 22 行.
NOTIC: [2] Missing argument 4 for Home\Controller\PublicController::curlPostjson(), called in D:\phpStudy\WWW\thinkphpH\Application\Home\Controller\ParkController.class.php on line 24 and defined D:\phpStudy\WWW\thinkphpH\Application\Home\Controller\PublicController.class.php 第 19 行.
ERR: 模板不存在:./Application/Home/View/Park/index.html

[ 2018-03-20T10:57:01+08:00 ] ::1 /thinkphpH/index.php/Home/Park/index
INFO: [ app_init ] --START--
INFO: Run Behavior\BuildLiteBehavior [ RunTime:0.000000s ]
INFO: [ app_init ] --END-- [ RunTime:0.000000s ]
INFO: [ app_begin ] --START--
INFO: Run Behavior\ReadHtmlCacheBehavior [ RunTime:0.001000s ]
INFO: [ app_begin ] --END-- [ RunTime:0.001000s ]
NOTIC: [8] Array to string conversion D:\phpStudy\WWW\thinkphpH\Application\Home\Controller\ParkController.class.php 第 22 行.
NOTIC: [2] Missing argument 4 for Home\Controller\PublicController::curlPostjson(), called in D:\phpStudy\WWW\thinkphpH\Application\Home\Controller\ParkController.class.php on line 24 and defined D:\phpStudy\WWW\thinkphpH\Application\Home\Controller\PublicController.class.php 第 19 行.
ERR: 模板不存在:./Application/Home/View/Park/index.html

[ 2018-03-20T10:57:02+08:00 ] ::1 /thinkphpH/index.php/Home/Park/index
INFO: [ app_init ] --START--
INFO: Run Behavior\BuildLiteBehavior [ RunTime:0.000000s ]
INFO: [ app_init ] --END-- [ RunTime:0.001000s ]
INFO: [ app_begin ] --START--
INFO: Run Behavior\ReadHtmlCacheBehavior [ RunTime:0.000000s ]
INFO: [ app_begin ] --END-- [ RunTime:0.000000s ]
NOTIC: [8] Array to string conversion D:\phpStudy\WWW\thinkphpH\Application\Home\Controller\ParkController.class.php 第 22 行.
NOTIC: [2] Missing argument 4 for Home\Controller\PublicController::curlPostjson(), called in D:\phpStudy\WWW\thinkphpH\Application\Home\Controller\ParkController.class.php on line 24 and defined D:\phpStudy\WWW\thinkphpH\Application\Home\Controller\PublicController.class.php 第 19 行.
ERR: 模板不存在:./Application/Home/View/Park/index.html

[ 2018-03-20T10:57:11+08:00 ] ::1 /thinkphpH/index.php/Home/Park/index
INFO: [ app_init ] --START--
INFO: Run Behavior\BuildLiteBehavior [ RunTime:0.000000s ]
INFO: [ app_init ] --END-- [ RunTime:0.001000s ]
INFO: [ app_begin ] --START--
INFO: Run Behavior\ReadHtmlCacheBehavior [ RunTime:0.001000s ]
INFO: [ app_begin ] --END-- [ RunTime:0.001000s ]
NOTIC: [8] Array to string conversion D:\phpStudy\WWW\thinkphpH\Application\Home\Controller\ParkController.class.php 第 22 行.
NOTIC: [2] Missing argument 4 for Home\Controller\PublicController::curlPostjson(), called in D:\phpStudy\WWW\thinkphpH\Application\Home\Controller\ParkController.class.php on line 24 and defined D:\phpStudy\WWW\thinkphpH\Application\Home\Controller\PublicController.class.php 第 19 行.
ERR: 模板不存在:./Application/Home/View/Park/index.html

[ 2018-03-20T11:31:39+08:00 ] ::1 /thinkphpH/index.php/Home/Park/index
INFO: [ app_init ] --START--
INFO: Run Behavior\BuildLiteBehavior [ RunTime:0.000000s ]
INFO: [ app_init ] --END-- [ RunTime:0.000000s ]
INFO: [ app_begin ] --START--
INFO: Run Behavior\ReadHtmlCacheBehavior [ RunTime:0.000000s ]
INFO: [ app_begin ] --END-- [ RunTime:0.000000s ]
NOTIC: [8] Array to string conversion D:\phpStudy\WWW\thinkphpH\Application\Home\Controller\ParkController.class.php 第 20 行.

[ 2018-03-20T11:31:57+08:00 ] ::1 /thinkphpH/index.php/Home/Park/index
INFO: [ app_init ] --START--
INFO: Run Behavior\BuildLiteBehavior [ RunTime:0.000000s ]
INFO: [ app_init ] --END-- [ RunTime:0.000000s ]
INFO: [ app_begin ] --START--
INFO: Run Behavior\ReadHtmlCacheBehavior [ RunTime:0.000000s ]
INFO: [ app_begin ] --END-- [ RunTime:0.000000s ]
NOTIC: [8] Array to string conversion D:\phpStudy\WWW\thinkphpH\Application\Home\Controller\ParkController.class.php 第 20 行.
NOTIC: [2] Missing argument 4 for Home\Controller\PublicController::curlPostjson(), called in D:\phpStudy\WWW\thinkphpH\Application\Home\Controller\ParkController.class.php on line 25 and defined D:\phpStudy\WWW\thinkphpH\Application\Home\Controller\PublicController.class.php 第 19 行.
ERR: 模板不存在:./Application/Home/View/Park/index.html

[ 2018-03-20T11:33:16+08:00 ] ::1 /thinkphpH/index.php/Home/Park/index
INFO: [ app_init ] --START--
INFO: Run Behavior\BuildLiteBehavior [ RunTime:0.000000s ]
INFO: [ app_init ] --END-- [ RunTime:0.000000s ]
INFO: [ app_begin ] --START--
INFO: Run Behavior\ReadHtmlCacheBehavior [ RunTime:0.001000s ]
INFO: [ app_begin ] --END-- [ RunTime:0.001000s ]
NOTIC: [8] Array to string conversion D:\phpStudy\WWW\thinkphpH\Application\Home\Controller\ParkController.class.php 第 20 行.
NOTIC: [2] Missing argument 4 for Home\Controller\PublicController::curlPostjson(), called in D:\phpStudy\WWW\thinkphpH\Application\Home\Controller\ParkController.class.php on line 22 and defined D:\phpStudy\WWW\thinkphpH\Application\Home\Controller\PublicController.class.php 第 19 行.
ERR: 模板不存在:./Application/Home/View/Park/index.html

[ 2018-03-20T11:33:17+08:00 ] ::1 /thinkphpH/index.php/Home/Park/index
INFO: [ app_init ] --START--
INFO: Run Behavior\BuildLiteBehavior [ RunTime:0.000000s ]
INFO: [ app_init ] --END-- [ RunTime:0.000000s ]
INFO: [ app_begin ] --START--
INFO: Run Behavior\ReadHtmlCacheBehavior [ RunTime:0.001000s ]
INFO: [ app_begin ] --END-- [ RunTime:0.001000s ]
NOTIC: [8] Array to string conversion D:\phpStudy\WWW\thinkphpH\Application\Home\Controller\ParkController.class.php 第 20 行.
NOTIC: [2] Missing argument 4 for Home\Controller\PublicController::curlPostjson(), called in D:\phpStudy\WWW\thinkphpH\Application\Home\Controller\ParkController.class.php on line 22 and defined D:\phpStudy\WWW\thinkphpH\Application\Home\Controller\PublicController.class.php 第 19 行.
ERR: 模板不存在:./Application/Home/View/Park/index.html

[ 2018-03-20T11:33:26+08:00 ] ::1 /thinkphpH/index.php/Home/Park/index
INFO: [ app_init ] --START--
INFO: Run Behavior\BuildLiteBehavior [ RunTime:0.000000s ]
INFO: [ app_init ] --END-- [ RunTime:0.000000s ]
INFO: [ app_begin ] --START--
INFO: Run Behavior\ReadHtmlCacheBehavior [ RunTime:0.000000s ]
INFO: [ app_begin ] --END-- [ RunTime:0.000000s ]
NOTIC: [8] Array to string conversion D:\phpStudy\WWW\thinkphpH\Application\Home\Controller\ParkController.class.php 第 20 行.
NOTIC: [2] Missing argument 4 for Home\Controller\PublicController::curlPostjson(), called in D:\phpStudy\WWW\thinkphpH\Application\Home\Controller\ParkController.class.php on line 22 and defined D:\phpStudy\WWW\thinkphpH\Application\Home\Controller\PublicController.class.php 第 19 行.
ERR: 模板不存在:./Application/Home/View/Park/index.html

[ 2018-03-20T14:24:01+08:00 ] ::1 /thinkphpH/index.php/Home/User/sendMsg
INFO: [ app_init ] --START--
INFO: Run Behavior\BuildLiteBehavior [ RunTime:0.000000s ]
INFO: [ app_init ] --END-- [ RunTime:0.001000s ]
INFO: [ app_begin ] --START--
INFO: Run Behavior\ReadHtmlCacheBehavior [ RunTime:0.000000s ]
INFO: [ app_begin ] --END-- [ RunTime:0.000000s ]

[ 2018-03-20T14:24:20+08:00 ] ::1 /thinkphpH/index.php/Home/User/sendMsg
INFO: [ app_init ] --START--
INFO: Run Behavior\BuildLiteBehavior [ RunTime:0.000000s ]
INFO: [ app_init ] --END-- [ RunTime:0.001000s ]
INFO: [ app_begin ] --START--
INFO: Run Behavior\ReadHtmlCacheBehavior [ RunTime:0.002000s ]
INFO: [ app_begin ] --END-- [ RunTime:0.002000s ]
NOTIC: [8] Undefined variable: url D:\phpStudy\WWW\thinkphpH\Application\Home\Controller\UserController.class.php 第 18 行.
NOTIC: [2] Missing argument 4 for Home\Controller\PublicController::curlPostjson(), called in D:\phpStudy\WWW\thinkphpH\Application\Home\Controller\UserController.class.php on line 18 and defined D:\phpStudy\WWW\thinkphpH\Application\Home\Controller\PublicController.class.php 第 19 行.

[ 2018-03-20T14:24:49+08:00 ] ::1 /thinkphpH/index.php/Home/User/sendMsg
INFO: [ app_init ] --START--
INFO: Run Behavior\BuildLiteBehavior [ RunTime:0.000000s ]
INFO: [ app_init ] --END-- [ RunTime:0.003000s ]
INFO: [ app_begin ] --START--
INFO: Run Behavior\ReadHtmlCacheBehavior [ RunTime:0.000000s ]
INFO: [ app_begin ] --END-- [ RunTime:0.000000s ]

[ 2018-03-20T14:25:09+08:00 ] ::1 /thinkphpH/index.php/Home/User/sendMsg
INFO: [ app_init ] --START--
INFO: Run Behavior\BuildLiteBehavior [ RunTime:0.000000s ]
INFO: [ app_init ] --END-- [ RunTime:0.000000s ]
INFO: [ app_begin ] --START--
INFO: Run Behavior\ReadHtmlCacheBehavior [ RunTime:0.001000s ]
INFO: [ app_begin ] --END-- [ RunTime:0.001000s ]
NOTIC: [8] Undefined variable: url D:\phpStudy\WWW\thinkphpH\Application\Home\Controller\UserController.class.php 第 19 行.
NOTIC: [2] Missing argument 4 for Home\Controller\PublicController::curlPostjson(), called in D:\phpStudy\WWW\thinkphpH\Application\Home\Controller\UserController.class.php on line 19 and defined D:\phpStudy\WWW\thinkphpH\Application\Home\Controller\PublicController.class.php 第 19 行.

[ 2018-03-20T14:25:17+08:00 ] ::1 /thinkphpH/index.php/Home/User/sendMsg
INFO: [ app_init ] --START--
INFO: Run Behavior\BuildLiteBehavior [ RunTime:0.000000s ]
INFO: [ app_init ] --END-- [ RunTime:0.000000s ]
INFO: [ app_begin ] --START--
INFO: Run Behavior\ReadHtmlCacheBehavior [ RunTime:0.001000s ]
INFO: [ app_begin ] --END-- [ RunTime:0.001000s ]
NOTIC: [8] Undefined variable: url D:\phpStudy\WWW\thinkphpH\Application\Home\Controller\UserController.class.php 第 19 行.
NOTIC: [2] Missing argument 4 for Home\Controller\PublicController::curlPostjson(), called in D:\phpStudy\WWW\thinkphpH\Application\Home\Controller\UserController.class.php on line 19 and defined D:\phpStudy\WWW\thinkphpH\Application\Home\Controller\PublicController.class.php 第 19 行.

[ 2018-03-20T14:33:26+08:00 ] ::1 /thinkphpH/index.php/Home/User/sendMsg
INFO: [ app_init ] --START--
INFO: Run Behavior\BuildLiteBehavior [ RunTime:0.000000s ]
INFO: [ app_init ] --END-- [ RunTime:0.001000s ]
INFO: [ app_begin ] --START--
INFO: Run Behavior\ReadHtmlCacheBehavior [ RunTime:0.001000s ]
INFO: [ app_begin ] --END-- [ RunTime:0.001000s ]
NOTIC: [2] Missing argument 4 for Home\Controller\PublicController::curlPostjson(), called in D:\phpStudy\WWW\thinkphpH\Application\Home\Controller\UserController.class.php on line 19 and defined D:\phpStudy\WWW\thinkphpH\Application\Home\Controller\PublicController.class.php 第 19 行.

[ 2018-03-20T14:33:47+08:00 ] ::1 /thinkphpH/index.php/Home/User/sendMsg
INFO: [ app_init ] --START--
INFO: Run Behavior\BuildLiteBehavior [ RunTime:0.000000s ]
INFO: [ app_init ] --END-- [ RunTime:0.001000s ]
INFO: [ app_begin ] --START--
INFO: Run Behavior\ReadHtmlCacheBehavior [ RunTime:0.000000s ]
INFO: [ app_begin ] --END-- [ RunTime:0.000000s ]
NOTIC: [2] Missing argument 4 for Home\Controller\PublicController::curlPostjson(), called in D:\phpStudy\WWW\thinkphpH\Application\Home\Controller\UserController.class.php on line 19 and defined D:\phpStudy\WWW\thinkphpH\Application\Home\Controller\PublicController.class.php 第 19 行.

[ 2018-03-20T14:33:48+08:00 ] ::1 /thinkphpH/index.php/Home/User/sendMsg
INFO: [ app_init ] --START--
INFO: Run Behavior\BuildLiteBehavior [ RunTime:0.000000s ]
INFO: [ app_init ] --END-- [ RunTime:0.000000s ]
INFO: [ app_begin ] --START--
INFO: Run Behavior\ReadHtmlCacheBehavior [ RunTime:0.000000s ]
INFO: [ app_begin ] --END-- [ RunTime:0.000000s ]
NOTIC: [2] Missing argument 4 for Home\Controller\PublicController::curlPostjson(), called in D:\phpStudy\WWW\thinkphpH\Application\Home\Controller\UserController.class.php on line 19 and defined D:\phpStudy\WWW\thinkphpH\Application\Home\Controller\PublicController.class.php 第 19 行.

[ 2018-03-20T14:34:53+08:00 ] ::1 /thinkphpH/index.php/Home/User/sendMsg
INFO: [ app_init ] --START--
INFO: Run Behavior\BuildLiteBehavior [ RunTime:0.000000s ]
INFO: [ app_init ] --END-- [ RunTime:0.001000s ]
INFO: [ app_begin ] --START--
INFO: Run Behavior\ReadHtmlCacheBehavior [ RunTime:0.001000s ]
INFO: [ app_begin ] --END-- [ RunTime:0.001000s ]
NOTIC: [2] Missing argument 4 for Home\Controller\PublicController::curlPostjson(), called in D:\phpStudy\WWW\thinkphpH\Application\Home\Controller\UserController.class.php on line 19 and defined D:\phpStudy\WWW\thinkphpH\Application\Home\Controller\PublicController.class.php 第 19 行.

[ 2018-03-20T14:37:12+08:00 ] ::1 /thinkphpH/index.php/Home/User/sendMsg
INFO: [ app_init ] --START--
INFO: Run Behavior\BuildLiteBehavior [ RunTime:0.000000s ]
INFO: [ app_init ] --END-- [ RunTime:0.001000s ]
INFO: [ app_begin ] --START--
INFO: Run Behavior\ReadHtmlCacheBehavior [ RunTime:0.001000s ]
INFO: [ app_begin ] --END-- [ RunTime:0.001000s ]

[ 2018-03-20T14:40:29+08:00 ] ::1 /thinkphpH/index.php/Home/User/sendMsg
INFO: [ app_init ] --START--
INFO: Run Behavior\BuildLiteBehavior [ RunTime:0.000000s ]
INFO: [ app_init ] --END-- [ RunTime:0.001000s ]
INFO: [ app_begin ] --START--
INFO: Run Behavior\ReadHtmlCacheBehavior [ RunTime:0.000000s ]
INFO: [ app_begin ] --END-- [ RunTime:0.000000s ]
NOTIC: [2] Missing argument 4 for Home\Controller\PublicController::curlPostjson(), called in D:\phpStudy\WWW\thinkphpH\Application\Home\Controller\UserController.class.php on line 19 and defined D:\phpStudy\WWW\thinkphpH\Application\Home\Controller\PublicController.class.php 第 19 行.

[ 2018-03-20T14:45:56+08:00 ] ::1 /thinkphpH/index.php/Home/User/sendMsg
INFO: [ app_init ] --START--
INFO: Run Behavior\BuildLiteBehavior [ RunTime:0.000000s ]
INFO: [ app_init ] --END-- [ RunTime:0.001000s ]
INFO: [ app_begin ] --START--
INFO: Run Behavior\ReadHtmlCacheBehavior [ RunTime:0.001000s ]
INFO: [ app_begin ] --END-- [ RunTime:0.001000s ]
NOTIC: [2] Missing argument 4 for Home\Controller\PublicController::curlPostjson(), called in D:\phpStudy\WWW\thinkphpH\Application\Home\Controller\UserController.class.php on line 19 and defined D:\phpStudy\WWW\thinkphpH\Application\Home\Controller\PublicController.class.php 第 19 行.

[ 2018-03-20T14:49:39+08:00 ] ::1 /thinkphpH/index.php/Home/User/sendMsg
INFO: [ app_init ] --START--
INFO: Run Behavior\BuildLiteBehavior [ RunTime:0.000000s ]
INFO: [ app_init ] --END-- [ RunTime:0.000000s ]
INFO: [ app_begin ] --START--
INFO: Run Behavior\ReadHtmlCacheBehavior [ RunTime:0.001000s ]
INFO: [ app_begin ] --END-- [ RunTime:0.001000s ]

[ 2018-03-20T14:50:56+08:00 ] ::1 /thinkphpH/index.php/Home/User/sendMsg
INFO: [ app_init ] --START--
INFO: Run Behavior\BuildLiteBehavior [ RunTime:0.000000s ]
INFO: [ app_init ] --END-- [ RunTime:0.000000s ]
INFO: [ app_begin ] --START--
INFO: Run Behavior\ReadHtmlCacheBehavior [ RunTime:0.001000s ]
INFO: [ app_begin ] --END-- [ RunTime:0.001000s ]

[ 2018-03-20T14:51:33+08:00 ] ::1 /thinkphpH/index.php/Home/User/sendMsg
INFO: [ app_init ] --START--
INFO: Run Behavior\BuildLiteBehavior [ RunTime:0.000000s ]
INFO: [ app_init ] --END-- [ RunTime:0.000000s ]
INFO: [ app_begin ] --START--
INFO: Run Behavior\ReadHtmlCacheBehavior [ RunTime:0.001000s ]
INFO: [ app_begin ] --END-- [ RunTime:0.001000s ]

[ 2018-03-20T14:51:54+08:00 ] ::1 /thinkphpH/index.php/Home/User/sendMsg
INFO: [ app_init ] --START--
INFO: Run Behavior\BuildLiteBehavior [ RunTime:0.000000s ]
INFO: [ app_init ] --END-- [ RunTime:0.000000s ]
INFO: [ app_begin ] --START--
INFO: Run Behavior\ReadHtmlCacheBehavior [ RunTime:0.001000s ]
INFO: [ app_begin ] --END-- [ RunTime:0.001000s ]

[ 2018-03-20T14:52:25+08:00 ] ::1 /thinkphpH/index.php/Home/User/sendMsg
INFO: [ app_init ] --START--
INFO: Run Behavior\BuildLiteBehavior [ RunTime:0.000000s ]
INFO: [ app_init ] --END-- [ RunTime:0.001000s ]
INFO: [ app_begin ] --START--
INFO: Run Behavior\ReadHtmlCacheBehavior [ RunTime:0.001000s ]
INFO: [ app_begin ] --END-- [ RunTime:0.001000s ]

[ 2018-03-20T14:52:33+08:00 ] ::1 /thinkphpH/index.php/Home/User/sendMsg
INFO: [ app_init ] --START--
INFO: Run Behavior\BuildLiteBehavior [ RunTime:0.000000s ]
INFO: [ app_init ] --END-- [ RunTime:0.000000s ]
INFO: [ app_begin ] --START--
INFO: Run Behavior\ReadHtmlCacheBehavior [ RunTime:0.001000s ]
INFO: [ app_begin ] --END-- [ RunTime:0.001000s ]

[ 2018-03-20T14:52:35+08:00 ] ::1 /thinkphpH/index.php/Home/User/sendMsg
INFO: [ app_init ] --START--
INFO: Run Behavior\BuildLiteBehavior [ RunTime:0.000000s ]
INFO: [ app_init ] --END-- [ RunTime:0.001000s ]
INFO: [ app_begin ] --START--
INFO: Run Behavior\ReadHtmlCacheBehavior [ RunTime:0.001000s ]
INFO: [ app_begin ] --END-- [ RunTime:0.001000s ]

[ 2018-03-20T14:52:36+08:00 ] ::1 /thinkphpH/index.php/Home/User/sendMsg
INFO: [ app_init ] --START--
INFO: Run Behavior\BuildLiteBehavior [ RunTime:0.000000s ]
INFO: [ app_init ] --END-- [ RunTime:0.000000s ]
INFO: [ app_begin ] --START--
INFO: Run Behavior\ReadHtmlCacheBehavior [ RunTime:0.001000s ]
INFO: [ app_begin ] --END-- [ RunTime:0.001000s ]

[ 2018-03-20T14:52:47+08:00 ] ::1 /thinkphpH/index.php/Home/User/sendMsg
INFO: [ app_init ] --START--
INFO: Run Behavior\BuildLiteBehavior [ RunTime:0.000000s ]
INFO: [ app_init ] --END-- [ RunTime:0.001000s ]
INFO: [ app_begin ] --START--
INFO: Run Behavior\ReadHtmlCacheBehavior [ RunTime:0.001000s ]
INFO: [ app_begin ] --END-- [ RunTime:0.001000s ]

[ 2018-03-20T17:38:44+08:00 ] ::1 /thinkphpH/index.php/Home/User/register
INFO: [ app_init ] --START--
INFO: Run Behavior\BuildLiteBehavior [ RunTime:0.000000s ]
INFO: [ app_init ] --END-- [ RunTime:0.001000s ]
INFO: [ app_begin ] --START--
INFO: Run Behavior\ReadHtmlCacheBehavior [ RunTime:0.001000s ]
INFO: [ app_begin ] --END-- [ RunTime:0.001000s ]
INFO: [ view_parse ] --START--
INFO: [ template_filter ] --START--
INFO: Run Behavior\ContentReplaceBehavior [ RunTime:0.000000s ]
INFO: [ template_filter ] --END-- [ RunTime:0.000000s ]
INFO: Run Behavior\ParseTemplateBehavior [ RunTime:0.007000s ]
INFO: [ view_parse ] --END-- [ RunTime:0.007000s ]
INFO: [ view_filter ] --START--
INFO: Run Behavior\WriteHtmlCacheBehavior [ RunTime:0.000000s ]
INFO: [ view_filter ] --END-- [ RunTime:0.000000s ]
INFO: [ app_end ] --START--
INFO: Run Behavior\ShowPageTraceBehavior [ RunTime:0.000000s ]
INFO: [ app_end ] --END-- [ RunTime:0.000000s ]

[ 2018-03-20T17:39:46+08:00 ] ::1 /thinkphpH/index.php
INFO: [ app_init ] --START--
INFO: Run Behavior\BuildLiteBehavior [ RunTime:0.000000s ]
INFO: [ app_init ] --END-- [ RunTime:0.001000s ]
INFO: [ app_begin ] --START--
INFO: Run Behavior\ReadHtmlCacheBehavior [ RunTime:0.001000s ]
INFO: [ app_begin ] --END-- [ RunTime:0.001000s ]
INFO: [ view_parse ] --START--
INFO: [ template_filter ] --START--
INFO: Run Behavior\ContentReplaceBehavior [ RunTime:0.000000s ]
INFO: [ template_filter ] --END-- [ RunTime:0.000000s ]
INFO: Run Behavior\ParseTemplateBehavior [ RunTime:0.006000s ]
INFO: [ view_parse ] --END-- [ RunTime:0.006000s ]
INFO: [ view_filter ] --START--
INFO: Run Behavior\WriteHtmlCacheBehavior [ RunTime:0.000000s ]
INFO: [ view_filter ] --END-- [ RunTime:0.000000s ]
INFO: [ app_end ] --START--
INFO: Run Behavior\ShowPageTraceBehavior [ RunTime:0.001000s ]
INFO: [ app_end ] --END-- [ RunTime:0.001000s ]

