[ 2018-03-27T08:34:10+08:00 ] ::1 /thinkphpH/index.php/Home/Hotel/index
INFO: [ app_init ] --START--
INFO: Run Behavior\BuildLiteBehavior [ RunTime:0.000000s ]
INFO: [ app_init ] --END-- [ RunTime:0.001000s ]
INFO: [ app_begin ] --START--
INFO: Run Behavior\ReadHtmlCacheBehavior [ RunTime:0.002000s ]
INFO: [ app_begin ] --END-- [ RunTime:0.002000s ]
NOTIC: [2] Missing argument 4 for Home\Controller\PublicController::curlPostjson(), called in D:\phpStudy\WWW\thinkphpH\Application\Home\Controller\HotelController.class.php on line 21 and defined D:\phpStudy\WWW\thinkphpH\Application\Home\Controller\PublicController.class.php 第 19 行.

[ 2018-03-27T08:37:26+08:00 ] ::1 /thinkphpH/index.php/Home/User/sendMsgByType/type=5
INFO: [ app_init ] --START--
INFO: Run Behavior\BuildLiteBehavior [ RunTime:0.000000s ]
INFO: [ app_init ] --END-- [ RunTime:0.001000s ]
INFO: [ app_begin ] --START--
INFO: Run Behavior\ReadHtmlCacheBehavior [ RunTime:0.001000s ]
INFO: [ app_begin ] --END-- [ RunTime:0.001000s ]
NOTIC: [2] Missing argument 4 for Home\Controller\PublicController::curlPostjson(), called in D:\phpStudy\WWW\thinkphpH\Application\Home\Controller\UserController.class.php on line 62 and defined D:\phpStudy\WWW\thinkphpH\Application\Home\Controller\PublicController.class.php 第 19 行.

[ 2018-03-27T08:37:40+08:00 ] ::1 /thinkphpH/index.php/Home/User/sendMsgByType?type=5
INFO: [ app_init ] --START--
INFO: Run Behavior\BuildLiteBehavior [ RunTime:0.000000s ]
INFO: [ app_init ] --END-- [ RunTime:0.000000s ]
INFO: [ app_begin ] --START--
INFO: Run Behavior\ReadHtmlCacheBehavior [ RunTime:0.001000s ]
INFO: [ app_begin ] --END-- [ RunTime:0.001000s ]
NOTIC: [2] Missing argument 4 for Home\Controller\PublicController::curlPostjson(), called in D:\phpStudy\WWW\thinkphpH\Application\Home\Controller\UserController.class.php on line 62 and defined D:\phpStudy\WWW\thinkphpH\Application\Home\Controller\PublicController.class.php 第 19 行.

[ 2018-03-27T08:37:42+08:00 ] ::1 /thinkphpH/index.php/Home/User/sendMsgByType?type=5
INFO: [ app_init ] --START--
INFO: Run Behavior\BuildLiteBehavior [ RunTime:0.000000s ]
INFO: [ app_init ] --END-- [ RunTime:0.001000s ]
INFO: [ app_begin ] --START--
INFO: Run Behavior\ReadHtmlCacheBehavior [ RunTime:0.001000s ]
INFO: [ app_begin ] --END-- [ RunTime:0.001000s ]
NOTIC: [2] Missing argument 4 for Home\Controller\PublicController::curlPostjson(), called in D:\phpStudy\WWW\thinkphpH\Application\Home\Controller\UserController.class.php on line 62 and defined D:\phpStudy\WWW\thinkphpH\Application\Home\Controller\PublicController.class.php 第 19 行.

[ 2018-03-27T08:37:43+08:00 ] ::1 /thinkphpH/index.php/Home/User/sendMsgByType?type=5
INFO: [ app_init ] --START--
INFO: Run Behavior\BuildLiteBehavior [ RunTime:0.000000s ]
INFO: [ app_init ] --END-- [ RunTime:0.000000s ]
INFO: [ app_begin ] --START--
INFO: Run Behavior\ReadHtmlCacheBehavior [ RunTime:0.001000s ]
INFO: [ app_begin ] --END-- [ RunTime:0.001000s ]
NOTIC: [2] Missing argument 4 for Home\Controller\PublicController::curlPostjson(), called in D:\phpStudy\WWW\thinkphpH\Application\Home\Controller\UserController.class.php on line 62 and defined D:\phpStudy\WWW\thinkphpH\Application\Home\Controller\PublicController.class.php 第 19 行.

[ 2018-03-27T08:44:22+08:00 ] ::1 /thinkphpH/index.php/Home/User/sendMsgByType?type=5
INFO: [ app_init ] --START--
INFO: Run Behavior\BuildLiteBehavior [ RunTime:0.000000s ]
INFO: [ app_init ] --END-- [ RunTime:0.000000s ]
INFO: [ app_begin ] --START--
INFO: Run Behavior\ReadHtmlCacheBehavior [ RunTime:0.001000s ]
INFO: [ app_begin ] --END-- [ RunTime:0.001000s ]
NOTIC: [2] Missing argument 4 for Home\Controller\PublicController::curlPostjson(), called in D:\phpStudy\WWW\thinkphpH\Application\Home\Controller\UserController.class.php on line 62 and defined D:\phpStudy\WWW\thinkphpH\Application\Home\Controller\PublicController.class.php 第 19 行.

[ 2018-03-27T08:44:37+08:00 ] ::1 /thinkphpH/index.php/Home/User/sendMsgByType?id=5
INFO: [ app_init ] --START--
INFO: Run Behavior\BuildLiteBehavior [ RunTime:0.000000s ]
INFO: [ app_init ] --END-- [ RunTime:0.001000s ]
INFO: [ app_begin ] --START--
INFO: Run Behavior\ReadHtmlCacheBehavior [ RunTime:0.000000s ]
INFO: [ app_begin ] --END-- [ RunTime:0.000000s ]
NOTIC: [2] Missing argument 4 for Home\Controller\PublicController::curlPostjson(), called in D:\phpStudy\WWW\thinkphpH\Application\Home\Controller\UserController.class.php on line 62 and defined D:\phpStudy\WWW\thinkphpH\Application\Home\Controller\PublicController.class.php 第 19 行.

[ 2018-03-27T08:48:59+08:00 ] ::1 /thinkphpH/index.php/Home/User/sendMsg
INFO: [ app_init ] --START--
INFO: Run Behavior\BuildLiteBehavior [ RunTime:0.000000s ]
INFO: [ app_init ] --END-- [ RunTime:0.001000s ]
INFO: [ app_begin ] --START--
INFO: Run Behavior\ReadHtmlCacheBehavior [ RunTime:0.001000s ]
INFO: [ app_begin ] --END-- [ RunTime:0.001000s ]
NOTIC: [2] Missing argument 4 for Home\Controller\PublicController::curlPostjson(), called in D:\phpStudy\WWW\thinkphpH\Application\Home\Controller\UserController.class.php on line 77 and defined D:\phpStudy\WWW\thinkphpH\Application\Home\Controller\PublicController.class.php 第 19 行.

[ 2018-03-27T08:49:16+08:00 ] ::1 /thinkphpH/index.php/Home/User/sendMsg
INFO: [ app_init ] --START--
INFO: Run Behavior\BuildLiteBehavior [ RunTime:0.000000s ]
INFO: [ app_init ] --END-- [ RunTime:0.000000s ]
INFO: [ app_begin ] --START--
INFO: Run Behavior\ReadHtmlCacheBehavior [ RunTime:0.001000s ]
INFO: [ app_begin ] --END-- [ RunTime:0.001000s ]
NOTIC: [2] Missing argument 4 for Home\Controller\PublicController::curlPostjson(), called in D:\phpStudy\WWW\thinkphpH\Application\Home\Controller\UserController.class.php on line 77 and defined D:\phpStudy\WWW\thinkphpH\Application\Home\Controller\PublicController.class.php 第 19 行.

[ 2018-03-27T08:49:26+08:00 ] ::1 /thinkphpH/index.php/Home/User/sendMsg
INFO: [ app_init ] --START--
INFO: Run Behavior\BuildLiteBehavior [ RunTime:0.000000s ]
INFO: [ app_init ] --END-- [ RunTime:0.000000s ]
INFO: [ app_begin ] --START--
INFO: Run Behavior\ReadHtmlCacheBehavior [ RunTime:0.001000s ]
INFO: [ app_begin ] --END-- [ RunTime:0.001000s ]
NOTIC: [2] Missing argument 4 for Home\Controller\PublicController::curlPostjson(), called in D:\phpStudy\WWW\thinkphpH\Application\Home\Controller\UserController.class.php on line 77 and defined D:\phpStudy\WWW\thinkphpH\Application\Home\Controller\PublicController.class.php 第 19 行.

[ 2018-03-27T08:50:09+08:00 ] ::1 /thinkphpH/index.php/Home/User/sendMsg
INFO: [ app_init ] --START--
INFO: Run Behavior\BuildLiteBehavior [ RunTime:0.000000s ]
INFO: [ app_init ] --END-- [ RunTime:0.000000s ]
INFO: [ app_begin ] --START--
INFO: Run Behavior\ReadHtmlCacheBehavior [ RunTime:0.001000s ]
INFO: [ app_begin ] --END-- [ RunTime:0.001000s ]
NOTIC: [2] Missing argument 4 for Home\Controller\PublicController::curlPostjson(), called in D:\phpStudy\WWW\thinkphpH\Application\Home\Controller\UserController.class.php on line 77 and defined D:\phpStudy\WWW\thinkphpH\Application\Home\Controller\PublicController.class.php 第 19 行.

[ 2018-03-27T08:50:38+08:00 ] ::1 /thinkphpH/index.php/Home/User/sendMsg
INFO: [ app_init ] --START--
INFO: Run Behavior\BuildLiteBehavior [ RunTime:0.000000s ]
INFO: [ app_init ] --END-- [ RunTime:0.000000s ]
INFO: [ app_begin ] --START--
INFO: Run Behavior\ReadHtmlCacheBehavior [ RunTime:0.001000s ]
INFO: [ app_begin ] --END-- [ RunTime:0.001000s ]
NOTIC: [2] Missing argument 4 for Home\Controller\PublicController::curlPostjson(), called in D:\phpStudy\WWW\thinkphpH\Application\Home\Controller\UserController.class.php on line 77 and defined D:\phpStudy\WWW\thinkphpH\Application\Home\Controller\PublicController.class.php 第 19 行.

