[ 2018-03-22T13:36:45+08:00 ] ::1 /thinkphpH/admin.php/Index/index.html
INFO: [ app_init ] --START--
INFO: Run Behavior\BuildLiteBehavior [ RunTime:0.000000s ]
INFO: [ app_init ] --END-- [ RunTime:0.000000s ]
INFO: [ app_begin ] --START--
INFO: Run Behavior\ReadHtmlCacheBehavior [ RunTime:0.000000s ]
INFO: [ app_begin ] --END-- [ RunTime:0.000000s ]

[ 2018-03-22T13:36:45+08:00 ] ::1 /thinkphpH/admin.php/Login/index.html
INFO: [ app_init ] --START--
INFO: Run Behavior\BuildLiteBehavior [ RunTime:0.000000s ]
INFO: [ app_init ] --END-- [ RunTime:0.001000s ]
INFO: [ app_begin ] --START--
INFO: Run Behavior\ReadHtmlCacheBehavior [ RunTime:0.000000s ]
INFO: [ app_begin ] --END-- [ RunTime:0.000000s ]
INFO: [ view_parse ] --START--
INFO: [ template_filter ] --START--
INFO: Run Behavior\ContentReplaceBehavior [ RunTime:0.000000s ]
INFO: [ template_filter ] --END-- [ RunTime:0.000000s ]
INFO: Run Behavior\ParseTemplateBehavior [ RunTime:0.006000s ]
INFO: [ view_parse ] --END-- [ RunTime:0.006000s ]
INFO: [ view_filter ] --START--
INFO: Run Behavior\WriteHtmlCacheBehavior [ RunTime:0.001000s ]
INFO: [ view_filter ] --END-- [ RunTime:0.001000s ]
INFO: [ app_end ] --START--
INFO: Run Behavior\ShowPageTraceBehavior [ RunTime:0.000000s ]
INFO: [ app_end ] --END-- [ RunTime:0.000000s ]

[ 2018-03-22T13:36:45+08:00 ] ::1 /thinkphpH/admin.php/Login/verify.html
INFO: [ app_init ] --START--
INFO: Run Behavior\BuildLiteBehavior [ RunTime:0.000000s ]
INFO: [ app_init ] --END-- [ RunTime:0.000000s ]
INFO: [ app_begin ] --START--
INFO: Run Behavior\ReadHtmlCacheBehavior [ RunTime:0.001000s ]
INFO: [ app_begin ] --END-- [ RunTime:0.001000s ]
INFO: [ app_end ] --START--
INFO: Run Behavior\ShowPageTraceBehavior [ RunTime:0.000000s ]
INFO: [ app_end ] --END-- [ RunTime:0.000000s ]

[ 2018-03-22T13:36:53+08:00 ] ::1 /thinkphpH/admin.php/Login/doLogin.html
INFO: [ app_init ] --START--
INFO: Run Behavior\BuildLiteBehavior [ RunTime:0.000000s ]
INFO: [ app_init ] --END-- [ RunTime:0.001000s ]
INFO: [ app_begin ] --START--
INFO: Run Behavior\ReadHtmlCacheBehavior [ RunTime:0.001000s ]
INFO: [ app_begin ] --END-- [ RunTime:0.001000s ]
SQL: SHOW COLUMNS FROM `xg_admin` [ RunTime:0.0040s ]
SQL: SELECT * FROM `xg_admin` WHERE `username` = 'admin' AND `status` = 1 LIMIT 1   [ RunTime:0.0030s ]
SQL: UPDATE `xg_admin` SET `lasttime`='1521697012',`lastip`='0' WHERE `username` = 'admin' [ RunTime:0.0030s ]
SQL: SHOW COLUMNS FROM `xg_action` [ RunTime:0.0050s ]
SQL: SELECT * FROM `xg_action` WHERE `name` = 'user_login' LIMIT 1   [ RunTime:0.0010s ]
SQL: SHOW COLUMNS FROM `xg_admin` [ RunTime:0.0040s ]
SQL: SELECT `username` FROM `xg_admin` WHERE `adminid` = 1 LIMIT 1   [ RunTime:0.0000s ]
SQL: SHOW COLUMNS FROM `xg_action_log` [ RunTime:0.0040s ]
SQL: INSERT INTO `xg_action_log` (`user_id`,`action_ip`,`model`,`create_time`,`remark`) VALUES ('1','0','Admin','1521697012','admin在2018-03-22 13:36登录了后台') [ RunTime:0.0020s ]
INFO: [ view_parse ] --START--
INFO: [ template_filter ] --START--
INFO: Run Behavior\ContentReplaceBehavior [ RunTime:0.000000s ]
INFO: [ template_filter ] --END-- [ RunTime:0.000000s ]
INFO: Run Behavior\ParseTemplateBehavior [ RunTime:0.007000s ]
INFO: [ view_parse ] --END-- [ RunTime:0.007000s ]
INFO: [ view_filter ] --START--
INFO: Run Behavior\WriteHtmlCacheBehavior [ RunTime:0.001000s ]
INFO: [ view_filter ] --END-- [ RunTime:0.001000s ]
INFO: [ app_end ] --START--
INFO: Run Behavior\ShowPageTraceBehavior [ RunTime:0.001000s ]
INFO: [ app_end ] --END-- [ RunTime:0.001000s ]

[ 2018-03-22T13:36:56+08:00 ] ::1 /thinkphpH/admin.php/Index/index.html
INFO: [ app_init ] --START--
INFO: Run Behavior\BuildLiteBehavior [ RunTime:0.000000s ]
INFO: [ app_init ] --END-- [ RunTime:0.001000s ]
INFO: [ app_begin ] --START--
INFO: Run Behavior\ReadHtmlCacheBehavior [ RunTime:0.000000s ]
INFO: [ app_begin ] --END-- [ RunTime:0.000000s ]
SQL: SHOW COLUMNS FROM `xg_site` [ RunTime:0.0040s ]
SQL: SELECT * FROM `xg_site` WHERE `siteid` = 1 LIMIT 1   [ RunTime:0.0000s ]
SQL: SHOW COLUMNS FROM `xg_auth` [ RunTime:0.0050s ]
SQL: SELECT * FROM `xg_auth` WHERE `id` = 1 LIMIT 1   [ RunTime:0.0010s ]
INFO: [ view_parse ] --START--
INFO: [ template_filter ] --START--
INFO: Run Behavior\ContentReplaceBehavior [ RunTime:0.000000s ]
INFO: [ template_filter ] --END-- [ RunTime:0.000000s ]
INFO: Run Behavior\ParseTemplateBehavior [ RunTime:0.023000s ]
INFO: [ view_parse ] --END-- [ RunTime:0.023000s ]
INFO: [ view_filter ] --START--
INFO: Run Behavior\WriteHtmlCacheBehavior [ RunTime:0.001000s ]
INFO: [ view_filter ] --END-- [ RunTime:0.001000s ]
INFO: [ app_end ] --START--
INFO: Run Behavior\ShowPageTraceBehavior [ RunTime:0.002000s ]
INFO: [ app_end ] --END-- [ RunTime:0.002000s ]

[ 2018-03-22T13:36:57+08:00 ] ::1 /thinkphpH/admin.php/index/summarize.html
INFO: [ app_init ] --START--
INFO: Run Behavior\BuildLiteBehavior [ RunTime:0.000000s ]
INFO: [ app_init ] --END-- [ RunTime:0.000000s ]
INFO: [ app_begin ] --START--
INFO: Run Behavior\ReadHtmlCacheBehavior [ RunTime:0.001000s ]
INFO: [ app_begin ] --END-- [ RunTime:0.001000s ]
SQL: SHOW COLUMNS FROM `xg_site` [ RunTime:0.0040s ]
SQL: SELECT * FROM `xg_site` WHERE `siteid` = 1 LIMIT 1   [ RunTime:0.0010s ]
SQL: SHOW COLUMNS FROM `xg_auth` [ RunTime:0.0070s ]
SQL: SELECT * FROM `xg_auth` WHERE `id` = 1 LIMIT 1   [ RunTime:0.0000s ]
SQL: select version() as ver [ RunTime:0.0010s ]
INFO: [ view_parse ] --START--
INFO: [ template_filter ] --START--
INFO: Run Behavior\ContentReplaceBehavior [ RunTime:0.000000s ]
INFO: [ template_filter ] --END-- [ RunTime:0.000000s ]
NOTIC: [8] Undefined variable: sel D:\phpStudy\WWW\thinkphpH\Application\Runtime\Cache\Admin\a91718f612b01347f17fdaf34b340690.php 第 16 行.
NOTIC: [8] Undefined variable: sel D:\phpStudy\WWW\thinkphpH\Application\Runtime\Cache\Admin\a91718f612b01347f17fdaf34b340690.php 第 16 行.
NOTIC: [8] Undefined variable: sel D:\phpStudy\WWW\thinkphpH\Application\Runtime\Cache\Admin\a91718f612b01347f17fdaf34b340690.php 第 16 行.
NOTIC: [8] Undefined variable: sel D:\phpStudy\WWW\thinkphpH\Application\Runtime\Cache\Admin\a91718f612b01347f17fdaf34b340690.php 第 21 行.
NOTIC: [8] Undefined variable: sel D:\phpStudy\WWW\thinkphpH\Application\Runtime\Cache\Admin\a91718f612b01347f17fdaf34b340690.php 第 21 行.
NOTIC: [8] Undefined variable: sel D:\phpStudy\WWW\thinkphpH\Application\Runtime\Cache\Admin\a91718f612b01347f17fdaf34b340690.php 第 21 行.
NOTIC: [8] Undefined variable: sel D:\phpStudy\WWW\thinkphpH\Application\Runtime\Cache\Admin\a91718f612b01347f17fdaf34b340690.php 第 24 行.
INFO: Run Behavior\ParseTemplateBehavior [ RunTime:0.008000s ]
INFO: [ view_parse ] --END-- [ RunTime:0.008000s ]
INFO: [ view_filter ] --START--
INFO: Run Behavior\WriteHtmlCacheBehavior [ RunTime:0.001000s ]
INFO: [ view_filter ] --END-- [ RunTime:0.001000s ]
INFO: [ app_end ] --START--
INFO: Run Behavior\ShowPageTraceBehavior [ RunTime:0.000000s ]
INFO: [ app_end ] --END-- [ RunTime:0.000000s ]

[ 2018-03-22T13:36:58+08:00 ] ::1 /thinkphpH/admin.php/Index/skin-config.html
INFO: [ app_init ] --START--
INFO: Run Behavior\BuildLiteBehavior [ RunTime:0.000000s ]
INFO: [ app_init ] --END-- [ RunTime:0.000000s ]
INFO: [ app_begin ] --START--
INFO: Run Behavior\ReadHtmlCacheBehavior [ RunTime:0.001000s ]
INFO: [ app_begin ] --END-- [ RunTime:0.001000s ]
SQL: SHOW COLUMNS FROM `xg_site` [ RunTime:0.0070s ]
SQL: SELECT * FROM `xg_site` WHERE `siteid` = 1 LIMIT 1   [ RunTime:0.0010s ]
SQL: SHOW COLUMNS FROM `xg_auth` [ RunTime:0.0050s ]
SQL: SELECT * FROM `xg_auth` WHERE `id` = 1 LIMIT 1   [ RunTime:0.0000s ]
ERR: 非法操作:skin-config

[ 2018-03-22T13:41:35+08:00 ] ::1 /thinkphpH/admin.php/Guestbook/index.html
INFO: [ app_init ] --START--
INFO: Run Behavior\BuildLiteBehavior [ RunTime:0.000000s ]
INFO: [ app_init ] --END-- [ RunTime:0.000000s ]
INFO: [ app_begin ] --START--
INFO: Run Behavior\ReadHtmlCacheBehavior [ RunTime:0.001000s ]
INFO: [ app_begin ] --END-- [ RunTime:0.001000s ]
SQL: SHOW COLUMNS FROM `xg_site` [ RunTime:0.0050s ]
SQL: SELECT * FROM `xg_site` WHERE `siteid` = 1 LIMIT 1   [ RunTime:0.0000s ]
SQL: SHOW COLUMNS FROM `xg_auth` [ RunTime:0.0050s ]
SQL: SELECT * FROM `xg_auth` WHERE `id` = 1 LIMIT 1   [ RunTime:0.0000s ]
SQL: SHOW COLUMNS FROM `xg_guestbook` [ RunTime:0.0060s ]
NOTIC: [8] Undefined variable: map D:\phpStudy\WWW\thinkphpH\Application\Admin\Controller\GuestbookController.class.php 第 13 行.
SQL: SELECT COUNT(*) AS tp_count FROM `xg_guestbook` LIMIT 1   [ RunTime:0.0010s ]
NOTIC: [8] Undefined variable: map D:\phpStudy\WWW\thinkphpH\Application\Admin\Controller\GuestbookController.class.php 第 15 行.
SQL: SELECT * FROM `xg_guestbook` ORDER BY id desc LIMIT 0,12   [ RunTime:0.0000s ]
INFO: [ view_parse ] --START--
INFO: [ template_filter ] --START--
INFO: Run Behavior\ContentReplaceBehavior [ RunTime:0.000000s ]
INFO: [ template_filter ] --END-- [ RunTime:0.000000s ]
NOTIC: [8] Undefined variable: sel D:\phpStudy\WWW\thinkphpH\Application\Runtime\Cache\Admin\0cac801b94abd71b7155ec44e8a467e8.php 第 16 行.
NOTIC: [8] Undefined variable: sel D:\phpStudy\WWW\thinkphpH\Application\Runtime\Cache\Admin\0cac801b94abd71b7155ec44e8a467e8.php 第 16 行.
NOTIC: [8] Undefined variable: sel D:\phpStudy\WWW\thinkphpH\Application\Runtime\Cache\Admin\0cac801b94abd71b7155ec44e8a467e8.php 第 16 行.
NOTIC: [8] Undefined variable: sel D:\phpStudy\WWW\thinkphpH\Application\Runtime\Cache\Admin\0cac801b94abd71b7155ec44e8a467e8.php 第 21 行.
NOTIC: [8] Undefined variable: sel D:\phpStudy\WWW\thinkphpH\Application\Runtime\Cache\Admin\0cac801b94abd71b7155ec44e8a467e8.php 第 21 行.
NOTIC: [8] Undefined variable: sel D:\phpStudy\WWW\thinkphpH\Application\Runtime\Cache\Admin\0cac801b94abd71b7155ec44e8a467e8.php 第 21 行.
NOTIC: [8] Undefined variable: sel D:\phpStudy\WWW\thinkphpH\Application\Runtime\Cache\Admin\0cac801b94abd71b7155ec44e8a467e8.php 第 24 行.
INFO: Run Behavior\ParseTemplateBehavior [ RunTime:0.009000s ]
INFO: [ view_parse ] --END-- [ RunTime:0.009000s ]
INFO: [ view_filter ] --START--
INFO: Run Behavior\WriteHtmlCacheBehavior [ RunTime:0.000000s ]
INFO: [ view_filter ] --END-- [ RunTime:0.000000s ]
INFO: [ app_end ] --START--
INFO: Run Behavior\ShowPageTraceBehavior [ RunTime:0.001000s ]
INFO: [ app_end ] --END-- [ RunTime:0.001000s ]

[ 2018-03-22T13:41:37+08:00 ] ::1 /thinkphpH/admin.php/Guestbook/index/status/0.html
INFO: [ app_init ] --START--
INFO: Run Behavior\BuildLiteBehavior [ RunTime:0.000000s ]
INFO: [ app_init ] --END-- [ RunTime:0.000000s ]
INFO: [ app_begin ] --START--
INFO: Run Behavior\ReadHtmlCacheBehavior [ RunTime:0.001000s ]
INFO: [ app_begin ] --END-- [ RunTime:0.001000s ]
SQL: SHOW COLUMNS FROM `xg_site` [ RunTime:0.0050s ]
SQL: SELECT * FROM `xg_site` WHERE `siteid` = 1 LIMIT 1   [ RunTime:0.0010s ]
SQL: SHOW COLUMNS FROM `xg_auth` [ RunTime:0.0040s ]
SQL: SELECT * FROM `xg_auth` WHERE `id` = 1 LIMIT 1   [ RunTime:0.0000s ]
SQL: SHOW COLUMNS FROM `xg_guestbook` [ RunTime:0.0050s ]
SQL: SELECT COUNT(*) AS tp_count FROM `xg_guestbook` WHERE `status` = '0' LIMIT 1   [ RunTime:0.0010s ]
SQL: SELECT * FROM `xg_guestbook` WHERE `status` = '0' ORDER BY id desc LIMIT 0,12   [ RunTime:0.0000s ]
INFO: [ view_parse ] --START--
INFO: [ template_filter ] --START--
INFO: Run Behavior\ContentReplaceBehavior [ RunTime:0.000000s ]
INFO: [ template_filter ] --END-- [ RunTime:0.000000s ]
NOTIC: [8] Undefined variable: sel D:\phpStudy\WWW\thinkphpH\Application\Runtime\Cache\Admin\0cac801b94abd71b7155ec44e8a467e8.php 第 16 行.
NOTIC: [8] Undefined variable: sel D:\phpStudy\WWW\thinkphpH\Application\Runtime\Cache\Admin\0cac801b94abd71b7155ec44e8a467e8.php 第 16 行.
NOTIC: [8] Undefined variable: sel D:\phpStudy\WWW\thinkphpH\Application\Runtime\Cache\Admin\0cac801b94abd71b7155ec44e8a467e8.php 第 16 行.
NOTIC: [8] Undefined variable: sel D:\phpStudy\WWW\thinkphpH\Application\Runtime\Cache\Admin\0cac801b94abd71b7155ec44e8a467e8.php 第 21 行.
NOTIC: [8] Undefined variable: sel D:\phpStudy\WWW\thinkphpH\Application\Runtime\Cache\Admin\0cac801b94abd71b7155ec44e8a467e8.php 第 21 行.
NOTIC: [8] Undefined variable: sel D:\phpStudy\WWW\thinkphpH\Application\Runtime\Cache\Admin\0cac801b94abd71b7155ec44e8a467e8.php 第 21 行.
NOTIC: [8] Undefined variable: sel D:\phpStudy\WWW\thinkphpH\Application\Runtime\Cache\Admin\0cac801b94abd71b7155ec44e8a467e8.php 第 24 行.
INFO: Run Behavior\ParseTemplateBehavior [ RunTime:0.009000s ]
INFO: [ view_parse ] --END-- [ RunTime:0.009000s ]
INFO: [ view_filter ] --START--
INFO: Run Behavior\WriteHtmlCacheBehavior [ RunTime:0.001000s ]
INFO: [ view_filter ] --END-- [ RunTime:0.001000s ]
INFO: [ app_end ] --START--
INFO: Run Behavior\ShowPageTraceBehavior [ RunTime:0.000000s ]
INFO: [ app_end ] --END-- [ RunTime:0.000000s ]

[ 2018-03-22T13:41:38+08:00 ] ::1 /thinkphpH/admin.php/Guestbook/index/status/1.html
INFO: [ app_init ] --START--
INFO: Run Behavior\BuildLiteBehavior [ RunTime:0.000000s ]
INFO: [ app_init ] --END-- [ RunTime:0.000000s ]
INFO: [ app_begin ] --START--
INFO: Run Behavior\ReadHtmlCacheBehavior [ RunTime:0.001000s ]
INFO: [ app_begin ] --END-- [ RunTime:0.001000s ]
SQL: SHOW COLUMNS FROM `xg_site` [ RunTime:0.0050s ]
SQL: SELECT * FROM `xg_site` WHERE `siteid` = 1 LIMIT 1   [ RunTime:0.0000s ]
SQL: SHOW COLUMNS FROM `xg_auth` [ RunTime:0.0070s ]
SQL: SELECT * FROM `xg_auth` WHERE `id` = 1 LIMIT 1   [ RunTime:0.0000s ]
SQL: SHOW COLUMNS FROM `xg_guestbook` [ RunTime:0.0060s ]
SQL: SELECT COUNT(*) AS tp_count FROM `xg_guestbook` WHERE `status` = '1' LIMIT 1   [ RunTime:0.0000s ]
SQL: SELECT * FROM `xg_guestbook` WHERE `status` = '1' ORDER BY id desc LIMIT 0,12   [ RunTime:0.0010s ]
INFO: [ view_parse ] --START--
INFO: [ template_filter ] --START--
INFO: Run Behavior\ContentReplaceBehavior [ RunTime:0.000000s ]
INFO: [ template_filter ] --END-- [ RunTime:0.000000s ]
NOTIC: [8] Undefined variable: sel D:\phpStudy\WWW\thinkphpH\Application\Runtime\Cache\Admin\0cac801b94abd71b7155ec44e8a467e8.php 第 16 行.
NOTIC: [8] Undefined variable: sel D:\phpStudy\WWW\thinkphpH\Application\Runtime\Cache\Admin\0cac801b94abd71b7155ec44e8a467e8.php 第 16 行.
NOTIC: [8] Undefined variable: sel D:\phpStudy\WWW\thinkphpH\Application\Runtime\Cache\Admin\0cac801b94abd71b7155ec44e8a467e8.php 第 16 行.
NOTIC: [8] Undefined variable: sel D:\phpStudy\WWW\thinkphpH\Application\Runtime\Cache\Admin\0cac801b94abd71b7155ec44e8a467e8.php 第 21 行.
NOTIC: [8] Undefined variable: sel D:\phpStudy\WWW\thinkphpH\Application\Runtime\Cache\Admin\0cac801b94abd71b7155ec44e8a467e8.php 第 21 行.
NOTIC: [8] Undefined variable: sel D:\phpStudy\WWW\thinkphpH\Application\Runtime\Cache\Admin\0cac801b94abd71b7155ec44e8a467e8.php 第 21 行.
NOTIC: [8] Undefined variable: sel D:\phpStudy\WWW\thinkphpH\Application\Runtime\Cache\Admin\0cac801b94abd71b7155ec44e8a467e8.php 第 24 行.
INFO: Run Behavior\ParseTemplateBehavior [ RunTime:0.009000s ]
INFO: [ view_parse ] --END-- [ RunTime:0.009000s ]
INFO: [ view_filter ] --START--
INFO: Run Behavior\WriteHtmlCacheBehavior [ RunTime:0.001000s ]
INFO: [ view_filter ] --END-- [ RunTime:0.001000s ]
INFO: [ app_end ] --START--
INFO: Run Behavior\ShowPageTraceBehavior [ RunTime:0.000000s ]
INFO: [ app_end ] --END-- [ RunTime:0.000000s ]

[ 2018-03-22T13:41:48+08:00 ] ::1 /thinkphpH/admin.php/Index/index.html
INFO: [ app_init ] --START--
INFO: Run Behavior\BuildLiteBehavior [ RunTime:0.000000s ]
INFO: [ app_init ] --END-- [ RunTime:0.000000s ]
INFO: [ app_begin ] --START--
INFO: Run Behavior\ReadHtmlCacheBehavior [ RunTime:0.001000s ]
INFO: [ app_begin ] --END-- [ RunTime:0.001000s ]
SQL: SHOW COLUMNS FROM `xg_site` [ RunTime:0.0050s ]
SQL: SELECT * FROM `xg_site` WHERE `siteid` = 1 LIMIT 1   [ RunTime:0.0000s ]
SQL: SHOW COLUMNS FROM `xg_auth` [ RunTime:0.0050s ]
SQL: SELECT * FROM `xg_auth` WHERE `id` = 1 LIMIT 1   [ RunTime:0.0000s ]
INFO: [ view_parse ] --START--
INFO: [ template_filter ] --START--
INFO: Run Behavior\ContentReplaceBehavior [ RunTime:0.000000s ]
INFO: [ template_filter ] --END-- [ RunTime:0.000000s ]
INFO: Run Behavior\ParseTemplateBehavior [ RunTime:0.022000s ]
INFO: [ view_parse ] --END-- [ RunTime:0.022000s ]
INFO: [ view_filter ] --START--
INFO: Run Behavior\WriteHtmlCacheBehavior [ RunTime:0.000000s ]
INFO: [ view_filter ] --END-- [ RunTime:0.000000s ]
INFO: [ app_end ] --START--
INFO: Run Behavior\ShowPageTraceBehavior [ RunTime:0.000000s ]
INFO: [ app_end ] --END-- [ RunTime:0.000000s ]

[ 2018-03-22T13:41:49+08:00 ] ::1 /thinkphpH/admin.php/index/summarize.html
INFO: [ app_init ] --START--
INFO: Run Behavior\BuildLiteBehavior [ RunTime:0.000000s ]
INFO: [ app_init ] --END-- [ RunTime:0.001000s ]
INFO: [ app_begin ] --START--
INFO: Run Behavior\ReadHtmlCacheBehavior [ RunTime:0.001000s ]
INFO: [ app_begin ] --END-- [ RunTime:0.001000s ]
SQL: SHOW COLUMNS FROM `xg_site` [ RunTime:0.0050s ]
SQL: SELECT * FROM `xg_site` WHERE `siteid` = 1 LIMIT 1   [ RunTime:0.0000s ]
SQL: SHOW COLUMNS FROM `xg_auth` [ RunTime:0.0050s ]
SQL: SELECT * FROM `xg_auth` WHERE `id` = 1 LIMIT 1   [ RunTime:0.0010s ]
SQL: select version() as ver [ RunTime:0.0000s ]
INFO: [ view_parse ] --START--
INFO: [ template_filter ] --START--
INFO: Run Behavior\ContentReplaceBehavior [ RunTime:0.000000s ]
INFO: [ template_filter ] --END-- [ RunTime:0.000000s ]
NOTIC: [8] Undefined variable: sel D:\phpStudy\WWW\thinkphpH\Application\Runtime\Cache\Admin\a91718f612b01347f17fdaf34b340690.php 第 16 行.
NOTIC: [8] Undefined variable: sel D:\phpStudy\WWW\thinkphpH\Application\Runtime\Cache\Admin\a91718f612b01347f17fdaf34b340690.php 第 16 行.
NOTIC: [8] Undefined variable: sel D:\phpStudy\WWW\thinkphpH\Application\Runtime\Cache\Admin\a91718f612b01347f17fdaf34b340690.php 第 16 行.
NOTIC: [8] Undefined variable: sel D:\phpStudy\WWW\thinkphpH\Application\Runtime\Cache\Admin\a91718f612b01347f17fdaf34b340690.php 第 21 行.
NOTIC: [8] Undefined variable: sel D:\phpStudy\WWW\thinkphpH\Application\Runtime\Cache\Admin\a91718f612b01347f17fdaf34b340690.php 第 21 行.
NOTIC: [8] Undefined variable: sel D:\phpStudy\WWW\thinkphpH\Application\Runtime\Cache\Admin\a91718f612b01347f17fdaf34b340690.php 第 21 行.
NOTIC: [8] Undefined variable: sel D:\phpStudy\WWW\thinkphpH\Application\Runtime\Cache\Admin\a91718f612b01347f17fdaf34b340690.php 第 24 行.
INFO: Run Behavior\ParseTemplateBehavior [ RunTime:0.008000s ]
INFO: [ view_parse ] --END-- [ RunTime:0.008000s ]
INFO: [ view_filter ] --START--
INFO: Run Behavior\WriteHtmlCacheBehavior [ RunTime:0.000000s ]
INFO: [ view_filter ] --END-- [ RunTime:0.001000s ]
INFO: [ app_end ] --START--
INFO: Run Behavior\ShowPageTraceBehavior [ RunTime:0.000000s ]
INFO: [ app_end ] --END-- [ RunTime:0.000000s ]

[ 2018-03-22T13:41:50+08:00 ] ::1 /thinkphpH/admin.php/Index/skin-config.html
INFO: [ app_init ] --START--
INFO: Run Behavior\BuildLiteBehavior [ RunTime:0.000000s ]
INFO: [ app_init ] --END-- [ RunTime:0.000000s ]
INFO: [ app_begin ] --START--
INFO: Run Behavior\ReadHtmlCacheBehavior [ RunTime:0.001000s ]
INFO: [ app_begin ] --END-- [ RunTime:0.001000s ]
SQL: SHOW COLUMNS FROM `xg_site` [ RunTime:0.0050s ]
SQL: SELECT * FROM `xg_site` WHERE `siteid` = 1 LIMIT 1   [ RunTime:0.0000s ]
SQL: SHOW COLUMNS FROM `xg_auth` [ RunTime:0.0060s ]
SQL: SELECT * FROM `xg_auth` WHERE `id` = 1 LIMIT 1   [ RunTime:0.0000s ]
ERR: 非法操作:skin-config

[ 2018-03-22T13:42:50+08:00 ] ::1 /thinkphpH/admin.php/Index/index.html
INFO: [ app_init ] --START--
INFO: Run Behavior\BuildLiteBehavior [ RunTime:0.000000s ]
INFO: [ app_init ] --END-- [ RunTime:0.000000s ]
INFO: [ app_begin ] --START--
INFO: Run Behavior\ReadHtmlCacheBehavior [ RunTime:0.000000s ]
INFO: [ app_begin ] --END-- [ RunTime:0.000000s ]
SQL: SHOW COLUMNS FROM `xg_site` [ RunTime:0.0050s ]
SQL: SELECT * FROM `xg_site` WHERE `siteid` = 1 LIMIT 1   [ RunTime:0.0010s ]
SQL: SHOW COLUMNS FROM `xg_auth` [ RunTime:0.0080s ]
SQL: SELECT * FROM `xg_auth` WHERE `id` = 1 LIMIT 1   [ RunTime:0.0010s ]
INFO: [ view_parse ] --START--
INFO: [ template_filter ] --START--
INFO: Run Behavior\ContentReplaceBehavior [ RunTime:0.000000s ]
INFO: [ template_filter ] --END-- [ RunTime:0.000000s ]
INFO: Run Behavior\ParseTemplateBehavior [ RunTime:0.021000s ]
INFO: [ view_parse ] --END-- [ RunTime:0.021000s ]
INFO: [ view_filter ] --START--
INFO: Run Behavior\WriteHtmlCacheBehavior [ RunTime:0.001000s ]
INFO: [ view_filter ] --END-- [ RunTime:0.001000s ]
INFO: [ app_end ] --START--
INFO: Run Behavior\ShowPageTraceBehavior [ RunTime:0.001000s ]
INFO: [ app_end ] --END-- [ RunTime:0.001000s ]

[ 2018-03-22T13:42:51+08:00 ] ::1 /thinkphpH/admin.php/index/summarize.html
INFO: [ app_init ] --START--
INFO: Run Behavior\BuildLiteBehavior [ RunTime:0.000000s ]
INFO: [ app_init ] --END-- [ RunTime:0.000000s ]
INFO: [ app_begin ] --START--
INFO: Run Behavior\ReadHtmlCacheBehavior [ RunTime:0.001000s ]
INFO: [ app_begin ] --END-- [ RunTime:0.001000s ]
SQL: SHOW COLUMNS FROM `xg_site` [ RunTime:0.0050s ]
SQL: SELECT * FROM `xg_site` WHERE `siteid` = 1 LIMIT 1   [ RunTime:0.0010s ]
SQL: SHOW COLUMNS FROM `xg_auth` [ RunTime:0.0040s ]
SQL: SELECT * FROM `xg_auth` WHERE `id` = 1 LIMIT 1   [ RunTime:0.0010s ]
SQL: select version() as ver [ RunTime:0.0000s ]
INFO: [ view_parse ] --START--
INFO: [ template_filter ] --START--
INFO: Run Behavior\ContentReplaceBehavior [ RunTime:0.000000s ]
INFO: [ template_filter ] --END-- [ RunTime:0.000000s ]
NOTIC: [8] Undefined variable: sel D:\phpStudy\WWW\thinkphpH\Application\Runtime\Cache\Admin\a91718f612b01347f17fdaf34b340690.php 第 16 行.
NOTIC: [8] Undefined variable: sel D:\phpStudy\WWW\thinkphpH\Application\Runtime\Cache\Admin\a91718f612b01347f17fdaf34b340690.php 第 16 行.
NOTIC: [8] Undefined variable: sel D:\phpStudy\WWW\thinkphpH\Application\Runtime\Cache\Admin\a91718f612b01347f17fdaf34b340690.php 第 16 行.
NOTIC: [8] Undefined variable: sel D:\phpStudy\WWW\thinkphpH\Application\Runtime\Cache\Admin\a91718f612b01347f17fdaf34b340690.php 第 21 行.
NOTIC: [8] Undefined variable: sel D:\phpStudy\WWW\thinkphpH\Application\Runtime\Cache\Admin\a91718f612b01347f17fdaf34b340690.php 第 21 行.
NOTIC: [8] Undefined variable: sel D:\phpStudy\WWW\thinkphpH\Application\Runtime\Cache\Admin\a91718f612b01347f17fdaf34b340690.php 第 21 行.
NOTIC: [8] Undefined variable: sel D:\phpStudy\WWW\thinkphpH\Application\Runtime\Cache\Admin\a91718f612b01347f17fdaf34b340690.php 第 24 行.
INFO: Run Behavior\ParseTemplateBehavior [ RunTime:0.010000s ]
INFO: [ view_parse ] --END-- [ RunTime:0.010000s ]
INFO: [ view_filter ] --START--
INFO: Run Behavior\WriteHtmlCacheBehavior [ RunTime:0.000000s ]
INFO: [ view_filter ] --END-- [ RunTime:0.000000s ]
INFO: [ app_end ] --START--
INFO: Run Behavior\ShowPageTraceBehavior [ RunTime:0.001000s ]
INFO: [ app_end ] --END-- [ RunTime:0.001000s ]

[ 2018-03-22T13:42:52+08:00 ] ::1 /thinkphpH/admin.php/Index/skin-config.html
INFO: [ app_init ] --START--
INFO: Run Behavior\BuildLiteBehavior [ RunTime:0.000000s ]
INFO: [ app_init ] --END-- [ RunTime:0.000000s ]
INFO: [ app_begin ] --START--
INFO: Run Behavior\ReadHtmlCacheBehavior [ RunTime:0.001000s ]
INFO: [ app_begin ] --END-- [ RunTime:0.001000s ]
SQL: SHOW COLUMNS FROM `xg_site` [ RunTime:0.0050s ]
SQL: SELECT * FROM `xg_site` WHERE `siteid` = 1 LIMIT 1   [ RunTime:0.0000s ]
SQL: SHOW COLUMNS FROM `xg_auth` [ RunTime:0.0080s ]
SQL: SELECT * FROM `xg_auth` WHERE `id` = 1 LIMIT 1   [ RunTime:0.0010s ]
ERR: 非法操作:skin-config

[ 2018-03-22T17:11:08+08:00 ] ::1 /thinkphpH/admin.php/Index/index.html
INFO: [ app_init ] --START--
INFO: Run Behavior\BuildLiteBehavior [ RunTime:0.000000s ]
INFO: [ app_init ] --END-- [ RunTime:0.001000s ]
INFO: [ app_begin ] --START--
INFO: Run Behavior\ReadHtmlCacheBehavior [ RunTime:0.001000s ]
INFO: [ app_begin ] --END-- [ RunTime:0.001000s ]

[ 2018-03-22T17:11:08+08:00 ] ::1 /thinkphpH/admin.php/Login/index.html
INFO: [ app_init ] --START--
INFO: Run Behavior\BuildLiteBehavior [ RunTime:0.000000s ]
INFO: [ app_init ] --END-- [ RunTime:0.001000s ]
INFO: [ app_begin ] --START--
INFO: Run Behavior\ReadHtmlCacheBehavior [ RunTime:0.001000s ]
INFO: [ app_begin ] --END-- [ RunTime:0.001000s ]
INFO: [ view_parse ] --START--
INFO: [ template_filter ] --START--
INFO: Run Behavior\ContentReplaceBehavior [ RunTime:0.000000s ]
INFO: [ template_filter ] --END-- [ RunTime:0.000000s ]
INFO: Run Behavior\ParseTemplateBehavior [ RunTime:0.009000s ]
INFO: [ view_parse ] --END-- [ RunTime:0.009000s ]
INFO: [ view_filter ] --START--
INFO: Run Behavior\WriteHtmlCacheBehavior [ RunTime:0.001000s ]
INFO: [ view_filter ] --END-- [ RunTime:0.001000s ]
INFO: [ app_end ] --START--
INFO: Run Behavior\ShowPageTraceBehavior [ RunTime:0.001000s ]
INFO: [ app_end ] --END-- [ RunTime:0.001000s ]

[ 2018-03-22T17:11:08+08:00 ] ::1 /thinkphpH/admin.php/Login/verify.html
INFO: [ app_init ] --START--
INFO: Run Behavior\BuildLiteBehavior [ RunTime:0.000000s ]
INFO: [ app_init ] --END-- [ RunTime:0.000000s ]
INFO: [ app_begin ] --START--
INFO: Run Behavior\ReadHtmlCacheBehavior [ RunTime:0.001000s ]
INFO: [ app_begin ] --END-- [ RunTime:0.001000s ]
INFO: [ app_end ] --START--
INFO: Run Behavior\ShowPageTraceBehavior [ RunTime:0.000000s ]
INFO: [ app_end ] --END-- [ RunTime:0.000000s ]

[ 2018-03-22T17:11:17+08:00 ] ::1 /thinkphpH/admin.php/Login/doLogin.html
INFO: [ app_init ] --START--
INFO: Run Behavior\BuildLiteBehavior [ RunTime:0.000000s ]
INFO: [ app_init ] --END-- [ RunTime:0.000000s ]
INFO: [ app_begin ] --START--
INFO: Run Behavior\ReadHtmlCacheBehavior [ RunTime:0.001000s ]
INFO: [ app_begin ] --END-- [ RunTime:0.001000s ]
INFO: [ view_parse ] --START--
INFO: [ template_filter ] --START--
INFO: Run Behavior\ContentReplaceBehavior [ RunTime:0.000000s ]
INFO: [ template_filter ] --END-- [ RunTime:0.000000s ]
INFO: Run Behavior\ParseTemplateBehavior [ RunTime:0.011000s ]
INFO: [ view_parse ] --END-- [ RunTime:0.011000s ]
INFO: [ view_filter ] --START--
INFO: Run Behavior\WriteHtmlCacheBehavior [ RunTime:0.000000s ]
INFO: [ view_filter ] --END-- [ RunTime:0.000000s ]

[ 2018-03-22T17:11:18+08:00 ] ::1 /thinkphpH/admin.php/Login/verify.html
INFO: [ app_init ] --START--
INFO: Run Behavior\BuildLiteBehavior [ RunTime:0.000000s ]
INFO: [ app_init ] --END-- [ RunTime:0.000000s ]
INFO: [ app_begin ] --START--
INFO: Run Behavior\ReadHtmlCacheBehavior [ RunTime:0.001000s ]
INFO: [ app_begin ] --END-- [ RunTime:0.001000s ]
INFO: [ app_end ] --START--
INFO: Run Behavior\ShowPageTraceBehavior [ RunTime:0.001000s ]
INFO: [ app_end ] --END-- [ RunTime:0.001000s ]

[ 2018-03-22T17:11:26+08:00 ] ::1 /thinkphpH/admin.php/Login/doLogin.html
INFO: [ app_init ] --START--
INFO: Run Behavior\BuildLiteBehavior [ RunTime:0.000000s ]
INFO: [ app_init ] --END-- [ RunTime:0.001000s ]
INFO: [ app_begin ] --START--
INFO: Run Behavior\ReadHtmlCacheBehavior [ RunTime:0.000000s ]
INFO: [ app_begin ] --END-- [ RunTime:0.000000s ]
SQL: SHOW COLUMNS FROM `xg_admin` [ RunTime:0.0070s ]
SQL: SELECT * FROM `xg_admin` WHERE `username` = 'admin' AND `status` = 1 LIMIT 1   [ RunTime:0.0010s ]
SQL: UPDATE `xg_admin` SET `lasttime`='1521709885',`lastip`='0' WHERE `username` = 'admin' [ RunTime:0.0050s ]
SQL: SHOW COLUMNS FROM `xg_action` [ RunTime:0.0070s ]
SQL: SELECT * FROM `xg_action` WHERE `name` = 'user_login' LIMIT 1   [ RunTime:0.0000s ]
SQL: SHOW COLUMNS FROM `xg_admin` [ RunTime:0.0050s ]
SQL: SELECT `username` FROM `xg_admin` WHERE `adminid` = 1 LIMIT 1   [ RunTime:0.0000s ]
SQL: SHOW COLUMNS FROM `xg_action_log` [ RunTime:0.0050s ]
SQL: INSERT INTO `xg_action_log` (`user_id`,`action_ip`,`model`,`create_time`,`remark`) VALUES ('1','0','Admin','1521709885','admin在2018-03-22 17:11登录了后台') [ RunTime:0.0020s ]
INFO: [ view_parse ] --START--
INFO: [ template_filter ] --START--
INFO: Run Behavior\ContentReplaceBehavior [ RunTime:0.001000s ]
INFO: [ template_filter ] --END-- [ RunTime:0.001000s ]
INFO: Run Behavior\ParseTemplateBehavior [ RunTime:0.008000s ]
INFO: [ view_parse ] --END-- [ RunTime:0.008000s ]
INFO: [ view_filter ] --START--
INFO: Run Behavior\WriteHtmlCacheBehavior [ RunTime:0.002000s ]
INFO: [ view_filter ] --END-- [ RunTime:0.002000s ]
INFO: [ app_end ] --START--
INFO: Run Behavior\ShowPageTraceBehavior [ RunTime:0.002000s ]
INFO: [ app_end ] --END-- [ RunTime:0.002000s ]

[ 2018-03-22T17:11:28+08:00 ] ::1 /thinkphpH/admin.php/Index/index.html
INFO: [ app_init ] --START--
INFO: Run Behavior\BuildLiteBehavior [ RunTime:0.000000s ]
INFO: [ app_init ] --END-- [ RunTime:0.001000s ]
INFO: [ app_begin ] --START--
INFO: Run Behavior\ReadHtmlCacheBehavior [ RunTime:0.000000s ]
INFO: [ app_begin ] --END-- [ RunTime:0.000000s ]
SQL: SHOW COLUMNS FROM `xg_site` [ RunTime:0.0050s ]
SQL: SELECT * FROM `xg_site` WHERE `siteid` = 1 LIMIT 1   [ RunTime:0.0000s ]
SQL: SHOW COLUMNS FROM `xg_auth` [ RunTime:0.0050s ]
SQL: SELECT * FROM `xg_auth` WHERE `id` = 1 LIMIT 1   [ RunTime:0.0000s ]
INFO: [ view_parse ] --START--
INFO: [ template_filter ] --START--
INFO: Run Behavior\ContentReplaceBehavior [ RunTime:0.001000s ]
INFO: [ template_filter ] --END-- [ RunTime:0.001000s ]
INFO: Run Behavior\ParseTemplateBehavior [ RunTime:0.024000s ]
INFO: [ view_parse ] --END-- [ RunTime:0.024000s ]
INFO: [ view_filter ] --START--
INFO: Run Behavior\WriteHtmlCacheBehavior [ RunTime:0.001000s ]
INFO: [ view_filter ] --END-- [ RunTime:0.001000s ]
INFO: [ app_end ] --START--
INFO: Run Behavior\ShowPageTraceBehavior [ RunTime:0.001000s ]
INFO: [ app_end ] --END-- [ RunTime:0.001000s ]

[ 2018-03-22T17:11:29+08:00 ] ::1 /thinkphpH/admin.php/index/summarize.html
INFO: [ app_init ] --START--
INFO: Run Behavior\BuildLiteBehavior [ RunTime:0.000000s ]
INFO: [ app_init ] --END-- [ RunTime:0.001000s ]
INFO: [ app_begin ] --START--
INFO: Run Behavior\ReadHtmlCacheBehavior [ RunTime:0.001000s ]
INFO: [ app_begin ] --END-- [ RunTime:0.001000s ]
SQL: SHOW COLUMNS FROM `xg_site` [ RunTime:0.0060s ]
SQL: SELECT * FROM `xg_site` WHERE `siteid` = 1 LIMIT 1   [ RunTime:0.0010s ]
SQL: SHOW COLUMNS FROM `xg_auth` [ RunTime:0.0040s ]
SQL: SELECT * FROM `xg_auth` WHERE `id` = 1 LIMIT 1   [ RunTime:0.0000s ]
SQL: select version() as ver [ RunTime:0.0000s ]
INFO: [ view_parse ] --START--
INFO: [ template_filter ] --START--
INFO: Run Behavior\ContentReplaceBehavior [ RunTime:0.000000s ]
INFO: [ template_filter ] --END-- [ RunTime:0.000000s ]
NOTIC: [8] Undefined variable: sel D:\phpStudy\WWW\thinkphpH\Application\Runtime\Cache\Admin\a91718f612b01347f17fdaf34b340690.php 第 16 行.
NOTIC: [8] Undefined variable: sel D:\phpStudy\WWW\thinkphpH\Application\Runtime\Cache\Admin\a91718f612b01347f17fdaf34b340690.php 第 16 行.
NOTIC: [8] Undefined variable: sel D:\phpStudy\WWW\thinkphpH\Application\Runtime\Cache\Admin\a91718f612b01347f17fdaf34b340690.php 第 16 行.
NOTIC: [8] Undefined variable: sel D:\phpStudy\WWW\thinkphpH\Application\Runtime\Cache\Admin\a91718f612b01347f17fdaf34b340690.php 第 21 行.
NOTIC: [8] Undefined variable: sel D:\phpStudy\WWW\thinkphpH\Application\Runtime\Cache\Admin\a91718f612b01347f17fdaf34b340690.php 第 21 行.
NOTIC: [8] Undefined variable: sel D:\phpStudy\WWW\thinkphpH\Application\Runtime\Cache\Admin\a91718f612b01347f17fdaf34b340690.php 第 21 行.
NOTIC: [8] Undefined variable: sel D:\phpStudy\WWW\thinkphpH\Application\Runtime\Cache\Admin\a91718f612b01347f17fdaf34b340690.php 第 24 行.
INFO: Run Behavior\ParseTemplateBehavior [ RunTime:0.010000s ]
INFO: [ view_parse ] --END-- [ RunTime:0.010000s ]
INFO: [ view_filter ] --START--
INFO: Run Behavior\WriteHtmlCacheBehavior [ RunTime:0.000000s ]
INFO: [ view_filter ] --END-- [ RunTime:0.000000s ]
INFO: [ app_end ] --START--
INFO: Run Behavior\ShowPageTraceBehavior [ RunTime:0.000000s ]
INFO: [ app_end ] --END-- [ RunTime:0.001000s ]

[ 2018-03-22T17:11:30+08:00 ] ::1 /thinkphpH/admin.php/Index/skin-config.html
INFO: [ app_init ] --START--
INFO: Run Behavior\BuildLiteBehavior [ RunTime:0.000000s ]
INFO: [ app_init ] --END-- [ RunTime:0.001000s ]
INFO: [ app_begin ] --START--
INFO: Run Behavior\ReadHtmlCacheBehavior [ RunTime:0.001000s ]
INFO: [ app_begin ] --END-- [ RunTime:0.001000s ]
SQL: SHOW COLUMNS FROM `xg_site` [ RunTime:0.0060s ]
SQL: SELECT * FROM `xg_site` WHERE `siteid` = 1 LIMIT 1   [ RunTime:0.0000s ]
SQL: SHOW COLUMNS FROM `xg_auth` [ RunTime:0.0040s ]
SQL: SELECT * FROM `xg_auth` WHERE `id` = 1 LIMIT 1   [ RunTime:0.0000s ]
ERR: 非法操作:skin-config

