[ 2018-03-13T16:36:28+08:00 ] ::1 /thinkphpH/admin.php/Public/cache.html
INFO: [ app_init ] --START--
INFO: Run Behavior\BuildLiteBehavior [ RunTime:0.000000s ]
INFO: [ app_init ] --END-- [ RunTime:0.001000s ]
INFO: [ app_begin ] --START--
INFO: Run Behavior\ReadHtmlCacheBehavior [ RunTime:0.001000s ]
INFO: [ app_begin ] --END-- [ RunTime:0.001000s ]
SQL: SHOW COLUMNS FROM `xg_site` [ RunTime:0.0190s ]
SQL: SELECT * FROM `xg_site` WHERE `siteid` = 1 LIMIT 1   [ RunTime:0.0010s ]
SQL: SHOW COLUMNS FROM `xg_auth` [ RunTime:0.0130s ]
SQL: SELECT * FROM `xg_auth` WHERE `id` = 1 LIMIT 1   [ RunTime:0.0000s ]
INFO: [ view_parse ] --START--
INFO: [ template_filter ] --START--
INFO: Run Behavior\ContentReplaceBehavior [ RunTime:0.000000s ]
INFO: [ template_filter ] --END-- [ RunTime:0.000000s ]
INFO: Run Behavior\ParseTemplateBehavior [ RunTime:0.007000s ]
INFO: [ view_parse ] --END-- [ RunTime:0.007000s ]
INFO: [ view_filter ] --START--
INFO: Run Behavior\WriteHtmlCacheBehavior [ RunTime:0.001000s ]
INFO: [ view_filter ] --END-- [ RunTime:0.001000s ]
INFO: [ app_end ] --START--
INFO: Run Behavior\ShowPageTraceBehavior [ RunTime:0.001000s ]
INFO: [ app_end ] --END-- [ RunTime:0.001000s ]

[ 2018-03-13T16:36:30+08:00 ] ::1 /thinkphpH/admin.php/index/summarize.html
INFO: [ app_init ] --START--
INFO: Run Behavior\BuildLiteBehavior [ RunTime:0.000000s ]
INFO: [ app_init ] --END-- [ RunTime:0.001000s ]
INFO: [ app_begin ] --START--
INFO: Run Behavior\ReadHtmlCacheBehavior [ RunTime:0.002000s ]
INFO: [ app_begin ] --END-- [ RunTime:0.002000s ]
SQL: SHOW COLUMNS FROM `xg_site` [ RunTime:0.0060s ]
SQL: SELECT * FROM `xg_site` WHERE `siteid` = 1 LIMIT 1   [ RunTime:0.0000s ]
SQL: SHOW COLUMNS FROM `xg_auth` [ RunTime:0.0070s ]
SQL: SELECT * FROM `xg_auth` WHERE `id` = 1 LIMIT 1   [ RunTime:0.0010s ]
SQL: select version() as ver [ RunTime:0.0010s ]
INFO: [ view_parse ] --START--
INFO: [ template_filter ] --START--
INFO: Run Behavior\ContentReplaceBehavior [ RunTime:0.000000s ]
INFO: [ template_filter ] --END-- [ RunTime:0.000000s ]
NOTIC: [8] Undefined variable: sel D:\phpStudy\WWW\thinkphpH\Application\Runtime\Cache\Admin\a91718f612b01347f17fdaf34b340690.php 第 16 行.
NOTIC: [8] Undefined variable: sel D:\phpStudy\WWW\thinkphpH\Application\Runtime\Cache\Admin\a91718f612b01347f17fdaf34b340690.php 第 16 行.
NOTIC: [8] Undefined variable: sel D:\phpStudy\WWW\thinkphpH\Application\Runtime\Cache\Admin\a91718f612b01347f17fdaf34b340690.php 第 16 行.
NOTIC: [8] Undefined variable: sel D:\phpStudy\WWW\thinkphpH\Application\Runtime\Cache\Admin\a91718f612b01347f17fdaf34b340690.php 第 21 行.
NOTIC: [8] Undefined variable: sel D:\phpStudy\WWW\thinkphpH\Application\Runtime\Cache\Admin\a91718f612b01347f17fdaf34b340690.php 第 21 行.
NOTIC: [8] Undefined variable: sel D:\phpStudy\WWW\thinkphpH\Application\Runtime\Cache\Admin\a91718f612b01347f17fdaf34b340690.php 第 21 行.
NOTIC: [8] Undefined variable: sel D:\phpStudy\WWW\thinkphpH\Application\Runtime\Cache\Admin\a91718f612b01347f17fdaf34b340690.php 第 24 行.
INFO: Run Behavior\ParseTemplateBehavior [ RunTime:0.009000s ]
INFO: [ view_parse ] --END-- [ RunTime:0.009000s ]
INFO: [ view_filter ] --START--
INFO: Run Behavior\WriteHtmlCacheBehavior [ RunTime:0.001000s ]
INFO: [ view_filter ] --END-- [ RunTime:0.001000s ]
INFO: [ app_end ] --START--
INFO: Run Behavior\ShowPageTraceBehavior [ RunTime:0.000000s ]
INFO: [ app_end ] --END-- [ RunTime:0.000000s ]

[ 2018-03-13T16:36:33+08:00 ] ::1 /thinkphpH/admin.php/Index/summarize.html
INFO: [ app_init ] --START--
INFO: Run Behavior\BuildLiteBehavior [ RunTime:0.000000s ]
INFO: [ app_init ] --END-- [ RunTime:0.000000s ]
INFO: [ app_begin ] --START--
INFO: Run Behavior\ReadHtmlCacheBehavior [ RunTime:0.001000s ]
INFO: [ app_begin ] --END-- [ RunTime:0.001000s ]
SQL: SHOW COLUMNS FROM `xg_site` [ RunTime:0.0100s ]
SQL: SELECT * FROM `xg_site` WHERE `siteid` = 1 LIMIT 1   [ RunTime:0.0010s ]
SQL: SHOW COLUMNS FROM `xg_auth` [ RunTime:0.0110s ]
SQL: SELECT * FROM `xg_auth` WHERE `id` = 1 LIMIT 1   [ RunTime:0.0000s ]
SQL: select version() as ver [ RunTime:0.0000s ]
INFO: [ view_parse ] --START--
INFO: [ template_filter ] --START--
INFO: Run Behavior\ContentReplaceBehavior [ RunTime:0.000000s ]
INFO: [ template_filter ] --END-- [ RunTime:0.000000s ]
NOTIC: [8] Undefined variable: sel D:\phpStudy\WWW\thinkphpH\Application\Runtime\Cache\Admin\a91718f612b01347f17fdaf34b340690.php 第 16 行.
NOTIC: [8] Undefined variable: sel D:\phpStudy\WWW\thinkphpH\Application\Runtime\Cache\Admin\a91718f612b01347f17fdaf34b340690.php 第 16 行.
NOTIC: [8] Undefined variable: sel D:\phpStudy\WWW\thinkphpH\Application\Runtime\Cache\Admin\a91718f612b01347f17fdaf34b340690.php 第 16 行.
NOTIC: [8] Undefined variable: sel D:\phpStudy\WWW\thinkphpH\Application\Runtime\Cache\Admin\a91718f612b01347f17fdaf34b340690.php 第 21 行.
NOTIC: [8] Undefined variable: sel D:\phpStudy\WWW\thinkphpH\Application\Runtime\Cache\Admin\a91718f612b01347f17fdaf34b340690.php 第 21 行.
NOTIC: [8] Undefined variable: sel D:\phpStudy\WWW\thinkphpH\Application\Runtime\Cache\Admin\a91718f612b01347f17fdaf34b340690.php 第 21 行.
NOTIC: [8] Undefined variable: sel D:\phpStudy\WWW\thinkphpH\Application\Runtime\Cache\Admin\a91718f612b01347f17fdaf34b340690.php 第 24 行.
INFO: Run Behavior\ParseTemplateBehavior [ RunTime:0.011000s ]
INFO: [ view_parse ] --END-- [ RunTime:0.011000s ]
INFO: [ view_filter ] --START--
INFO: Run Behavior\WriteHtmlCacheBehavior [ RunTime:0.001000s ]
INFO: [ view_filter ] --END-- [ RunTime:0.001000s ]
INFO: [ app_end ] --START--
INFO: Run Behavior\ShowPageTraceBehavior [ RunTime:0.000000s ]
INFO: [ app_end ] --END-- [ RunTime:0.000000s ]

[ 2018-03-13T16:36:36+08:00 ] ::1 /thinkphpH/admin.php/Index/summarize.html
INFO: [ app_init ] --START--
INFO: Run Behavior\BuildLiteBehavior [ RunTime:0.000000s ]
INFO: [ app_init ] --END-- [ RunTime:0.000000s ]
INFO: [ app_begin ] --START--
INFO: Run Behavior\ReadHtmlCacheBehavior [ RunTime:0.000000s ]
INFO: [ app_begin ] --END-- [ RunTime:0.000000s ]
SQL: SHOW COLUMNS FROM `xg_site` [ RunTime:0.0130s ]
SQL: SELECT * FROM `xg_site` WHERE `siteid` = 1 LIMIT 1   [ RunTime:0.0010s ]
SQL: SHOW COLUMNS FROM `xg_auth` [ RunTime:0.0080s ]
SQL: SELECT * FROM `xg_auth` WHERE `id` = 1 LIMIT 1   [ RunTime:0.0000s ]
SQL: select version() as ver [ RunTime:0.0010s ]
INFO: [ view_parse ] --START--
INFO: [ template_filter ] --START--
INFO: Run Behavior\ContentReplaceBehavior [ RunTime:0.001000s ]
INFO: [ template_filter ] --END-- [ RunTime:0.001000s ]
NOTIC: [8] Undefined variable: sel D:\phpStudy\WWW\thinkphpH\Application\Runtime\Cache\Admin\a91718f612b01347f17fdaf34b340690.php 第 16 行.
NOTIC: [8] Undefined variable: sel D:\phpStudy\WWW\thinkphpH\Application\Runtime\Cache\Admin\a91718f612b01347f17fdaf34b340690.php 第 16 行.
NOTIC: [8] Undefined variable: sel D:\phpStudy\WWW\thinkphpH\Application\Runtime\Cache\Admin\a91718f612b01347f17fdaf34b340690.php 第 16 行.
NOTIC: [8] Undefined variable: sel D:\phpStudy\WWW\thinkphpH\Application\Runtime\Cache\Admin\a91718f612b01347f17fdaf34b340690.php 第 21 行.
NOTIC: [8] Undefined variable: sel D:\phpStudy\WWW\thinkphpH\Application\Runtime\Cache\Admin\a91718f612b01347f17fdaf34b340690.php 第 21 行.
NOTIC: [8] Undefined variable: sel D:\phpStudy\WWW\thinkphpH\Application\Runtime\Cache\Admin\a91718f612b01347f17fdaf34b340690.php 第 21 行.
NOTIC: [8] Undefined variable: sel D:\phpStudy\WWW\thinkphpH\Application\Runtime\Cache\Admin\a91718f612b01347f17fdaf34b340690.php 第 24 行.
INFO: Run Behavior\ParseTemplateBehavior [ RunTime:0.010000s ]
INFO: [ view_parse ] --END-- [ RunTime:0.010000s ]
INFO: [ view_filter ] --START--
INFO: Run Behavior\WriteHtmlCacheBehavior [ RunTime:0.001000s ]
INFO: [ view_filter ] --END-- [ RunTime:0.001000s ]
INFO: [ app_end ] --START--
INFO: Run Behavior\ShowPageTraceBehavior [ RunTime:0.001000s ]
INFO: [ app_end ] --END-- [ RunTime:0.001000s ]

[ 2018-03-13T16:36:45+08:00 ] ::1 /thinkphpH/admin.php/Index/index.html
INFO: [ app_init ] --START--
INFO: Run Behavior\BuildLiteBehavior [ RunTime:0.000000s ]
INFO: [ app_init ] --END-- [ RunTime:0.000000s ]
INFO: [ app_begin ] --START--
INFO: Run Behavior\ReadHtmlCacheBehavior [ RunTime:0.001000s ]
INFO: [ app_begin ] --END-- [ RunTime:0.001000s ]
SQL: SHOW COLUMNS FROM `xg_site` [ RunTime:0.0120s ]
SQL: SELECT * FROM `xg_site` WHERE `siteid` = 1 LIMIT 1   [ RunTime:0.0000s ]
SQL: SHOW COLUMNS FROM `xg_auth` [ RunTime:0.0070s ]
SQL: SELECT * FROM `xg_auth` WHERE `id` = 1 LIMIT 1   [ RunTime:0.0000s ]
INFO: [ view_parse ] --START--
INFO: [ template_filter ] --START--
INFO: Run Behavior\ContentReplaceBehavior [ RunTime:0.001000s ]
INFO: [ template_filter ] --END-- [ RunTime:0.001000s ]
INFO: Run Behavior\ParseTemplateBehavior [ RunTime:0.029000s ]
INFO: [ view_parse ] --END-- [ RunTime:0.029000s ]
INFO: [ view_filter ] --START--
INFO: Run Behavior\WriteHtmlCacheBehavior [ RunTime:0.000000s ]
INFO: [ view_filter ] --END-- [ RunTime:0.000000s ]
INFO: [ app_end ] --START--
INFO: Run Behavior\ShowPageTraceBehavior [ RunTime:0.001000s ]
INFO: [ app_end ] --END-- [ RunTime:0.001000s ]

[ 2018-03-13T16:36:47+08:00 ] ::1 /thinkphpH/admin.php/index/summarize.html
INFO: [ app_init ] --START--
INFO: Run Behavior\BuildLiteBehavior [ RunTime:0.000000s ]
INFO: [ app_init ] --END-- [ RunTime:0.001000s ]
INFO: [ app_begin ] --START--
INFO: Run Behavior\ReadHtmlCacheBehavior [ RunTime:0.001000s ]
INFO: [ app_begin ] --END-- [ RunTime:0.001000s ]
SQL: SHOW COLUMNS FROM `xg_site` [ RunTime:0.0110s ]
SQL: SELECT * FROM `xg_site` WHERE `siteid` = 1 LIMIT 1   [ RunTime:0.0010s ]
SQL: SHOW COLUMNS FROM `xg_auth` [ RunTime:0.0110s ]
SQL: SELECT * FROM `xg_auth` WHERE `id` = 1 LIMIT 1   [ RunTime:0.0010s ]
SQL: select version() as ver [ RunTime:0.0000s ]
INFO: [ view_parse ] --START--
INFO: [ template_filter ] --START--
INFO: Run Behavior\ContentReplaceBehavior [ RunTime:0.000000s ]
INFO: [ template_filter ] --END-- [ RunTime:0.000000s ]
NOTIC: [8] Undefined variable: sel D:\phpStudy\WWW\thinkphpH\Application\Runtime\Cache\Admin\a91718f612b01347f17fdaf34b340690.php 第 16 行.
NOTIC: [8] Undefined variable: sel D:\phpStudy\WWW\thinkphpH\Application\Runtime\Cache\Admin\a91718f612b01347f17fdaf34b340690.php 第 16 行.
NOTIC: [8] Undefined variable: sel D:\phpStudy\WWW\thinkphpH\Application\Runtime\Cache\Admin\a91718f612b01347f17fdaf34b340690.php 第 16 行.
NOTIC: [8] Undefined variable: sel D:\phpStudy\WWW\thinkphpH\Application\Runtime\Cache\Admin\a91718f612b01347f17fdaf34b340690.php 第 21 行.
NOTIC: [8] Undefined variable: sel D:\phpStudy\WWW\thinkphpH\Application\Runtime\Cache\Admin\a91718f612b01347f17fdaf34b340690.php 第 21 行.
NOTIC: [8] Undefined variable: sel D:\phpStudy\WWW\thinkphpH\Application\Runtime\Cache\Admin\a91718f612b01347f17fdaf34b340690.php 第 21 行.
NOTIC: [8] Undefined variable: sel D:\phpStudy\WWW\thinkphpH\Application\Runtime\Cache\Admin\a91718f612b01347f17fdaf34b340690.php 第 24 行.
INFO: Run Behavior\ParseTemplateBehavior [ RunTime:0.008000s ]
INFO: [ view_parse ] --END-- [ RunTime:0.008000s ]
INFO: [ view_filter ] --START--
INFO: Run Behavior\WriteHtmlCacheBehavior [ RunTime:0.001000s ]
INFO: [ view_filter ] --END-- [ RunTime:0.001000s ]
INFO: [ app_end ] --START--
INFO: Run Behavior\ShowPageTraceBehavior [ RunTime:0.001000s ]
INFO: [ app_end ] --END-- [ RunTime:0.001000s ]

[ 2018-03-13T16:36:48+08:00 ] ::1 /thinkphpH/admin.php/Index/skin-config.html
INFO: [ app_init ] --START--
INFO: Run Behavior\BuildLiteBehavior [ RunTime:0.000000s ]
INFO: [ app_init ] --END-- [ RunTime:0.000000s ]
INFO: [ app_begin ] --START--
INFO: Run Behavior\ReadHtmlCacheBehavior [ RunTime:0.000000s ]
INFO: [ app_begin ] --END-- [ RunTime:0.000000s ]
SQL: SHOW COLUMNS FROM `xg_site` [ RunTime:0.0070s ]
SQL: SELECT * FROM `xg_site` WHERE `siteid` = 1 LIMIT 1   [ RunTime:0.0010s ]
SQL: SHOW COLUMNS FROM `xg_auth` [ RunTime:0.0060s ]
SQL: SELECT * FROM `xg_auth` WHERE `id` = 1 LIMIT 1   [ RunTime:0.0000s ]
ERR: 非法操作:skin-config

[ 2018-03-13T16:37:18+08:00 ] ::1 /thinkphpH/admin.php/Site/index.html
INFO: [ app_init ] --START--
INFO: Run Behavior\BuildLiteBehavior [ RunTime:0.000000s ]
INFO: [ app_init ] --END-- [ RunTime:0.001000s ]
INFO: [ app_begin ] --START--
INFO: Run Behavior\ReadHtmlCacheBehavior [ RunTime:0.000000s ]
INFO: [ app_begin ] --END-- [ RunTime:0.000000s ]
SQL: SHOW COLUMNS FROM `xg_site` [ RunTime:0.0080s ]
SQL: SELECT * FROM `xg_site` WHERE `siteid` = 1 LIMIT 1   [ RunTime:0.0000s ]
SQL: SHOW COLUMNS FROM `xg_auth` [ RunTime:0.0090s ]
SQL: SELECT * FROM `xg_auth` WHERE `id` = 1 LIMIT 1   [ RunTime:0.0010s ]
SQL: SELECT * FROM `xg_site` WHERE `siteid` = 1 LIMIT 1   [ RunTime:0.0000s ]
INFO: [ view_parse ] --START--
INFO: [ template_filter ] --START--
INFO: Run Behavior\ContentReplaceBehavior [ RunTime:0.000000s ]
INFO: [ template_filter ] --END-- [ RunTime:0.000000s ]
NOTIC: [8] Use of undefined constant site_logo - assumed 'site_logo' D:\phpStudy\WWW\thinkphpH\Application\Runtime\Cache\Admin\857b1a6610f546bd792cb0f882368043.php 第 63 行.
NOTIC: [8] Undefined variable: detail D:\phpStudy\WWW\thinkphpH\Application\Runtime\Cache\Admin\857b1a6610f546bd792cb0f882368043.php 第 94 行.
NOTIC: [8] Undefined variable: detail D:\phpStudy\WWW\thinkphpH\Application\Runtime\Cache\Admin\857b1a6610f546bd792cb0f882368043.php 第 102 行.
INFO: Run Behavior\ParseTemplateBehavior [ RunTime:0.013000s ]
INFO: [ view_parse ] --END-- [ RunTime:0.013000s ]
INFO: [ view_filter ] --START--
INFO: Run Behavior\WriteHtmlCacheBehavior [ RunTime:0.000000s ]
INFO: [ view_filter ] --END-- [ RunTime:0.000000s ]
INFO: [ app_end ] --START--
INFO: Run Behavior\ShowPageTraceBehavior [ RunTime:0.001000s ]
INFO: [ app_end ] --END-- [ RunTime:0.001000s ]

[ 2018-03-13T16:37:30+08:00 ] ::1 /thinkphpH/admin.php/Index/index.html
INFO: [ app_init ] --START--
INFO: Run Behavior\BuildLiteBehavior [ RunTime:0.000000s ]
INFO: [ app_init ] --END-- [ RunTime:0.001000s ]
INFO: [ app_begin ] --START--
INFO: Run Behavior\ReadHtmlCacheBehavior [ RunTime:0.001000s ]
INFO: [ app_begin ] --END-- [ RunTime:0.001000s ]
SQL: SHOW COLUMNS FROM `xg_site` [ RunTime:0.0130s ]
SQL: SELECT * FROM `xg_site` WHERE `siteid` = 1 LIMIT 1   [ RunTime:0.0010s ]
SQL: SHOW COLUMNS FROM `xg_auth` [ RunTime:0.0050s ]
SQL: SELECT * FROM `xg_auth` WHERE `id` = 1 LIMIT 1   [ RunTime:0.0000s ]
INFO: [ view_parse ] --START--
INFO: [ template_filter ] --START--
INFO: Run Behavior\ContentReplaceBehavior [ RunTime:0.001000s ]
INFO: [ template_filter ] --END-- [ RunTime:0.001000s ]
INFO: Run Behavior\ParseTemplateBehavior [ RunTime:0.023000s ]
INFO: [ view_parse ] --END-- [ RunTime:0.023000s ]
INFO: [ view_filter ] --START--
INFO: Run Behavior\WriteHtmlCacheBehavior [ RunTime:0.001000s ]
INFO: [ view_filter ] --END-- [ RunTime:0.001000s ]
INFO: [ app_end ] --START--
INFO: Run Behavior\ShowPageTraceBehavior [ RunTime:0.001000s ]
INFO: [ app_end ] --END-- [ RunTime:0.001000s ]

[ 2018-03-13T16:37:31+08:00 ] ::1 /thinkphpH/admin.php/index/summarize.html
INFO: [ app_init ] --START--
INFO: Run Behavior\BuildLiteBehavior [ RunTime:0.000000s ]
INFO: [ app_init ] --END-- [ RunTime:0.001000s ]
INFO: [ app_begin ] --START--
INFO: Run Behavior\ReadHtmlCacheBehavior [ RunTime:0.001000s ]
INFO: [ app_begin ] --END-- [ RunTime:0.001000s ]
SQL: SHOW COLUMNS FROM `xg_site` [ RunTime:0.0150s ]
SQL: SELECT * FROM `xg_site` WHERE `siteid` = 1 LIMIT 1   [ RunTime:0.0020s ]
SQL: SHOW COLUMNS FROM `xg_auth` [ RunTime:0.0070s ]
SQL: SELECT * FROM `xg_auth` WHERE `id` = 1 LIMIT 1   [ RunTime:0.0010s ]
SQL: select version() as ver [ RunTime:0.0000s ]
INFO: [ view_parse ] --START--
INFO: [ template_filter ] --START--
INFO: Run Behavior\ContentReplaceBehavior [ RunTime:0.000000s ]
INFO: [ template_filter ] --END-- [ RunTime:0.000000s ]
NOTIC: [8] Undefined variable: sel D:\phpStudy\WWW\thinkphpH\Application\Runtime\Cache\Admin\a91718f612b01347f17fdaf34b340690.php 第 16 行.
NOTIC: [8] Undefined variable: sel D:\phpStudy\WWW\thinkphpH\Application\Runtime\Cache\Admin\a91718f612b01347f17fdaf34b340690.php 第 16 行.
NOTIC: [8] Undefined variable: sel D:\phpStudy\WWW\thinkphpH\Application\Runtime\Cache\Admin\a91718f612b01347f17fdaf34b340690.php 第 16 行.
NOTIC: [8] Undefined variable: sel D:\phpStudy\WWW\thinkphpH\Application\Runtime\Cache\Admin\a91718f612b01347f17fdaf34b340690.php 第 21 行.
NOTIC: [8] Undefined variable: sel D:\phpStudy\WWW\thinkphpH\Application\Runtime\Cache\Admin\a91718f612b01347f17fdaf34b340690.php 第 21 行.
NOTIC: [8] Undefined variable: sel D:\phpStudy\WWW\thinkphpH\Application\Runtime\Cache\Admin\a91718f612b01347f17fdaf34b340690.php 第 21 行.
NOTIC: [8] Undefined variable: sel D:\phpStudy\WWW\thinkphpH\Application\Runtime\Cache\Admin\a91718f612b01347f17fdaf34b340690.php 第 24 行.
INFO: Run Behavior\ParseTemplateBehavior [ RunTime:0.009000s ]
INFO: [ view_parse ] --END-- [ RunTime:0.009000s ]
INFO: [ view_filter ] --START--
INFO: Run Behavior\WriteHtmlCacheBehavior [ RunTime:0.001000s ]
INFO: [ view_filter ] --END-- [ RunTime:0.001000s ]
INFO: [ app_end ] --START--
INFO: Run Behavior\ShowPageTraceBehavior [ RunTime:0.001000s ]
INFO: [ app_end ] --END-- [ RunTime:0.001000s ]

[ 2018-03-13T16:37:32+08:00 ] ::1 /thinkphpH/admin.php/Index/skin-config.html
INFO: [ app_init ] --START--
INFO: Run Behavior\BuildLiteBehavior [ RunTime:0.000000s ]
INFO: [ app_init ] --END-- [ RunTime:0.001000s ]
INFO: [ app_begin ] --START--
INFO: Run Behavior\ReadHtmlCacheBehavior [ RunTime:0.001000s ]
INFO: [ app_begin ] --END-- [ RunTime:0.001000s ]
SQL: SHOW COLUMNS FROM `xg_site` [ RunTime:0.0050s ]
SQL: SELECT * FROM `xg_site` WHERE `siteid` = 1 LIMIT 1   [ RunTime:0.0010s ]
SQL: SHOW COLUMNS FROM `xg_auth` [ RunTime:0.0070s ]
SQL: SELECT * FROM `xg_auth` WHERE `id` = 1 LIMIT 1   [ RunTime:0.0000s ]
ERR: 非法操作:skin-config

[ 2018-03-13T16:37:33+08:00 ] ::1 /thinkphpH/admin.php/Index/summarize.html
INFO: [ app_init ] --START--
INFO: Run Behavior\BuildLiteBehavior [ RunTime:0.000000s ]
INFO: [ app_init ] --END-- [ RunTime:0.000000s ]
INFO: [ app_begin ] --START--
INFO: Run Behavior\ReadHtmlCacheBehavior [ RunTime:0.000000s ]
INFO: [ app_begin ] --END-- [ RunTime:0.000000s ]
SQL: SHOW COLUMNS FROM `xg_site` [ RunTime:0.0090s ]
SQL: SELECT * FROM `xg_site` WHERE `siteid` = 1 LIMIT 1   [ RunTime:0.0010s ]
SQL: SHOW COLUMNS FROM `xg_auth` [ RunTime:0.0090s ]
SQL: SELECT * FROM `xg_auth` WHERE `id` = 1 LIMIT 1   [ RunTime:0.0000s ]
SQL: select version() as ver [ RunTime:0.0010s ]
INFO: [ view_parse ] --START--
INFO: [ template_filter ] --START--
INFO: Run Behavior\ContentReplaceBehavior [ RunTime:0.000000s ]
INFO: [ template_filter ] --END-- [ RunTime:0.000000s ]
NOTIC: [8] Undefined variable: sel D:\phpStudy\WWW\thinkphpH\Application\Runtime\Cache\Admin\a91718f612b01347f17fdaf34b340690.php 第 16 行.
NOTIC: [8] Undefined variable: sel D:\phpStudy\WWW\thinkphpH\Application\Runtime\Cache\Admin\a91718f612b01347f17fdaf34b340690.php 第 16 行.
NOTIC: [8] Undefined variable: sel D:\phpStudy\WWW\thinkphpH\Application\Runtime\Cache\Admin\a91718f612b01347f17fdaf34b340690.php 第 16 行.
NOTIC: [8] Undefined variable: sel D:\phpStudy\WWW\thinkphpH\Application\Runtime\Cache\Admin\a91718f612b01347f17fdaf34b340690.php 第 21 行.
NOTIC: [8] Undefined variable: sel D:\phpStudy\WWW\thinkphpH\Application\Runtime\Cache\Admin\a91718f612b01347f17fdaf34b340690.php 第 21 行.
NOTIC: [8] Undefined variable: sel D:\phpStudy\WWW\thinkphpH\Application\Runtime\Cache\Admin\a91718f612b01347f17fdaf34b340690.php 第 21 行.
NOTIC: [8] Undefined variable: sel D:\phpStudy\WWW\thinkphpH\Application\Runtime\Cache\Admin\a91718f612b01347f17fdaf34b340690.php 第 24 行.
INFO: Run Behavior\ParseTemplateBehavior [ RunTime:0.010000s ]
INFO: [ view_parse ] --END-- [ RunTime:0.010000s ]
INFO: [ view_filter ] --START--
INFO: Run Behavior\WriteHtmlCacheBehavior [ RunTime:0.001000s ]
INFO: [ view_filter ] --END-- [ RunTime:0.001000s ]
INFO: [ app_end ] --START--
INFO: Run Behavior\ShowPageTraceBehavior [ RunTime:0.001000s ]
INFO: [ app_end ] --END-- [ RunTime:0.001000s ]

[ 2018-03-13T16:37:36+08:00 ] ::1 /thinkphpH/admin.php/Index/index.html
INFO: [ app_init ] --START--
INFO: Run Behavior\BuildLiteBehavior [ RunTime:0.000000s ]
INFO: [ app_init ] --END-- [ RunTime:0.001000s ]
INFO: [ app_begin ] --START--
INFO: Run Behavior\ReadHtmlCacheBehavior [ RunTime:0.001000s ]
INFO: [ app_begin ] --END-- [ RunTime:0.001000s ]
SQL: SHOW COLUMNS FROM `xg_site` [ RunTime:0.0120s ]
SQL: SELECT * FROM `xg_site` WHERE `siteid` = 1 LIMIT 1   [ RunTime:0.0000s ]
SQL: SHOW COLUMNS FROM `xg_auth` [ RunTime:0.0130s ]
SQL: SELECT * FROM `xg_auth` WHERE `id` = 1 LIMIT 1   [ RunTime:0.0010s ]
INFO: [ view_parse ] --START--
INFO: [ template_filter ] --START--
INFO: Run Behavior\ContentReplaceBehavior [ RunTime:0.000000s ]
INFO: [ template_filter ] --END-- [ RunTime:0.000000s ]
INFO: Run Behavior\ParseTemplateBehavior [ RunTime:0.023000s ]
INFO: [ view_parse ] --END-- [ RunTime:0.023000s ]
INFO: [ view_filter ] --START--
INFO: Run Behavior\WriteHtmlCacheBehavior [ RunTime:0.001000s ]
INFO: [ view_filter ] --END-- [ RunTime:0.001000s ]
INFO: [ app_end ] --START--
INFO: Run Behavior\ShowPageTraceBehavior [ RunTime:0.001000s ]
INFO: [ app_end ] --END-- [ RunTime:0.001000s ]

[ 2018-03-13T16:37:37+08:00 ] ::1 /thinkphpH/admin.php/index/summarize.html
INFO: [ app_init ] --START--
INFO: Run Behavior\BuildLiteBehavior [ RunTime:0.000000s ]
INFO: [ app_init ] --END-- [ RunTime:0.001000s ]
INFO: [ app_begin ] --START--
INFO: Run Behavior\ReadHtmlCacheBehavior [ RunTime:0.001000s ]
INFO: [ app_begin ] --END-- [ RunTime:0.001000s ]
SQL: SHOW COLUMNS FROM `xg_site` [ RunTime:0.0140s ]
SQL: SELECT * FROM `xg_site` WHERE `siteid` = 1 LIMIT 1   [ RunTime:0.0010s ]
SQL: SHOW COLUMNS FROM `xg_auth` [ RunTime:0.0110s ]
SQL: SELECT * FROM `xg_auth` WHERE `id` = 1 LIMIT 1   [ RunTime:0.0010s ]
SQL: select version() as ver [ RunTime:0.0010s ]
INFO: [ view_parse ] --START--
INFO: [ template_filter ] --START--
INFO: Run Behavior\ContentReplaceBehavior [ RunTime:0.000000s ]
INFO: [ template_filter ] --END-- [ RunTime:0.000000s ]
NOTIC: [8] Undefined variable: sel D:\phpStudy\WWW\thinkphpH\Application\Runtime\Cache\Admin\a91718f612b01347f17fdaf34b340690.php 第 16 行.
NOTIC: [8] Undefined variable: sel D:\phpStudy\WWW\thinkphpH\Application\Runtime\Cache\Admin\a91718f612b01347f17fdaf34b340690.php 第 16 行.
NOTIC: [8] Undefined variable: sel D:\phpStudy\WWW\thinkphpH\Application\Runtime\Cache\Admin\a91718f612b01347f17fdaf34b340690.php 第 16 行.
NOTIC: [8] Undefined variable: sel D:\phpStudy\WWW\thinkphpH\Application\Runtime\Cache\Admin\a91718f612b01347f17fdaf34b340690.php 第 21 行.
NOTIC: [8] Undefined variable: sel D:\phpStudy\WWW\thinkphpH\Application\Runtime\Cache\Admin\a91718f612b01347f17fdaf34b340690.php 第 21 行.
NOTIC: [8] Undefined variable: sel D:\phpStudy\WWW\thinkphpH\Application\Runtime\Cache\Admin\a91718f612b01347f17fdaf34b340690.php 第 21 行.
NOTIC: [8] Undefined variable: sel D:\phpStudy\WWW\thinkphpH\Application\Runtime\Cache\Admin\a91718f612b01347f17fdaf34b340690.php 第 24 行.
INFO: Run Behavior\ParseTemplateBehavior [ RunTime:0.007000s ]
INFO: [ view_parse ] --END-- [ RunTime:0.007000s ]
INFO: [ view_filter ] --START--
INFO: Run Behavior\WriteHtmlCacheBehavior [ RunTime:0.000000s ]
INFO: [ view_filter ] --END-- [ RunTime:0.000000s ]
INFO: [ app_end ] --START--
INFO: Run Behavior\ShowPageTraceBehavior [ RunTime:0.001000s ]
INFO: [ app_end ] --END-- [ RunTime:0.001000s ]

[ 2018-03-13T16:37:38+08:00 ] ::1 /thinkphpH/admin.php/Index/skin-config.html
INFO: [ app_init ] --START--
INFO: Run Behavior\BuildLiteBehavior [ RunTime:0.000000s ]
INFO: [ app_init ] --END-- [ RunTime:0.001000s ]
INFO: [ app_begin ] --START--
INFO: Run Behavior\ReadHtmlCacheBehavior [ RunTime:0.001000s ]
INFO: [ app_begin ] --END-- [ RunTime:0.001000s ]
SQL: SHOW COLUMNS FROM `xg_site` [ RunTime:0.0090s ]
SQL: SELECT * FROM `xg_site` WHERE `siteid` = 1 LIMIT 1   [ RunTime:0.0000s ]
SQL: SHOW COLUMNS FROM `xg_auth` [ RunTime:0.0080s ]
SQL: SELECT * FROM `xg_auth` WHERE `id` = 1 LIMIT 1   [ RunTime:0.0000s ]
ERR: 非法操作:skin-config

[ 2018-03-13T16:37:39+08:00 ] ::1 /thinkphpH/admin.php/Index/summarize.html
INFO: [ app_init ] --START--
INFO: Run Behavior\BuildLiteBehavior [ RunTime:0.000000s ]
INFO: [ app_init ] --END-- [ RunTime:0.001000s ]
INFO: [ app_begin ] --START--
INFO: Run Behavior\ReadHtmlCacheBehavior [ RunTime:0.000000s ]
INFO: [ app_begin ] --END-- [ RunTime:0.000000s ]
SQL: SHOW COLUMNS FROM `xg_site` [ RunTime:0.0110s ]
SQL: SELECT * FROM `xg_site` WHERE `siteid` = 1 LIMIT 1   [ RunTime:0.0000s ]
SQL: SHOW COLUMNS FROM `xg_auth` [ RunTime:0.0130s ]
SQL: SELECT * FROM `xg_auth` WHERE `id` = 1 LIMIT 1   [ RunTime:0.0000s ]
SQL: select version() as ver [ RunTime:0.0000s ]
INFO: [ view_parse ] --START--
INFO: [ template_filter ] --START--
INFO: Run Behavior\ContentReplaceBehavior [ RunTime:0.000000s ]
INFO: [ template_filter ] --END-- [ RunTime:0.000000s ]
NOTIC: [8] Undefined variable: sel D:\phpStudy\WWW\thinkphpH\Application\Runtime\Cache\Admin\a91718f612b01347f17fdaf34b340690.php 第 16 行.
NOTIC: [8] Undefined variable: sel D:\phpStudy\WWW\thinkphpH\Application\Runtime\Cache\Admin\a91718f612b01347f17fdaf34b340690.php 第 16 行.
NOTIC: [8] Undefined variable: sel D:\phpStudy\WWW\thinkphpH\Application\Runtime\Cache\Admin\a91718f612b01347f17fdaf34b340690.php 第 16 行.
NOTIC: [8] Undefined variable: sel D:\phpStudy\WWW\thinkphpH\Application\Runtime\Cache\Admin\a91718f612b01347f17fdaf34b340690.php 第 21 行.
NOTIC: [8] Undefined variable: sel D:\phpStudy\WWW\thinkphpH\Application\Runtime\Cache\Admin\a91718f612b01347f17fdaf34b340690.php 第 21 行.
NOTIC: [8] Undefined variable: sel D:\phpStudy\WWW\thinkphpH\Application\Runtime\Cache\Admin\a91718f612b01347f17fdaf34b340690.php 第 21 行.
NOTIC: [8] Undefined variable: sel D:\phpStudy\WWW\thinkphpH\Application\Runtime\Cache\Admin\a91718f612b01347f17fdaf34b340690.php 第 24 行.
INFO: Run Behavior\ParseTemplateBehavior [ RunTime:0.009000s ]
INFO: [ view_parse ] --END-- [ RunTime:0.009000s ]
INFO: [ view_filter ] --START--
INFO: Run Behavior\WriteHtmlCacheBehavior [ RunTime:0.000000s ]
INFO: [ view_filter ] --END-- [ RunTime:0.000000s ]
INFO: [ app_end ] --START--
INFO: Run Behavior\ShowPageTraceBehavior [ RunTime:0.001000s ]
INFO: [ app_end ] --END-- [ RunTime:0.001000s ]

[ 2018-03-13T16:38:23+08:00 ] ::1 /thinkphpH/admin.php/Index/index.html
INFO: [ app_init ] --START--
INFO: Run Behavior\BuildLiteBehavior [ RunTime:0.000000s ]
INFO: [ app_init ] --END-- [ RunTime:0.001000s ]
INFO: [ app_begin ] --START--
INFO: Run Behavior\ReadHtmlCacheBehavior [ RunTime:0.001000s ]
INFO: [ app_begin ] --END-- [ RunTime:0.001000s ]
SQL: SHOW COLUMNS FROM `xg_site` [ RunTime:0.0110s ]
SQL: SELECT * FROM `xg_site` WHERE `siteid` = 1 LIMIT 1   [ RunTime:0.0010s ]
SQL: SHOW COLUMNS FROM `xg_auth` [ RunTime:0.0090s ]
SQL: SELECT * FROM `xg_auth` WHERE `id` = 1 LIMIT 1   [ RunTime:0.0000s ]
INFO: [ view_parse ] --START--
INFO: [ template_filter ] --START--
INFO: Run Behavior\ContentReplaceBehavior [ RunTime:0.000000s ]
INFO: [ template_filter ] --END-- [ RunTime:0.000000s ]
INFO: Run Behavior\ParseTemplateBehavior [ RunTime:0.028000s ]
INFO: [ view_parse ] --END-- [ RunTime:0.028000s ]
INFO: [ view_filter ] --START--
INFO: Run Behavior\WriteHtmlCacheBehavior [ RunTime:0.000000s ]
INFO: [ view_filter ] --END-- [ RunTime:0.000000s ]
INFO: [ app_end ] --START--
INFO: Run Behavior\ShowPageTraceBehavior [ RunTime:0.000000s ]
INFO: [ app_end ] --END-- [ RunTime:0.000000s ]

[ 2018-03-13T16:38:24+08:00 ] ::1 /thinkphpH/admin.php/index/summarize.html
INFO: [ app_init ] --START--
INFO: Run Behavior\BuildLiteBehavior [ RunTime:0.000000s ]
INFO: [ app_init ] --END-- [ RunTime:0.000000s ]
INFO: [ app_begin ] --START--
INFO: Run Behavior\ReadHtmlCacheBehavior [ RunTime:0.001000s ]
INFO: [ app_begin ] --END-- [ RunTime:0.001000s ]
SQL: SHOW COLUMNS FROM `xg_site` [ RunTime:0.0060s ]
SQL: SELECT * FROM `xg_site` WHERE `siteid` = 1 LIMIT 1   [ RunTime:0.0000s ]
SQL: SHOW COLUMNS FROM `xg_auth` [ RunTime:0.0060s ]
SQL: SELECT * FROM `xg_auth` WHERE `id` = 1 LIMIT 1   [ RunTime:0.0000s ]
SQL: select version() as ver [ RunTime:0.0020s ]
INFO: [ view_parse ] --START--
INFO: [ template_filter ] --START--
INFO: Run Behavior\ContentReplaceBehavior [ RunTime:0.000000s ]
INFO: [ template_filter ] --END-- [ RunTime:0.000000s ]
NOTIC: [8] Undefined variable: sel D:\phpStudy\WWW\thinkphpH\Application\Runtime\Cache\Admin\a91718f612b01347f17fdaf34b340690.php 第 16 行.
NOTIC: [8] Undefined variable: sel D:\phpStudy\WWW\thinkphpH\Application\Runtime\Cache\Admin\a91718f612b01347f17fdaf34b340690.php 第 16 行.
NOTIC: [8] Undefined variable: sel D:\phpStudy\WWW\thinkphpH\Application\Runtime\Cache\Admin\a91718f612b01347f17fdaf34b340690.php 第 16 行.
NOTIC: [8] Undefined variable: sel D:\phpStudy\WWW\thinkphpH\Application\Runtime\Cache\Admin\a91718f612b01347f17fdaf34b340690.php 第 21 行.
NOTIC: [8] Undefined variable: sel D:\phpStudy\WWW\thinkphpH\Application\Runtime\Cache\Admin\a91718f612b01347f17fdaf34b340690.php 第 21 行.
NOTIC: [8] Undefined variable: sel D:\phpStudy\WWW\thinkphpH\Application\Runtime\Cache\Admin\a91718f612b01347f17fdaf34b340690.php 第 21 行.
NOTIC: [8] Undefined variable: sel D:\phpStudy\WWW\thinkphpH\Application\Runtime\Cache\Admin\a91718f612b01347f17fdaf34b340690.php 第 24 行.
INFO: Run Behavior\ParseTemplateBehavior [ RunTime:0.008000s ]
INFO: [ view_parse ] --END-- [ RunTime:0.008000s ]
INFO: [ view_filter ] --START--
INFO: Run Behavior\WriteHtmlCacheBehavior [ RunTime:0.001000s ]
INFO: [ view_filter ] --END-- [ RunTime:0.001000s ]
INFO: [ app_end ] --START--
INFO: Run Behavior\ShowPageTraceBehavior [ RunTime:0.001000s ]
INFO: [ app_end ] --END-- [ RunTime:0.001000s ]

[ 2018-03-13T16:38:26+08:00 ] ::1 /thinkphpH/admin.php/Index/skin-config.html
INFO: [ app_init ] --START--
INFO: Run Behavior\BuildLiteBehavior [ RunTime:0.000000s ]
INFO: [ app_init ] --END-- [ RunTime:0.000000s ]
INFO: [ app_begin ] --START--
INFO: Run Behavior\ReadHtmlCacheBehavior [ RunTime:0.001000s ]
INFO: [ app_begin ] --END-- [ RunTime:0.001000s ]
SQL: SHOW COLUMNS FROM `xg_site` [ RunTime:0.0070s ]
SQL: SELECT * FROM `xg_site` WHERE `siteid` = 1 LIMIT 1   [ RunTime:0.0010s ]
SQL: SHOW COLUMNS FROM `xg_auth` [ RunTime:0.0060s ]
SQL: SELECT * FROM `xg_auth` WHERE `id` = 1 LIMIT 1   [ RunTime:0.0010s ]
ERR: 非法操作:skin-config

[ 2018-03-13T16:38:50+08:00 ] ::1 /thinkphpH/admin.php/Index/index.html
INFO: [ app_init ] --START--
INFO: Run Behavior\BuildLiteBehavior [ RunTime:0.000000s ]
INFO: [ app_init ] --END-- [ RunTime:0.000000s ]
INFO: [ app_begin ] --START--
INFO: Run Behavior\ReadHtmlCacheBehavior [ RunTime:0.001000s ]
INFO: [ app_begin ] --END-- [ RunTime:0.001000s ]
SQL: SHOW COLUMNS FROM `xg_site` [ RunTime:0.0170s ]
SQL: SELECT * FROM `xg_site` WHERE `siteid` = 1 LIMIT 1   [ RunTime:0.0010s ]
SQL: SHOW COLUMNS FROM `xg_auth` [ RunTime:0.0090s ]
SQL: SELECT * FROM `xg_auth` WHERE `id` = 1 LIMIT 1   [ RunTime:0.0010s ]
INFO: [ view_parse ] --START--
INFO: [ template_filter ] --START--
INFO: Run Behavior\ContentReplaceBehavior [ RunTime:0.000000s ]
INFO: [ template_filter ] --END-- [ RunTime:0.001000s ]
INFO: Run Behavior\ParseTemplateBehavior [ RunTime:0.026000s ]
INFO: [ view_parse ] --END-- [ RunTime:0.026000s ]
INFO: [ view_filter ] --START--
INFO: Run Behavior\WriteHtmlCacheBehavior [ RunTime:0.001000s ]
INFO: [ view_filter ] --END-- [ RunTime:0.001000s ]
INFO: [ app_end ] --START--
INFO: Run Behavior\ShowPageTraceBehavior [ RunTime:0.001000s ]
INFO: [ app_end ] --END-- [ RunTime:0.001000s ]

[ 2018-03-13T16:38:51+08:00 ] ::1 /thinkphpH/admin.php/index/summarize.html
INFO: [ app_init ] --START--
INFO: Run Behavior\BuildLiteBehavior [ RunTime:0.000000s ]
INFO: [ app_init ] --END-- [ RunTime:0.001000s ]
INFO: [ app_begin ] --START--
INFO: Run Behavior\ReadHtmlCacheBehavior [ RunTime:0.001000s ]
INFO: [ app_begin ] --END-- [ RunTime:0.001000s ]
SQL: SHOW COLUMNS FROM `xg_site` [ RunTime:0.0190s ]
SQL: SELECT * FROM `xg_site` WHERE `siteid` = 1 LIMIT 1   [ RunTime:0.0020s ]
SQL: SHOW COLUMNS FROM `xg_auth` [ RunTime:0.0130s ]
SQL: SELECT * FROM `xg_auth` WHERE `id` = 1 LIMIT 1   [ RunTime:0.0000s ]
SQL: select version() as ver [ RunTime:0.0000s ]
INFO: [ view_parse ] --START--
INFO: [ template_filter ] --START--
INFO: Run Behavior\ContentReplaceBehavior [ RunTime:0.000000s ]
INFO: [ template_filter ] --END-- [ RunTime:0.000000s ]
NOTIC: [8] Undefined variable: sel D:\phpStudy\WWW\thinkphpH\Application\Runtime\Cache\Admin\a91718f612b01347f17fdaf34b340690.php 第 16 行.
NOTIC: [8] Undefined variable: sel D:\phpStudy\WWW\thinkphpH\Application\Runtime\Cache\Admin\a91718f612b01347f17fdaf34b340690.php 第 16 行.
NOTIC: [8] Undefined variable: sel D:\phpStudy\WWW\thinkphpH\Application\Runtime\Cache\Admin\a91718f612b01347f17fdaf34b340690.php 第 16 行.
NOTIC: [8] Undefined variable: sel D:\phpStudy\WWW\thinkphpH\Application\Runtime\Cache\Admin\a91718f612b01347f17fdaf34b340690.php 第 21 行.
NOTIC: [8] Undefined variable: sel D:\phpStudy\WWW\thinkphpH\Application\Runtime\Cache\Admin\a91718f612b01347f17fdaf34b340690.php 第 21 行.
NOTIC: [8] Undefined variable: sel D:\phpStudy\WWW\thinkphpH\Application\Runtime\Cache\Admin\a91718f612b01347f17fdaf34b340690.php 第 21 行.
NOTIC: [8] Undefined variable: sel D:\phpStudy\WWW\thinkphpH\Application\Runtime\Cache\Admin\a91718f612b01347f17fdaf34b340690.php 第 24 行.
INFO: Run Behavior\ParseTemplateBehavior [ RunTime:0.012000s ]
INFO: [ view_parse ] --END-- [ RunTime:0.012000s ]
INFO: [ view_filter ] --START--
INFO: Run Behavior\WriteHtmlCacheBehavior [ RunTime:0.000000s ]
INFO: [ view_filter ] --END-- [ RunTime:0.000000s ]
INFO: [ app_end ] --START--
INFO: Run Behavior\ShowPageTraceBehavior [ RunTime:0.000000s ]
INFO: [ app_end ] --END-- [ RunTime:0.000000s ]

[ 2018-03-13T16:38:52+08:00 ] ::1 /thinkphpH/admin.php/Index/skin-config.html
INFO: [ app_init ] --START--
INFO: Run Behavior\BuildLiteBehavior [ RunTime:0.000000s ]
INFO: [ app_init ] --END-- [ RunTime:0.000000s ]
INFO: [ app_begin ] --START--
INFO: Run Behavior\ReadHtmlCacheBehavior [ RunTime:0.000000s ]
INFO: [ app_begin ] --END-- [ RunTime:0.001000s ]
SQL: SHOW COLUMNS FROM `xg_site` [ RunTime:0.0050s ]
SQL: SELECT * FROM `xg_site` WHERE `siteid` = 1 LIMIT 1   [ RunTime:0.0000s ]
SQL: SHOW COLUMNS FROM `xg_auth` [ RunTime:0.0060s ]
SQL: SELECT * FROM `xg_auth` WHERE `id` = 1 LIMIT 1   [ RunTime:0.0000s ]
ERR: 非法操作:skin-config

[ 2018-03-13T16:38:59+08:00 ] ::1 /thinkphpH/admin.php/Site/index.html
INFO: [ app_init ] --START--
INFO: Run Behavior\BuildLiteBehavior [ RunTime:0.000000s ]
INFO: [ app_init ] --END-- [ RunTime:0.000000s ]
INFO: [ app_begin ] --START--
INFO: Run Behavior\ReadHtmlCacheBehavior [ RunTime:0.001000s ]
INFO: [ app_begin ] --END-- [ RunTime:0.001000s ]
SQL: SHOW COLUMNS FROM `xg_site` [ RunTime:0.0130s ]
SQL: SELECT * FROM `xg_site` WHERE `siteid` = 1 LIMIT 1   [ RunTime:0.0010s ]
SQL: SHOW COLUMNS FROM `xg_auth` [ RunTime:0.0070s ]
SQL: SELECT * FROM `xg_auth` WHERE `id` = 1 LIMIT 1   [ RunTime:0.0010s ]
SQL: SELECT * FROM `xg_site` WHERE `siteid` = 1 LIMIT 1   [ RunTime:0.0000s ]
INFO: [ view_parse ] --START--
INFO: [ template_filter ] --START--
INFO: Run Behavior\ContentReplaceBehavior [ RunTime:0.000000s ]
INFO: [ template_filter ] --END-- [ RunTime:0.000000s ]
NOTIC: [8] Use of undefined constant site_logo - assumed 'site_logo' D:\phpStudy\WWW\thinkphpH\Application\Runtime\Cache\Admin\857b1a6610f546bd792cb0f882368043.php 第 63 行.
NOTIC: [8] Undefined variable: detail D:\phpStudy\WWW\thinkphpH\Application\Runtime\Cache\Admin\857b1a6610f546bd792cb0f882368043.php 第 94 行.
NOTIC: [8] Undefined variable: detail D:\phpStudy\WWW\thinkphpH\Application\Runtime\Cache\Admin\857b1a6610f546bd792cb0f882368043.php 第 102 行.
INFO: Run Behavior\ParseTemplateBehavior [ RunTime:0.011000s ]
INFO: [ view_parse ] --END-- [ RunTime:0.011000s ]
INFO: [ view_filter ] --START--
INFO: Run Behavior\WriteHtmlCacheBehavior [ RunTime:0.000000s ]
INFO: [ view_filter ] --END-- [ RunTime:0.000000s ]
INFO: [ app_end ] --START--
INFO: Run Behavior\ShowPageTraceBehavior [ RunTime:0.001000s ]
INFO: [ app_end ] --END-- [ RunTime:0.001000s ]

[ 2018-03-13T16:39:21+08:00 ] ::1 /thinkphpH/admin.php/Site/update.html
INFO: [ app_init ] --START--
INFO: Run Behavior\BuildLiteBehavior [ RunTime:0.000000s ]
INFO: [ app_init ] --END-- [ RunTime:0.000000s ]
INFO: [ app_begin ] --START--
INFO: Run Behavior\ReadHtmlCacheBehavior [ RunTime:0.001000s ]
INFO: [ app_begin ] --END-- [ RunTime:0.001000s ]
SQL: SHOW COLUMNS FROM `xg_site` [ RunTime:0.0120s ]
SQL: SELECT * FROM `xg_site` WHERE `siteid` = 1 LIMIT 1   [ RunTime:0.0020s ]
SQL: SHOW COLUMNS FROM `xg_auth` [ RunTime:0.0120s ]
SQL: SELECT * FROM `xg_auth` WHERE `id` = 1 LIMIT 1   [ RunTime:0.0010s ]
SQL: UPDATE `xg_site` SET `companyname`='兴汉胜境V1.0',`site_phone`='020-8888888',`url`='http://www.gtt-gz.com/',`ptitle`='',`pkeywords`='',`pdescription`='',`template_pc`='default',`template_wap`='default',`site_address`='',`site_email`='88888888@qq.com',`site_filing`='粤ICP备14014041号',`file_size`='20',`site_jstransfer`='',`site_copyright`='版权所有 Copyright(C)2015-2018 辽宁楚丰科技有限公司',`pattern`='1' WHERE `siteid` = 1 [ RunTime:0.0030s ]
SQL: SHOW COLUMNS FROM `xg_action` [ RunTime:0.0060s ]
SQL: SELECT * FROM `xg_action` WHERE `name` = 'update_config' LIMIT 1   [ RunTime:0.0000s ]
SQL: SHOW COLUMNS FROM `xg_admin` [ RunTime:0.0060s ]
SQL: SELECT `username` FROM `xg_admin` WHERE `adminid` = 1 LIMIT 1   [ RunTime:0.0000s ]
SQL: SHOW COLUMNS FROM `xg_action_log` [ RunTime:0.0060s ]
SQL: INSERT INTO `xg_action_log` (`user_id`,`action_ip`,`model`,`create_time`,`remark`) VALUES ('1','0','Site','1520930360','admin在2018-03-13 16:39更新了基本设置。') [ RunTime:0.0020s ]
INFO: [ view_parse ] --START--
INFO: [ template_filter ] --START--
INFO: Run Behavior\ContentReplaceBehavior [ RunTime:0.000000s ]
INFO: [ template_filter ] --END-- [ RunTime:0.000000s ]
INFO: Run Behavior\ParseTemplateBehavior [ RunTime:0.007000s ]
INFO: [ view_parse ] --END-- [ RunTime:0.007000s ]
INFO: [ view_filter ] --START--
INFO: Run Behavior\WriteHtmlCacheBehavior [ RunTime:0.000000s ]
INFO: [ view_filter ] --END-- [ RunTime:0.000000s ]
INFO: [ app_end ] --START--
INFO: Run Behavior\ShowPageTraceBehavior [ RunTime:0.000000s ]
INFO: [ app_end ] --END-- [ RunTime:0.001000s ]

[ 2018-03-13T16:39:24+08:00 ] ::1 /thinkphpH/admin.php/Site/index.html
INFO: [ app_init ] --START--
INFO: Run Behavior\BuildLiteBehavior [ RunTime:0.000000s ]
INFO: [ app_init ] --END-- [ RunTime:0.000000s ]
INFO: [ app_begin ] --START--
INFO: Run Behavior\ReadHtmlCacheBehavior [ RunTime:0.001000s ]
INFO: [ app_begin ] --END-- [ RunTime:0.001000s ]
SQL: SHOW COLUMNS FROM `xg_site` [ RunTime:0.0090s ]
SQL: SELECT * FROM `xg_site` WHERE `siteid` = 1 LIMIT 1   [ RunTime:0.0000s ]
SQL: SHOW COLUMNS FROM `xg_auth` [ RunTime:0.0080s ]
SQL: SELECT * FROM `xg_auth` WHERE `id` = 1 LIMIT 1   [ RunTime:0.0000s ]
SQL: SELECT * FROM `xg_site` WHERE `siteid` = 1 LIMIT 1   [ RunTime:0.0010s ]
INFO: [ view_parse ] --START--
INFO: [ template_filter ] --START--
INFO: Run Behavior\ContentReplaceBehavior [ RunTime:0.001000s ]
INFO: [ template_filter ] --END-- [ RunTime:0.001000s ]
NOTIC: [8] Use of undefined constant site_logo - assumed 'site_logo' D:\phpStudy\WWW\thinkphpH\Application\Runtime\Cache\Admin\857b1a6610f546bd792cb0f882368043.php 第 63 行.
NOTIC: [8] Undefined variable: detail D:\phpStudy\WWW\thinkphpH\Application\Runtime\Cache\Admin\857b1a6610f546bd792cb0f882368043.php 第 94 行.
NOTIC: [8] Undefined variable: detail D:\phpStudy\WWW\thinkphpH\Application\Runtime\Cache\Admin\857b1a6610f546bd792cb0f882368043.php 第 102 行.
INFO: Run Behavior\ParseTemplateBehavior [ RunTime:0.014000s ]
INFO: [ view_parse ] --END-- [ RunTime:0.014000s ]
INFO: [ view_filter ] --START--
INFO: Run Behavior\WriteHtmlCacheBehavior [ RunTime:0.001000s ]
INFO: [ view_filter ] --END-- [ RunTime:0.001000s ]
INFO: [ app_end ] --START--
INFO: Run Behavior\ShowPageTraceBehavior [ RunTime:0.004000s ]
INFO: [ app_end ] --END-- [ RunTime:0.004000s ]

[ 2018-03-13T16:39:27+08:00 ] ::1 /thinkphpH/admin.php/Index/index.html
INFO: [ app_init ] --START--
INFO: Run Behavior\BuildLiteBehavior [ RunTime:0.000000s ]
INFO: [ app_init ] --END-- [ RunTime:0.001000s ]
INFO: [ app_begin ] --START--
INFO: Run Behavior\ReadHtmlCacheBehavior [ RunTime:0.000000s ]
INFO: [ app_begin ] --END-- [ RunTime:0.000000s ]
SQL: SHOW COLUMNS FROM `xg_site` [ RunTime:0.0120s ]
SQL: SELECT * FROM `xg_site` WHERE `siteid` = 1 LIMIT 1   [ RunTime:0.0010s ]
SQL: SHOW COLUMNS FROM `xg_auth` [ RunTime:0.0120s ]
SQL: SELECT * FROM `xg_auth` WHERE `id` = 1 LIMIT 1   [ RunTime:0.0010s ]
INFO: [ view_parse ] --START--
INFO: [ template_filter ] --START--
INFO: Run Behavior\ContentReplaceBehavior [ RunTime:0.000000s ]
INFO: [ template_filter ] --END-- [ RunTime:0.000000s ]
INFO: Run Behavior\ParseTemplateBehavior [ RunTime:0.027000s ]
INFO: [ view_parse ] --END-- [ RunTime:0.027000s ]
INFO: [ view_filter ] --START--
INFO: Run Behavior\WriteHtmlCacheBehavior [ RunTime:0.001000s ]
INFO: [ view_filter ] --END-- [ RunTime:0.001000s ]
INFO: [ app_end ] --START--
INFO: Run Behavior\ShowPageTraceBehavior [ RunTime:0.001000s ]
INFO: [ app_end ] --END-- [ RunTime:0.001000s ]

[ 2018-03-13T16:39:28+08:00 ] ::1 /thinkphpH/admin.php/index/summarize.html
INFO: [ app_init ] --START--
INFO: Run Behavior\BuildLiteBehavior [ RunTime:0.000000s ]
INFO: [ app_init ] --END-- [ RunTime:0.001000s ]
INFO: [ app_begin ] --START--
INFO: Run Behavior\ReadHtmlCacheBehavior [ RunTime:0.001000s ]
INFO: [ app_begin ] --END-- [ RunTime:0.001000s ]
SQL: SHOW COLUMNS FROM `xg_site` [ RunTime:0.0100s ]
SQL: SELECT * FROM `xg_site` WHERE `siteid` = 1 LIMIT 1   [ RunTime:0.0010s ]
SQL: SHOW COLUMNS FROM `xg_auth` [ RunTime:0.0070s ]
SQL: SELECT * FROM `xg_auth` WHERE `id` = 1 LIMIT 1   [ RunTime:0.0010s ]
SQL: select version() as ver [ RunTime:0.0000s ]
INFO: [ view_parse ] --START--
INFO: [ template_filter ] --START--
INFO: Run Behavior\ContentReplaceBehavior [ RunTime:0.000000s ]
INFO: [ template_filter ] --END-- [ RunTime:0.001000s ]
NOTIC: [8] Undefined variable: sel D:\phpStudy\WWW\thinkphpH\Application\Runtime\Cache\Admin\a91718f612b01347f17fdaf34b340690.php 第 16 行.
NOTIC: [8] Undefined variable: sel D:\phpStudy\WWW\thinkphpH\Application\Runtime\Cache\Admin\a91718f612b01347f17fdaf34b340690.php 第 16 行.
NOTIC: [8] Undefined variable: sel D:\phpStudy\WWW\thinkphpH\Application\Runtime\Cache\Admin\a91718f612b01347f17fdaf34b340690.php 第 16 行.
NOTIC: [8] Undefined variable: sel D:\phpStudy\WWW\thinkphpH\Application\Runtime\Cache\Admin\a91718f612b01347f17fdaf34b340690.php 第 21 行.
NOTIC: [8] Undefined variable: sel D:\phpStudy\WWW\thinkphpH\Application\Runtime\Cache\Admin\a91718f612b01347f17fdaf34b340690.php 第 21 行.
NOTIC: [8] Undefined variable: sel D:\phpStudy\WWW\thinkphpH\Application\Runtime\Cache\Admin\a91718f612b01347f17fdaf34b340690.php 第 21 行.
NOTIC: [8] Undefined variable: sel D:\phpStudy\WWW\thinkphpH\Application\Runtime\Cache\Admin\a91718f612b01347f17fdaf34b340690.php 第 24 行.
INFO: Run Behavior\ParseTemplateBehavior [ RunTime:0.008000s ]
INFO: [ view_parse ] --END-- [ RunTime:0.008000s ]
INFO: [ view_filter ] --START--
INFO: Run Behavior\WriteHtmlCacheBehavior [ RunTime:0.000000s ]
INFO: [ view_filter ] --END-- [ RunTime:0.000000s ]
INFO: [ app_end ] --START--
INFO: Run Behavior\ShowPageTraceBehavior [ RunTime:0.000000s ]
INFO: [ app_end ] --END-- [ RunTime:0.001000s ]

[ 2018-03-13T16:39:29+08:00 ] ::1 /thinkphpH/admin.php/Index/skin-config.html
INFO: [ app_init ] --START--
INFO: Run Behavior\BuildLiteBehavior [ RunTime:0.000000s ]
INFO: [ app_init ] --END-- [ RunTime:0.000000s ]
INFO: [ app_begin ] --START--
INFO: Run Behavior\ReadHtmlCacheBehavior [ RunTime:0.001000s ]
INFO: [ app_begin ] --END-- [ RunTime:0.001000s ]
SQL: SHOW COLUMNS FROM `xg_site` [ RunTime:0.0090s ]
SQL: SELECT * FROM `xg_site` WHERE `siteid` = 1 LIMIT 1   [ RunTime:0.0000s ]
SQL: SHOW COLUMNS FROM `xg_auth` [ RunTime:0.0100s ]
SQL: SELECT * FROM `xg_auth` WHERE `id` = 1 LIMIT 1   [ RunTime:0.0000s ]
ERR: 非法操作:skin-config

[ 2018-03-13T16:40:12+08:00 ] ::1 /thinkphpH/admin.php/Index/index.html
INFO: [ app_init ] --START--
INFO: Run Behavior\BuildLiteBehavior [ RunTime:0.000000s ]
INFO: [ app_init ] --END-- [ RunTime:0.000000s ]
INFO: [ app_begin ] --START--
INFO: Run Behavior\ReadHtmlCacheBehavior [ RunTime:0.000000s ]
INFO: [ app_begin ] --END-- [ RunTime:0.001000s ]
SQL: SHOW COLUMNS FROM `xg_site` [ RunTime:0.0090s ]
SQL: SELECT * FROM `xg_site` WHERE `siteid` = 1 LIMIT 1   [ RunTime:0.0010s ]
SQL: SHOW COLUMNS FROM `xg_auth` [ RunTime:0.0090s ]
SQL: SELECT * FROM `xg_auth` WHERE `id` = 1 LIMIT 1   [ RunTime:0.0010s ]
INFO: [ view_parse ] --START--
INFO: [ template_filter ] --START--
INFO: Run Behavior\ContentReplaceBehavior [ RunTime:0.000000s ]
INFO: [ template_filter ] --END-- [ RunTime:0.001000s ]
INFO: Run Behavior\ParseTemplateBehavior [ RunTime:0.024000s ]
INFO: [ view_parse ] --END-- [ RunTime:0.024000s ]
INFO: [ view_filter ] --START--
INFO: Run Behavior\WriteHtmlCacheBehavior [ RunTime:0.001000s ]
INFO: [ view_filter ] --END-- [ RunTime:0.001000s ]
INFO: [ app_end ] --START--
INFO: Run Behavior\ShowPageTraceBehavior [ RunTime:0.001000s ]
INFO: [ app_end ] --END-- [ RunTime:0.001000s ]

[ 2018-03-13T16:40:13+08:00 ] ::1 /thinkphpH/admin.php/index/summarize.html
INFO: [ app_init ] --START--
INFO: Run Behavior\BuildLiteBehavior [ RunTime:0.000000s ]
INFO: [ app_init ] --END-- [ RunTime:0.000000s ]
INFO: [ app_begin ] --START--
INFO: Run Behavior\ReadHtmlCacheBehavior [ RunTime:0.001000s ]
INFO: [ app_begin ] --END-- [ RunTime:0.001000s ]
SQL: SHOW COLUMNS FROM `xg_site` [ RunTime:0.0150s ]
SQL: SELECT * FROM `xg_site` WHERE `siteid` = 1 LIMIT 1   [ RunTime:0.0020s ]
SQL: SHOW COLUMNS FROM `xg_auth` [ RunTime:0.0110s ]
SQL: SELECT * FROM `xg_auth` WHERE `id` = 1 LIMIT 1   [ RunTime:0.0010s ]
SQL: select version() as ver [ RunTime:0.0000s ]
INFO: [ view_parse ] --START--
INFO: [ template_filter ] --START--
INFO: Run Behavior\ContentReplaceBehavior [ RunTime:0.001000s ]
INFO: [ template_filter ] --END-- [ RunTime:0.001000s ]
NOTIC: [8] Undefined variable: sel D:\phpStudy\WWW\thinkphpH\Application\Runtime\Cache\Admin\a91718f612b01347f17fdaf34b340690.php 第 16 行.
NOTIC: [8] Undefined variable: sel D:\phpStudy\WWW\thinkphpH\Application\Runtime\Cache\Admin\a91718f612b01347f17fdaf34b340690.php 第 16 行.
NOTIC: [8] Undefined variable: sel D:\phpStudy\WWW\thinkphpH\Application\Runtime\Cache\Admin\a91718f612b01347f17fdaf34b340690.php 第 16 行.
NOTIC: [8] Undefined variable: sel D:\phpStudy\WWW\thinkphpH\Application\Runtime\Cache\Admin\a91718f612b01347f17fdaf34b340690.php 第 21 行.
NOTIC: [8] Undefined variable: sel D:\phpStudy\WWW\thinkphpH\Application\Runtime\Cache\Admin\a91718f612b01347f17fdaf34b340690.php 第 21 行.
NOTIC: [8] Undefined variable: sel D:\phpStudy\WWW\thinkphpH\Application\Runtime\Cache\Admin\a91718f612b01347f17fdaf34b340690.php 第 21 行.
NOTIC: [8] Undefined variable: sel D:\phpStudy\WWW\thinkphpH\Application\Runtime\Cache\Admin\a91718f612b01347f17fdaf34b340690.php 第 24 行.
INFO: Run Behavior\ParseTemplateBehavior [ RunTime:0.010000s ]
INFO: [ view_parse ] --END-- [ RunTime:0.011000s ]
INFO: [ view_filter ] --START--
INFO: Run Behavior\WriteHtmlCacheBehavior [ RunTime:0.002000s ]
INFO: [ view_filter ] --END-- [ RunTime:0.002000s ]
INFO: [ app_end ] --START--
INFO: Run Behavior\ShowPageTraceBehavior [ RunTime:0.001000s ]
INFO: [ app_end ] --END-- [ RunTime:0.001000s ]

[ 2018-03-13T16:40:14+08:00 ] ::1 /thinkphpH/admin.php/Index/skin-config.html
INFO: [ app_init ] --START--
INFO: Run Behavior\BuildLiteBehavior [ RunTime:0.000000s ]
INFO: [ app_init ] --END-- [ RunTime:0.001000s ]
INFO: [ app_begin ] --START--
INFO: Run Behavior\ReadHtmlCacheBehavior [ RunTime:0.001000s ]
INFO: [ app_begin ] --END-- [ RunTime:0.001000s ]
SQL: SHOW COLUMNS FROM `xg_site` [ RunTime:0.0090s ]
SQL: SELECT * FROM `xg_site` WHERE `siteid` = 1 LIMIT 1   [ RunTime:0.0010s ]
SQL: SHOW COLUMNS FROM `xg_auth` [ RunTime:0.0170s ]
SQL: SELECT * FROM `xg_auth` WHERE `id` = 1 LIMIT 1   [ RunTime:0.0020s ]
ERR: 非法操作:skin-config

[ 2018-03-13T16:40:20+08:00 ] ::1 /thinkphpH/admin.php/Category/index.html
INFO: [ app_init ] --START--
INFO: Run Behavior\BuildLiteBehavior [ RunTime:0.000000s ]
INFO: [ app_init ] --END-- [ RunTime:0.001000s ]
INFO: [ app_begin ] --START--
INFO: Run Behavior\ReadHtmlCacheBehavior [ RunTime:0.001000s ]
INFO: [ app_begin ] --END-- [ RunTime:0.001000s ]
SQL: SHOW COLUMNS FROM `xg_site` [ RunTime:0.0150s ]
SQL: SELECT * FROM `xg_site` WHERE `siteid` = 1 LIMIT 1   [ RunTime:0.0010s ]
SQL: SHOW COLUMNS FROM `xg_auth` [ RunTime:0.0090s ]
SQL: SELECT * FROM `xg_auth` WHERE `id` = 1 LIMIT 1   [ RunTime:0.0010s ]
SQL: SHOW COLUMNS FROM `xg_category` [ RunTime:0.0080s ]
SQL: SELECT * FROM `xg_category` ORDER BY sort desc  [ RunTime:0.0010s ]
INFO: [ view_parse ] --START--
INFO: [ template_filter ] --START--
INFO: Run Behavior\ContentReplaceBehavior [ RunTime:0.000000s ]
INFO: [ template_filter ] --END-- [ RunTime:0.000000s ]
NOTIC: [8] Undefined variable: sel D:\phpStudy\WWW\thinkphpH\Application\Runtime\Cache\Admin\9bfef0f9f473c596f668b6c9a32bfd5c.php 第 16 行.
NOTIC: [8] Undefined variable: sel D:\phpStudy\WWW\thinkphpH\Application\Runtime\Cache\Admin\9bfef0f9f473c596f668b6c9a32bfd5c.php 第 16 行.
NOTIC: [8] Undefined variable: sel D:\phpStudy\WWW\thinkphpH\Application\Runtime\Cache\Admin\9bfef0f9f473c596f668b6c9a32bfd5c.php 第 16 行.
NOTIC: [8] Undefined variable: sel D:\phpStudy\WWW\thinkphpH\Application\Runtime\Cache\Admin\9bfef0f9f473c596f668b6c9a32bfd5c.php 第 21 行.
NOTIC: [8] Undefined variable: sel D:\phpStudy\WWW\thinkphpH\Application\Runtime\Cache\Admin\9bfef0f9f473c596f668b6c9a32bfd5c.php 第 21 行.
NOTIC: [8] Undefined variable: sel D:\phpStudy\WWW\thinkphpH\Application\Runtime\Cache\Admin\9bfef0f9f473c596f668b6c9a32bfd5c.php 第 21 行.
NOTIC: [8] Undefined variable: sel D:\phpStudy\WWW\thinkphpH\Application\Runtime\Cache\Admin\9bfef0f9f473c596f668b6c9a32bfd5c.php 第 24 行.
INFO: Run Behavior\ParseTemplateBehavior [ RunTime:0.012000s ]
INFO: [ view_parse ] --END-- [ RunTime:0.012000s ]
INFO: [ view_filter ] --START--
INFO: Run Behavior\WriteHtmlCacheBehavior [ RunTime:0.001000s ]
INFO: [ view_filter ] --END-- [ RunTime:0.001000s ]
INFO: [ app_end ] --START--
INFO: Run Behavior\ShowPageTraceBehavior [ RunTime:0.001000s ]
INFO: [ app_end ] --END-- [ RunTime:0.001000s ]

[ 2018-03-13T16:40:35+08:00 ] ::1 /thinkphpH/admin.php/User/index.html
INFO: [ app_init ] --START--
INFO: Run Behavior\BuildLiteBehavior [ RunTime:0.000000s ]
INFO: [ app_init ] --END-- [ RunTime:0.001000s ]
INFO: [ app_begin ] --START--
INFO: Run Behavior\ReadHtmlCacheBehavior [ RunTime:0.001000s ]
INFO: [ app_begin ] --END-- [ RunTime:0.001000s ]
SQL: SHOW COLUMNS FROM `xg_site` [ RunTime:0.0120s ]
SQL: SELECT * FROM `xg_site` WHERE `siteid` = 1 LIMIT 1   [ RunTime:0.0000s ]
SQL: SHOW COLUMNS FROM `xg_auth` [ RunTime:0.0080s ]
SQL: SELECT * FROM `xg_auth` WHERE `id` = 1 LIMIT 1   [ RunTime:0.0000s ]
SQL: SHOW COLUMNS FROM `xg_user` [ RunTime:0.0080s ]
NOTIC: [8] Undefined variable: map D:\phpStudy\WWW\thinkphpH\Application\Admin\Controller\UserController.class.php 第 15 行.
SQL: SELECT COUNT(*) AS tp_count FROM `xg_user` LIMIT 1   [ RunTime:0.0000s ]
NOTIC: [8] Undefined variable: map D:\phpStudy\WWW\thinkphpH\Application\Admin\Controller\UserController.class.php 第 17 行.
SQL: SELECT * FROM `xg_user` ORDER BY userid desc LIMIT 0,10   [ RunTime:0.0000s ]
INFO: [ view_parse ] --START--
INFO: [ template_filter ] --START--
INFO: Run Behavior\ContentReplaceBehavior [ RunTime:0.000000s ]
INFO: [ template_filter ] --END-- [ RunTime:0.000000s ]
NOTIC: [8] Undefined variable: sel D:\phpStudy\WWW\thinkphpH\Application\Runtime\Cache\Admin\65e605872ed5d34210f5b33beb13f5a3.php 第 16 行.
NOTIC: [8] Undefined variable: sel D:\phpStudy\WWW\thinkphpH\Application\Runtime\Cache\Admin\65e605872ed5d34210f5b33beb13f5a3.php 第 16 行.
NOTIC: [8] Undefined variable: sel D:\phpStudy\WWW\thinkphpH\Application\Runtime\Cache\Admin\65e605872ed5d34210f5b33beb13f5a3.php 第 16 行.
NOTIC: [8] Undefined variable: sel D:\phpStudy\WWW\thinkphpH\Application\Runtime\Cache\Admin\65e605872ed5d34210f5b33beb13f5a3.php 第 21 行.
NOTIC: [8] Undefined variable: sel D:\phpStudy\WWW\thinkphpH\Application\Runtime\Cache\Admin\65e605872ed5d34210f5b33beb13f5a3.php 第 21 行.
NOTIC: [8] Undefined variable: sel D:\phpStudy\WWW\thinkphpH\Application\Runtime\Cache\Admin\65e605872ed5d34210f5b33beb13f5a3.php 第 21 行.
NOTIC: [8] Undefined variable: sel D:\phpStudy\WWW\thinkphpH\Application\Runtime\Cache\Admin\65e605872ed5d34210f5b33beb13f5a3.php 第 24 行.
NOTIC: [8] Use of undefined constant islock - assumed 'islock' D:\phpStudy\WWW\thinkphpH\Application\Runtime\Cache\Admin\65e605872ed5d34210f5b33beb13f5a3.php 第 70 行.
INFO: Run Behavior\ParseTemplateBehavior [ RunTime:0.013000s ]
INFO: [ view_parse ] --END-- [ RunTime:0.013000s ]
INFO: [ view_filter ] --START--
INFO: Run Behavior\WriteHtmlCacheBehavior [ RunTime:0.001000s ]
INFO: [ view_filter ] --END-- [ RunTime:0.001000s ]
INFO: [ app_end ] --START--
INFO: Run Behavior\ShowPageTraceBehavior [ RunTime:0.001000s ]
INFO: [ app_end ] --END-- [ RunTime:0.001000s ]

[ 2018-03-13T16:41:09+08:00 ] ::1 /thinkphpH/admin.php/User/group_list.html
INFO: [ app_init ] --START--
INFO: Run Behavior\BuildLiteBehavior [ RunTime:0.000000s ]
INFO: [ app_init ] --END-- [ RunTime:0.001000s ]
INFO: [ app_begin ] --START--
INFO: Run Behavior\ReadHtmlCacheBehavior [ RunTime:0.002000s ]
INFO: [ app_begin ] --END-- [ RunTime:0.002000s ]
SQL: SHOW COLUMNS FROM `xg_site` [ RunTime:0.0150s ]
SQL: SELECT * FROM `xg_site` WHERE `siteid` = 1 LIMIT 1   [ RunTime:0.0000s ]
SQL: SHOW COLUMNS FROM `xg_auth` [ RunTime:0.0140s ]
SQL: SELECT * FROM `xg_auth` WHERE `id` = 1 LIMIT 1   [ RunTime:0.0000s ]
SQL: SHOW COLUMNS FROM `xg_user_group` [ RunTime:0.0080s ]
NOTIC: [8] Undefined variable: map D:\phpStudy\WWW\thinkphpH\Application\Admin\Controller\UserController.class.php 第 88 行.
SQL: SELECT COUNT(*) AS tp_count FROM `xg_user_group` LIMIT 1   [ RunTime:0.0000s ]
NOTIC: [8] Undefined variable: map D:\phpStudy\WWW\thinkphpH\Application\Admin\Controller\UserController.class.php 第 90 行.
SQL: SELECT * FROM `xg_user_group` ORDER BY sort desc,groupid desc LIMIT 0,10   [ RunTime:0.0010s ]
INFO: [ view_parse ] --START--
INFO: [ template_filter ] --START--
INFO: Run Behavior\ContentReplaceBehavior [ RunTime:0.000000s ]
INFO: [ template_filter ] --END-- [ RunTime:0.000000s ]
NOTIC: [8] Undefined variable: sel D:\phpStudy\WWW\thinkphpH\Application\Runtime\Cache\Admin\9ad1af745e731c572945eadbe63a2c10.php 第 16 行.
NOTIC: [8] Undefined variable: sel D:\phpStudy\WWW\thinkphpH\Application\Runtime\Cache\Admin\9ad1af745e731c572945eadbe63a2c10.php 第 16 行.
NOTIC: [8] Undefined variable: sel D:\phpStudy\WWW\thinkphpH\Application\Runtime\Cache\Admin\9ad1af745e731c572945eadbe63a2c10.php 第 16 行.
NOTIC: [8] Undefined variable: sel D:\phpStudy\WWW\thinkphpH\Application\Runtime\Cache\Admin\9ad1af745e731c572945eadbe63a2c10.php 第 21 行.
NOTIC: [8] Undefined variable: sel D:\phpStudy\WWW\thinkphpH\Application\Runtime\Cache\Admin\9ad1af745e731c572945eadbe63a2c10.php 第 21 行.
NOTIC: [8] Undefined variable: sel D:\phpStudy\WWW\thinkphpH\Application\Runtime\Cache\Admin\9ad1af745e731c572945eadbe63a2c10.php 第 21 行.
NOTIC: [8] Undefined variable: sel D:\phpStudy\WWW\thinkphpH\Application\Runtime\Cache\Admin\9ad1af745e731c572945eadbe63a2c10.php 第 24 行.
NOTIC: [8] Use of undefined constant status - assumed 'status' D:\phpStudy\WWW\thinkphpH\Application\Runtime\Cache\Admin\9ad1af745e731c572945eadbe63a2c10.php 第 65 行.
NOTIC: [8] Use of undefined constant status - assumed 'status' D:\phpStudy\WWW\thinkphpH\Application\Runtime\Cache\Admin\9ad1af745e731c572945eadbe63a2c10.php 第 65 行.
NOTIC: [8] Use of undefined constant status - assumed 'status' D:\phpStudy\WWW\thinkphpH\Application\Runtime\Cache\Admin\9ad1af745e731c572945eadbe63a2c10.php 第 65 行.
INFO: Run Behavior\ParseTemplateBehavior [ RunTime:0.012000s ]
INFO: [ view_parse ] --END-- [ RunTime:0.012000s ]
INFO: [ view_filter ] --START--
INFO: Run Behavior\WriteHtmlCacheBehavior [ RunTime:0.001000s ]
INFO: [ view_filter ] --END-- [ RunTime:0.001000s ]
INFO: [ app_end ] --START--
INFO: Run Behavior\ShowPageTraceBehavior [ RunTime:0.001000s ]
INFO: [ app_end ] --END-- [ RunTime:0.001000s ]

[ 2018-03-13T16:41:27+08:00 ] ::1 /thinkphpH/admin.php/User/sortBatch.html
INFO: [ app_init ] --START--
INFO: Run Behavior\BuildLiteBehavior [ RunTime:0.000000s ]
INFO: [ app_init ] --END-- [ RunTime:0.001000s ]
INFO: [ app_begin ] --START--
INFO: Run Behavior\ReadHtmlCacheBehavior [ RunTime:0.001000s ]
INFO: [ app_begin ] --END-- [ RunTime:0.001000s ]
SQL: SHOW COLUMNS FROM `xg_site` [ RunTime:0.0160s ]
SQL: SELECT * FROM `xg_site` WHERE `siteid` = 1 LIMIT 1   [ RunTime:0.0010s ]
SQL: SHOW COLUMNS FROM `xg_auth` [ RunTime:0.0120s ]
SQL: SELECT * FROM `xg_auth` WHERE `id` = 1 LIMIT 1   [ RunTime:0.0010s ]
SQL: SHOW COLUMNS FROM `xg_user_group` [ RunTime:0.0060s ]
SQL: UPDATE `xg_user_group` SET `sort`='0' WHERE `groupid` = 3 [ RunTime:0.0020s ]
SQL: UPDATE `xg_user_group` SET `sort`='0' WHERE `groupid` = 2 [ RunTime:0.0030s ]
SQL: UPDATE `xg_user_group` SET `sort`='0' WHERE `groupid` = 1 [ RunTime:0.0010s ]
INFO: [ view_parse ] --START--
INFO: [ template_filter ] --START--
INFO: Run Behavior\ContentReplaceBehavior [ RunTime:0.000000s ]
INFO: [ template_filter ] --END-- [ RunTime:0.000000s ]
INFO: Run Behavior\ParseTemplateBehavior [ RunTime:0.010000s ]
INFO: [ view_parse ] --END-- [ RunTime:0.010000s ]
INFO: [ view_filter ] --START--
INFO: Run Behavior\WriteHtmlCacheBehavior [ RunTime:0.000000s ]
INFO: [ view_filter ] --END-- [ RunTime:0.000000s ]
INFO: [ app_end ] --START--
INFO: Run Behavior\ShowPageTraceBehavior [ RunTime:0.000000s ]
INFO: [ app_end ] --END-- [ RunTime:0.000000s ]

[ 2018-03-13T16:41:29+08:00 ] ::1 /thinkphpH/admin.php/User/group_list.html
INFO: [ app_init ] --START--
INFO: Run Behavior\BuildLiteBehavior [ RunTime:0.000000s ]
INFO: [ app_init ] --END-- [ RunTime:0.001000s ]
INFO: [ app_begin ] --START--
INFO: Run Behavior\ReadHtmlCacheBehavior [ RunTime:0.001000s ]
INFO: [ app_begin ] --END-- [ RunTime:0.001000s ]
SQL: SHOW COLUMNS FROM `xg_site` [ RunTime:0.0150s ]
SQL: SELECT * FROM `xg_site` WHERE `siteid` = 1 LIMIT 1   [ RunTime:0.0010s ]
SQL: SHOW COLUMNS FROM `xg_auth` [ RunTime:0.0150s ]
SQL: SELECT * FROM `xg_auth` WHERE `id` = 1 LIMIT 1   [ RunTime:0.0010s ]
SQL: SHOW COLUMNS FROM `xg_user_group` [ RunTime:0.0060s ]
NOTIC: [8] Undefined variable: map D:\phpStudy\WWW\thinkphpH\Application\Admin\Controller\UserController.class.php 第 88 行.
SQL: SELECT COUNT(*) AS tp_count FROM `xg_user_group` LIMIT 1   [ RunTime:0.0000s ]
NOTIC: [8] Undefined variable: map D:\phpStudy\WWW\thinkphpH\Application\Admin\Controller\UserController.class.php 第 90 行.
SQL: SELECT * FROM `xg_user_group` ORDER BY sort desc,groupid desc LIMIT 0,10   [ RunTime:0.0010s ]
INFO: [ view_parse ] --START--
INFO: [ template_filter ] --START--
INFO: Run Behavior\ContentReplaceBehavior [ RunTime:0.000000s ]
INFO: [ template_filter ] --END-- [ RunTime:0.000000s ]
NOTIC: [8] Undefined variable: sel D:\phpStudy\WWW\thinkphpH\Application\Runtime\Cache\Admin\9ad1af745e731c572945eadbe63a2c10.php 第 16 行.
NOTIC: [8] Undefined variable: sel D:\phpStudy\WWW\thinkphpH\Application\Runtime\Cache\Admin\9ad1af745e731c572945eadbe63a2c10.php 第 16 行.
NOTIC: [8] Undefined variable: sel D:\phpStudy\WWW\thinkphpH\Application\Runtime\Cache\Admin\9ad1af745e731c572945eadbe63a2c10.php 第 16 行.
NOTIC: [8] Undefined variable: sel D:\phpStudy\WWW\thinkphpH\Application\Runtime\Cache\Admin\9ad1af745e731c572945eadbe63a2c10.php 第 21 行.
NOTIC: [8] Undefined variable: sel D:\phpStudy\WWW\thinkphpH\Application\Runtime\Cache\Admin\9ad1af745e731c572945eadbe63a2c10.php 第 21 行.
NOTIC: [8] Undefined variable: sel D:\phpStudy\WWW\thinkphpH\Application\Runtime\Cache\Admin\9ad1af745e731c572945eadbe63a2c10.php 第 21 行.
NOTIC: [8] Undefined variable: sel D:\phpStudy\WWW\thinkphpH\Application\Runtime\Cache\Admin\9ad1af745e731c572945eadbe63a2c10.php 第 24 行.
NOTIC: [8] Use of undefined constant status - assumed 'status' D:\phpStudy\WWW\thinkphpH\Application\Runtime\Cache\Admin\9ad1af745e731c572945eadbe63a2c10.php 第 65 行.
NOTIC: [8] Use of undefined constant status - assumed 'status' D:\phpStudy\WWW\thinkphpH\Application\Runtime\Cache\Admin\9ad1af745e731c572945eadbe63a2c10.php 第 65 行.
NOTIC: [8] Use of undefined constant status - assumed 'status' D:\phpStudy\WWW\thinkphpH\Application\Runtime\Cache\Admin\9ad1af745e731c572945eadbe63a2c10.php 第 65 行.
INFO: Run Behavior\ParseTemplateBehavior [ RunTime:0.011000s ]
INFO: [ view_parse ] --END-- [ RunTime:0.011000s ]
INFO: [ view_filter ] --START--
INFO: Run Behavior\WriteHtmlCacheBehavior [ RunTime:0.000000s ]
INFO: [ view_filter ] --END-- [ RunTime:0.000000s ]
INFO: [ app_end ] --START--
INFO: Run Behavior\ShowPageTraceBehavior [ RunTime:0.001000s ]
INFO: [ app_end ] --END-- [ RunTime:0.001000s ]

[ 2018-03-13T16:41:32+08:00 ] ::1 /thinkphpH/admin.php/User/index.html
INFO: [ app_init ] --START--
INFO: Run Behavior\BuildLiteBehavior [ RunTime:0.000000s ]
INFO: [ app_init ] --END-- [ RunTime:0.000000s ]
INFO: [ app_begin ] --START--
INFO: Run Behavior\ReadHtmlCacheBehavior [ RunTime:0.001000s ]
INFO: [ app_begin ] --END-- [ RunTime:0.001000s ]
SQL: SHOW COLUMNS FROM `xg_site` [ RunTime:0.0170s ]
SQL: SELECT * FROM `xg_site` WHERE `siteid` = 1 LIMIT 1   [ RunTime:0.0000s ]
SQL: SHOW COLUMNS FROM `xg_auth` [ RunTime:0.0110s ]
SQL: SELECT * FROM `xg_auth` WHERE `id` = 1 LIMIT 1   [ RunTime:0.0000s ]
SQL: SHOW COLUMNS FROM `xg_user` [ RunTime:0.0080s ]
NOTIC: [8] Undefined variable: map D:\phpStudy\WWW\thinkphpH\Application\Admin\Controller\UserController.class.php 第 15 行.
SQL: SELECT COUNT(*) AS tp_count FROM `xg_user` LIMIT 1   [ RunTime:0.0010s ]
NOTIC: [8] Undefined variable: map D:\phpStudy\WWW\thinkphpH\Application\Admin\Controller\UserController.class.php 第 17 行.
SQL: SELECT * FROM `xg_user` ORDER BY userid desc LIMIT 0,10   [ RunTime:0.0010s ]
INFO: [ view_parse ] --START--
INFO: [ template_filter ] --START--
INFO: Run Behavior\ContentReplaceBehavior [ RunTime:0.000000s ]
INFO: [ template_filter ] --END-- [ RunTime:0.000000s ]
NOTIC: [8] Undefined variable: sel D:\phpStudy\WWW\thinkphpH\Application\Runtime\Cache\Admin\65e605872ed5d34210f5b33beb13f5a3.php 第 16 行.
NOTIC: [8] Undefined variable: sel D:\phpStudy\WWW\thinkphpH\Application\Runtime\Cache\Admin\65e605872ed5d34210f5b33beb13f5a3.php 第 16 行.
NOTIC: [8] Undefined variable: sel D:\phpStudy\WWW\thinkphpH\Application\Runtime\Cache\Admin\65e605872ed5d34210f5b33beb13f5a3.php 第 16 行.
NOTIC: [8] Undefined variable: sel D:\phpStudy\WWW\thinkphpH\Application\Runtime\Cache\Admin\65e605872ed5d34210f5b33beb13f5a3.php 第 21 行.
NOTIC: [8] Undefined variable: sel D:\phpStudy\WWW\thinkphpH\Application\Runtime\Cache\Admin\65e605872ed5d34210f5b33beb13f5a3.php 第 21 行.
NOTIC: [8] Undefined variable: sel D:\phpStudy\WWW\thinkphpH\Application\Runtime\Cache\Admin\65e605872ed5d34210f5b33beb13f5a3.php 第 21 行.
NOTIC: [8] Undefined variable: sel D:\phpStudy\WWW\thinkphpH\Application\Runtime\Cache\Admin\65e605872ed5d34210f5b33beb13f5a3.php 第 24 行.
NOTIC: [8] Use of undefined constant islock - assumed 'islock' D:\phpStudy\WWW\thinkphpH\Application\Runtime\Cache\Admin\65e605872ed5d34210f5b33beb13f5a3.php 第 70 行.
INFO: Run Behavior\ParseTemplateBehavior [ RunTime:0.013000s ]
INFO: [ view_parse ] --END-- [ RunTime:0.013000s ]
INFO: [ view_filter ] --START--
INFO: Run Behavior\WriteHtmlCacheBehavior [ RunTime:0.001000s ]
INFO: [ view_filter ] --END-- [ RunTime:0.001000s ]
INFO: [ app_end ] --START--
INFO: Run Behavior\ShowPageTraceBehavior [ RunTime:0.001000s ]
INFO: [ app_end ] --END-- [ RunTime:0.001000s ]

[ 2018-03-13T16:41:40+08:00 ] ::1 /thinkphpH/admin.php/User/index.html?q=dem
INFO: [ app_init ] --START--
INFO: Run Behavior\BuildLiteBehavior [ RunTime:0.000000s ]
INFO: [ app_init ] --END-- [ RunTime:0.001000s ]
INFO: [ app_begin ] --START--
INFO: Run Behavior\ReadHtmlCacheBehavior [ RunTime:0.001000s ]
INFO: [ app_begin ] --END-- [ RunTime:0.001000s ]
SQL: SHOW COLUMNS FROM `xg_site` [ RunTime:0.0200s ]
SQL: SELECT * FROM `xg_site` WHERE `siteid` = 1 LIMIT 1   [ RunTime:0.0000s ]
SQL: SHOW COLUMNS FROM `xg_auth` [ RunTime:0.0110s ]
SQL: SELECT * FROM `xg_auth` WHERE `id` = 1 LIMIT 1   [ RunTime:0.0000s ]
SQL: SHOW COLUMNS FROM `xg_user` [ RunTime:0.0110s ]
SQL: SELECT COUNT(*) AS tp_count FROM `xg_user` WHERE (  `username` LIKE '%dem%' ) LIMIT 1   [ RunTime:0.0010s ]
SQL: SELECT * FROM `xg_user` WHERE (  `username` LIKE '%dem%' ) ORDER BY userid desc LIMIT 0,10   [ RunTime:0.0000s ]
INFO: [ view_parse ] --START--
INFO: [ template_filter ] --START--
INFO: Run Behavior\ContentReplaceBehavior [ RunTime:0.000000s ]
INFO: [ template_filter ] --END-- [ RunTime:0.000000s ]
NOTIC: [8] Undefined variable: sel D:\phpStudy\WWW\thinkphpH\Application\Runtime\Cache\Admin\65e605872ed5d34210f5b33beb13f5a3.php 第 16 行.
NOTIC: [8] Undefined variable: sel D:\phpStudy\WWW\thinkphpH\Application\Runtime\Cache\Admin\65e605872ed5d34210f5b33beb13f5a3.php 第 16 行.
NOTIC: [8] Undefined variable: sel D:\phpStudy\WWW\thinkphpH\Application\Runtime\Cache\Admin\65e605872ed5d34210f5b33beb13f5a3.php 第 16 行.
NOTIC: [8] Undefined variable: sel D:\phpStudy\WWW\thinkphpH\Application\Runtime\Cache\Admin\65e605872ed5d34210f5b33beb13f5a3.php 第 21 行.
NOTIC: [8] Undefined variable: sel D:\phpStudy\WWW\thinkphpH\Application\Runtime\Cache\Admin\65e605872ed5d34210f5b33beb13f5a3.php 第 21 行.
NOTIC: [8] Undefined variable: sel D:\phpStudy\WWW\thinkphpH\Application\Runtime\Cache\Admin\65e605872ed5d34210f5b33beb13f5a3.php 第 21 行.
NOTIC: [8] Undefined variable: sel D:\phpStudy\WWW\thinkphpH\Application\Runtime\Cache\Admin\65e605872ed5d34210f5b33beb13f5a3.php 第 24 行.
NOTIC: [8] Use of undefined constant islock - assumed 'islock' D:\phpStudy\WWW\thinkphpH\Application\Runtime\Cache\Admin\65e605872ed5d34210f5b33beb13f5a3.php 第 70 行.
INFO: Run Behavior\ParseTemplateBehavior [ RunTime:0.010000s ]
INFO: [ view_parse ] --END-- [ RunTime:0.010000s ]
INFO: [ view_filter ] --START--
INFO: Run Behavior\WriteHtmlCacheBehavior [ RunTime:0.001000s ]
INFO: [ view_filter ] --END-- [ RunTime:0.001000s ]
INFO: [ app_end ] --START--
INFO: Run Behavior\ShowPageTraceBehavior [ RunTime:0.001000s ]
INFO: [ app_end ] --END-- [ RunTime:0.001000s ]

[ 2018-03-13T16:43:06+08:00 ] ::1 /thinkphpH/admin.php/Index/index.html
INFO: [ app_init ] --START--
INFO: Run Behavior\BuildLiteBehavior [ RunTime:0.000000s ]
INFO: [ app_init ] --END-- [ RunTime:0.001000s ]
INFO: [ app_begin ] --START--
INFO: Run Behavior\ReadHtmlCacheBehavior [ RunTime:0.001000s ]
INFO: [ app_begin ] --END-- [ RunTime:0.001000s ]
SQL: SHOW COLUMNS FROM `xg_site` [ RunTime:0.0110s ]
SQL: SELECT * FROM `xg_site` WHERE `siteid` = 1 LIMIT 1   [ RunTime:0.0000s ]
SQL: SHOW COLUMNS FROM `xg_auth` [ RunTime:0.0080s ]
SQL: SELECT * FROM `xg_auth` WHERE `id` = 1 LIMIT 1   [ RunTime:0.0010s ]
INFO: [ view_parse ] --START--
INFO: [ template_filter ] --START--
INFO: Run Behavior\ContentReplaceBehavior [ RunTime:0.000000s ]
INFO: [ template_filter ] --END-- [ RunTime:0.001000s ]
INFO: Run Behavior\ParseTemplateBehavior [ RunTime:0.029000s ]
INFO: [ view_parse ] --END-- [ RunTime:0.030000s ]
INFO: [ view_filter ] --START--
INFO: Run Behavior\WriteHtmlCacheBehavior [ RunTime:0.001000s ]
INFO: [ view_filter ] --END-- [ RunTime:0.001000s ]
INFO: [ app_end ] --START--
INFO: Run Behavior\ShowPageTraceBehavior [ RunTime:0.001000s ]
INFO: [ app_end ] --END-- [ RunTime:0.001000s ]

[ 2018-03-13T16:43:07+08:00 ] ::1 /thinkphpH/admin.php/index/summarize.html
INFO: [ app_init ] --START--
INFO: Run Behavior\BuildLiteBehavior [ RunTime:0.000000s ]
INFO: [ app_init ] --END-- [ RunTime:0.001000s ]
INFO: [ app_begin ] --START--
INFO: Run Behavior\ReadHtmlCacheBehavior [ RunTime:0.001000s ]
INFO: [ app_begin ] --END-- [ RunTime:0.001000s ]
SQL: SHOW COLUMNS FROM `xg_site` [ RunTime:0.0100s ]
SQL: SELECT * FROM `xg_site` WHERE `siteid` = 1 LIMIT 1   [ RunTime:0.0010s ]
SQL: SHOW COLUMNS FROM `xg_auth` [ RunTime:0.0120s ]
SQL: SELECT * FROM `xg_auth` WHERE `id` = 1 LIMIT 1   [ RunTime:0.0010s ]
SQL: select version() as ver [ RunTime:0.0010s ]
INFO: [ view_parse ] --START--
INFO: [ template_filter ] --START--
INFO: Run Behavior\ContentReplaceBehavior [ RunTime:0.000000s ]
INFO: [ template_filter ] --END-- [ RunTime:0.000000s ]
NOTIC: [8] Undefined variable: sel D:\phpStudy\WWW\thinkphpH\Application\Runtime\Cache\Admin\a91718f612b01347f17fdaf34b340690.php 第 16 行.
NOTIC: [8] Undefined variable: sel D:\phpStudy\WWW\thinkphpH\Application\Runtime\Cache\Admin\a91718f612b01347f17fdaf34b340690.php 第 16 行.
NOTIC: [8] Undefined variable: sel D:\phpStudy\WWW\thinkphpH\Application\Runtime\Cache\Admin\a91718f612b01347f17fdaf34b340690.php 第 16 行.
NOTIC: [8] Undefined variable: sel D:\phpStudy\WWW\thinkphpH\Application\Runtime\Cache\Admin\a91718f612b01347f17fdaf34b340690.php 第 21 行.
NOTIC: [8] Undefined variable: sel D:\phpStudy\WWW\thinkphpH\Application\Runtime\Cache\Admin\a91718f612b01347f17fdaf34b340690.php 第 21 行.
NOTIC: [8] Undefined variable: sel D:\phpStudy\WWW\thinkphpH\Application\Runtime\Cache\Admin\a91718f612b01347f17fdaf34b340690.php 第 21 行.
NOTIC: [8] Undefined variable: sel D:\phpStudy\WWW\thinkphpH\Application\Runtime\Cache\Admin\a91718f612b01347f17fdaf34b340690.php 第 24 行.
INFO: Run Behavior\ParseTemplateBehavior [ RunTime:0.011000s ]
INFO: [ view_parse ] --END-- [ RunTime:0.011000s ]
INFO: [ view_filter ] --START--
INFO: Run Behavior\WriteHtmlCacheBehavior [ RunTime:0.001000s ]
INFO: [ view_filter ] --END-- [ RunTime:0.001000s ]
INFO: [ app_end ] --START--
INFO: Run Behavior\ShowPageTraceBehavior [ RunTime:0.000000s ]
INFO: [ app_end ] --END-- [ RunTime:0.000000s ]

[ 2018-03-13T16:43:08+08:00 ] ::1 /thinkphpH/admin.php/Index/skin-config.html
INFO: [ app_init ] --START--
INFO: Run Behavior\BuildLiteBehavior [ RunTime:0.000000s ]
INFO: [ app_init ] --END-- [ RunTime:0.001000s ]
INFO: [ app_begin ] --START--
INFO: Run Behavior\ReadHtmlCacheBehavior [ RunTime:0.001000s ]
INFO: [ app_begin ] --END-- [ RunTime:0.001000s ]
SQL: SHOW COLUMNS FROM `xg_site` [ RunTime:0.0110s ]
SQL: SELECT * FROM `xg_site` WHERE `siteid` = 1 LIMIT 1   [ RunTime:0.0000s ]
SQL: SHOW COLUMNS FROM `xg_auth` [ RunTime:0.0070s ]
SQL: SELECT * FROM `xg_auth` WHERE `id` = 1 LIMIT 1   [ RunTime:0.0010s ]
ERR: 非法操作:skin-config

[ 2018-03-13T16:43:10+08:00 ] ::1 /thinkphpH/admin.php/User/index.html
INFO: [ app_init ] --START--
INFO: Run Behavior\BuildLiteBehavior [ RunTime:0.000000s ]
INFO: [ app_init ] --END-- [ RunTime:0.000000s ]
INFO: [ app_begin ] --START--
INFO: Run Behavior\ReadHtmlCacheBehavior [ RunTime:0.001000s ]
INFO: [ app_begin ] --END-- [ RunTime:0.001000s ]
SQL: SHOW COLUMNS FROM `xg_site` [ RunTime:0.0050s ]
SQL: SELECT * FROM `xg_site` WHERE `siteid` = 1 LIMIT 1   [ RunTime:0.0010s ]
SQL: SHOW COLUMNS FROM `xg_auth` [ RunTime:0.0060s ]
SQL: SELECT * FROM `xg_auth` WHERE `id` = 1 LIMIT 1   [ RunTime:0.0000s ]
SQL: SHOW COLUMNS FROM `xg_user` [ RunTime:0.0060s ]
NOTIC: [8] Undefined variable: map D:\phpStudy\WWW\thinkphpH\Application\Admin\Controller\UserController.class.php 第 15 行.
SQL: SELECT COUNT(*) AS tp_count FROM `xg_user` LIMIT 1   [ RunTime:0.0000s ]
NOTIC: [8] Undefined variable: map D:\phpStudy\WWW\thinkphpH\Application\Admin\Controller\UserController.class.php 第 17 行.
SQL: SELECT * FROM `xg_user` ORDER BY userid desc LIMIT 0,10   [ RunTime:0.0000s ]
INFO: [ view_parse ] --START--
INFO: [ template_filter ] --START--
INFO: Run Behavior\ContentReplaceBehavior [ RunTime:0.000000s ]
INFO: [ template_filter ] --END-- [ RunTime:0.000000s ]
NOTIC: [8] Undefined variable: sel D:\phpStudy\WWW\thinkphpH\Application\Runtime\Cache\Admin\65e605872ed5d34210f5b33beb13f5a3.php 第 16 行.
NOTIC: [8] Undefined variable: sel D:\phpStudy\WWW\thinkphpH\Application\Runtime\Cache\Admin\65e605872ed5d34210f5b33beb13f5a3.php 第 16 行.
NOTIC: [8] Undefined variable: sel D:\phpStudy\WWW\thinkphpH\Application\Runtime\Cache\Admin\65e605872ed5d34210f5b33beb13f5a3.php 第 16 行.
NOTIC: [8] Undefined variable: sel D:\phpStudy\WWW\thinkphpH\Application\Runtime\Cache\Admin\65e605872ed5d34210f5b33beb13f5a3.php 第 21 行.
NOTIC: [8] Undefined variable: sel D:\phpStudy\WWW\thinkphpH\Application\Runtime\Cache\Admin\65e605872ed5d34210f5b33beb13f5a3.php 第 21 行.
NOTIC: [8] Undefined variable: sel D:\phpStudy\WWW\thinkphpH\Application\Runtime\Cache\Admin\65e605872ed5d34210f5b33beb13f5a3.php 第 21 行.
NOTIC: [8] Undefined variable: sel D:\phpStudy\WWW\thinkphpH\Application\Runtime\Cache\Admin\65e605872ed5d34210f5b33beb13f5a3.php 第 24 行.
NOTIC: [8] Use of undefined constant islock - assumed 'islock' D:\phpStudy\WWW\thinkphpH\Application\Runtime\Cache\Admin\65e605872ed5d34210f5b33beb13f5a3.php 第 70 行.
NOTIC: [8] Use of undefined constant islock - assumed 'islock' D:\phpStudy\WWW\thinkphpH\Application\Runtime\Cache\Admin\65e605872ed5d34210f5b33beb13f5a3.php 第 70 行.
INFO: Run Behavior\ParseTemplateBehavior [ RunTime:0.009000s ]
INFO: [ view_parse ] --END-- [ RunTime:0.009000s ]
INFO: [ view_filter ] --START--
INFO: Run Behavior\WriteHtmlCacheBehavior [ RunTime:0.001000s ]
INFO: [ view_filter ] --END-- [ RunTime:0.001000s ]
INFO: [ app_end ] --START--
INFO: Run Behavior\ShowPageTraceBehavior [ RunTime:0.001000s ]
INFO: [ app_end ] --END-- [ RunTime:0.001000s ]

[ 2018-03-13T17:10:58+08:00 ] ::1 /thinkphpH/admin.php/Index/index.html
INFO: [ app_init ] --START--
INFO: Run Behavior\BuildLiteBehavior [ RunTime:0.000000s ]
INFO: [ app_init ] --END-- [ RunTime:0.001000s ]
INFO: [ app_begin ] --START--
INFO: Run Behavior\ReadHtmlCacheBehavior [ RunTime:0.001000s ]
INFO: [ app_begin ] --END-- [ RunTime:0.001000s ]
SQL: SHOW COLUMNS FROM `xg_site` [ RunTime:0.0180s ]
SQL: SELECT * FROM `xg_site` WHERE `siteid` = 1 LIMIT 1   [ RunTime:0.0000s ]
SQL: SHOW COLUMNS FROM `xg_auth` [ RunTime:0.0080s ]
SQL: SELECT * FROM `xg_auth` WHERE `id` = 1 LIMIT 1   [ RunTime:0.0000s ]
INFO: [ view_parse ] --START--
INFO: [ template_filter ] --START--
INFO: Run Behavior\ContentReplaceBehavior [ RunTime:0.000000s ]
INFO: [ template_filter ] --END-- [ RunTime:0.000000s ]
INFO: Run Behavior\ParseTemplateBehavior [ RunTime:0.021000s ]
INFO: [ view_parse ] --END-- [ RunTime:0.021000s ]
INFO: [ view_filter ] --START--
INFO: Run Behavior\WriteHtmlCacheBehavior [ RunTime:0.001000s ]
INFO: [ view_filter ] --END-- [ RunTime:0.001000s ]
INFO: [ app_end ] --START--
INFO: Run Behavior\ShowPageTraceBehavior [ RunTime:0.001000s ]
INFO: [ app_end ] --END-- [ RunTime:0.001000s ]

[ 2018-03-13T17:10:59+08:00 ] ::1 /thinkphpH/admin.php/index/summarize.html
INFO: [ app_init ] --START--
INFO: Run Behavior\BuildLiteBehavior [ RunTime:0.000000s ]
INFO: [ app_init ] --END-- [ RunTime:0.003000s ]
INFO: [ app_begin ] --START--
INFO: Run Behavior\ReadHtmlCacheBehavior [ RunTime:0.001000s ]
INFO: [ app_begin ] --END-- [ RunTime:0.001000s ]
SQL: SHOW COLUMNS FROM `xg_site` [ RunTime:0.0130s ]
SQL: SELECT * FROM `xg_site` WHERE `siteid` = 1 LIMIT 1   [ RunTime:0.0000s ]
SQL: SHOW COLUMNS FROM `xg_auth` [ RunTime:0.0100s ]
SQL: SELECT * FROM `xg_auth` WHERE `id` = 1 LIMIT 1   [ RunTime:0.0010s ]
SQL: select version() as ver [ RunTime:0.0010s ]
INFO: [ view_parse ] --START--
INFO: [ template_filter ] --START--
INFO: Run Behavior\ContentReplaceBehavior [ RunTime:0.000000s ]
INFO: [ template_filter ] --END-- [ RunTime:0.000000s ]
NOTIC: [8] Undefined variable: sel D:\phpStudy\WWW\thinkphpH\Application\Runtime\Cache\Admin\a91718f612b01347f17fdaf34b340690.php 第 16 行.
NOTIC: [8] Undefined variable: sel D:\phpStudy\WWW\thinkphpH\Application\Runtime\Cache\Admin\a91718f612b01347f17fdaf34b340690.php 第 16 行.
NOTIC: [8] Undefined variable: sel D:\phpStudy\WWW\thinkphpH\Application\Runtime\Cache\Admin\a91718f612b01347f17fdaf34b340690.php 第 16 行.
NOTIC: [8] Undefined variable: sel D:\phpStudy\WWW\thinkphpH\Application\Runtime\Cache\Admin\a91718f612b01347f17fdaf34b340690.php 第 21 行.
NOTIC: [8] Undefined variable: sel D:\phpStudy\WWW\thinkphpH\Application\Runtime\Cache\Admin\a91718f612b01347f17fdaf34b340690.php 第 21 行.
NOTIC: [8] Undefined variable: sel D:\phpStudy\WWW\thinkphpH\Application\Runtime\Cache\Admin\a91718f612b01347f17fdaf34b340690.php 第 21 行.
NOTIC: [8] Undefined variable: sel D:\phpStudy\WWW\thinkphpH\Application\Runtime\Cache\Admin\a91718f612b01347f17fdaf34b340690.php 第 24 行.
INFO: Run Behavior\ParseTemplateBehavior [ RunTime:0.008000s ]
INFO: [ view_parse ] --END-- [ RunTime:0.008000s ]
INFO: [ view_filter ] --START--
INFO: Run Behavior\WriteHtmlCacheBehavior [ RunTime:0.001000s ]
INFO: [ view_filter ] --END-- [ RunTime:0.001000s ]
INFO: [ app_end ] --START--
INFO: Run Behavior\ShowPageTraceBehavior [ RunTime:0.001000s ]
INFO: [ app_end ] --END-- [ RunTime:0.001000s ]

[ 2018-03-13T17:11:00+08:00 ] ::1 /thinkphpH/admin.php/Index/skin-config.html
INFO: [ app_init ] --START--
INFO: Run Behavior\BuildLiteBehavior [ RunTime:0.000000s ]
INFO: [ app_init ] --END-- [ RunTime:0.000000s ]
INFO: [ app_begin ] --START--
INFO: Run Behavior\ReadHtmlCacheBehavior [ RunTime:0.001000s ]
INFO: [ app_begin ] --END-- [ RunTime:0.001000s ]
SQL: SHOW COLUMNS FROM `xg_site` [ RunTime:0.0070s ]
SQL: SELECT * FROM `xg_site` WHERE `siteid` = 1 LIMIT 1   [ RunTime:0.0000s ]
SQL: SHOW COLUMNS FROM `xg_auth` [ RunTime:0.0090s ]
SQL: SELECT * FROM `xg_auth` WHERE `id` = 1 LIMIT 1   [ RunTime:0.0000s ]
ERR: 非法操作:skin-config

